ARM GAS  C:\Users\puria\AppData\Local\Temp\ccMycNzU.s 			page 1


   1              		.syntax unified
   2              		.cpu cortex-m0
   3              		.fpu softvfp
   4              		.eabi_attribute 20, 1
   5              		.eabi_attribute 21, 1
   6              		.eabi_attribute 23, 3
   7              		.eabi_attribute 24, 1
   8              		.eabi_attribute 25, 1
   9              		.eabi_attribute 26, 1
  10              		.eabi_attribute 30, 6
  11              		.eabi_attribute 34, 0
  12              		.eabi_attribute 18, 4
  13              		.thumb
  14              		.syntax unified
  15              		.file	"BLEControl.c"
  16              		.text
  17              	.Ltext0:
  18              		.cfi_sections	.debug_frame
  19              		.section	.text.testUpdateCharacteristic,"ax",%progbits
  20              		.align	2
  21              		.global	testUpdateCharacteristic
  22              		.code	16
  23              		.thumb_func
  24              		.type	testUpdateCharacteristic, %function
  25              	testUpdateCharacteristic:
  26              	.LFB35:
  27              		.file 1 "BLEControl.c"
   1:BLEControl.c  **** /* ========================================
   2:BLEControl.c  ****  *
   3:BLEControl.c  ****  * Copyright YOUR COMPANY, THE YEAR
   4:BLEControl.c  ****  * All Rights Reserved
   5:BLEControl.c  ****  * UNPUBLISHED, LICENSED SOFTWARE.
   6:BLEControl.c  ****  *
   7:BLEControl.c  ****  * CONFIDENTIAL AND PROPRIETARY INFORMATION
   8:BLEControl.c  ****  * WHICH IS THE PROPERTY OF your company.
   9:BLEControl.c  ****  *
  10:BLEControl.c  ****  * ========================================
  11:BLEControl.c  **** */
  12:BLEControl.c  **** 
  13:BLEControl.c  **** /* [] END OF FILE */
  14:BLEControl.c  **** 
  15:BLEControl.c  **** #include "BLEControl.h"
  16:BLEControl.c  **** 
  17:BLEControl.c  **** void testUpdateCharacteristic(){
  28              		.loc 1 17 0
  29              		.cfi_startproc
  30              		@ args = 0, pretend = 0, frame = 16
  31              		@ frame_needed = 1, uses_anonymous_args = 0
  32 0000 80B5     		push	{r7, lr}
  33              		.cfi_def_cfa_offset 8
  34              		.cfi_offset 7, -8
  35              		.cfi_offset 14, -4
  36 0002 84B0     		sub	sp, sp, #16
  37              		.cfi_def_cfa_offset 24
  38 0004 00AF     		add	r7, sp, #0
  39              		.cfi_def_cfa_register 7
  18:BLEControl.c  ****     CYBLE_GATTS_HANDLE_VALUE_NTF_T 	tempHandle;
ARM GAS  C:\Users\puria\AppData\Local\Temp\ccMycNzU.s 			page 2


  19:BLEControl.c  ****    
  20:BLEControl.c  ****     uint8 data = 1u;
  40              		.loc 1 20 0
  41 0006 FB1C     		adds	r3, r7, #3
  42 0008 0122     		movs	r2, #1
  43 000a 1A70     		strb	r2, [r3]
  21:BLEControl.c  ****     if(CyBle_GetState() != CYBLE_STATE_CONNECTED)
  44              		.loc 1 21 0
  45 000c 0B4B     		ldr	r3, .L5
  46 000e 1B78     		ldrb	r3, [r3]
  47 0010 022B     		cmp	r3, #2
  48 0012 0FD1     		bne	.L4
  22:BLEControl.c  ****         return;
  23:BLEControl.c  ****     
  24:BLEControl.c  ****     tempHandle.attrHandle = CYBLE_PERIPHERY_JOYSTICK_1_CHAR_HANDLE;
  49              		.loc 1 24 0
  50 0014 3B1D     		adds	r3, r7, #4
  51 0016 1222     		movs	r2, #18
  52 0018 1A81     		strh	r2, [r3, #8]
  25:BLEControl.c  ****   	tempHandle.value.val = (uint8 *) &data;
  53              		.loc 1 25 0
  54 001a 3B1D     		adds	r3, r7, #4
  55 001c FA1C     		adds	r2, r7, #3
  56 001e 1A60     		str	r2, [r3]
  26:BLEControl.c  ****     tempHandle.value.len = 1;
  57              		.loc 1 26 0
  58 0020 3B1D     		adds	r3, r7, #4
  59 0022 0122     		movs	r2, #1
  60 0024 9A80     		strh	r2, [r3, #4]
  27:BLEControl.c  ****     CyBle_GattsWriteAttributeValue(&tempHandle,0,&cyBle_connHandle,CYBLE_GATT_DB_LOCALLY_INITIATED)
  61              		.loc 1 27 0
  62 0026 064A     		ldr	r2, .L5+4
  63 0028 381D     		adds	r0, r7, #4
  64 002a 0023     		movs	r3, #0
  65 002c 0021     		movs	r1, #0
  66 002e FFF7FEFF 		bl	CyBle_GattsWriteAttributeValue
  67 0032 00E0     		b	.L1
  68              	.L4:
  22:BLEControl.c  ****     
  69              		.loc 1 22 0
  70 0034 C046     		nop
  71              	.L1:
  28:BLEControl.c  **** }
  72              		.loc 1 28 0
  73 0036 BD46     		mov	sp, r7
  74 0038 04B0     		add	sp, sp, #16
  75              		@ sp needed
  76 003a 80BD     		pop	{r7, pc}
  77              	.L6:
  78              		.align	2
  79              	.L5:
  80 003c 00000000 		.word	cyBle_state
  81 0040 00000000 		.word	cyBle_connHandle
  82              		.cfi_endproc
  83              	.LFE35:
  84              		.size	testUpdateCharacteristic, .-testUpdateCharacteristic
  85              		.section	.text.BleCallBack,"ax",%progbits
ARM GAS  C:\Users\puria\AppData\Local\Temp\ccMycNzU.s 			page 3


  86              		.align	2
  87              		.global	BleCallBack
  88              		.code	16
  89              		.thumb_func
  90              		.type	BleCallBack, %function
  91              	BleCallBack:
  92              	.LFB36:
  29:BLEControl.c  **** 
  30:BLEControl.c  **** void BleCallBack(uint32 event, void* eventParam){
  93              		.loc 1 30 0
  94              		.cfi_startproc
  95              		@ args = 0, pretend = 0, frame = 8
  96              		@ frame_needed = 1, uses_anonymous_args = 0
  97 0000 80B5     		push	{r7, lr}
  98              		.cfi_def_cfa_offset 8
  99              		.cfi_offset 7, -8
 100              		.cfi_offset 14, -4
 101 0002 82B0     		sub	sp, sp, #8
 102              		.cfi_def_cfa_offset 16
 103 0004 00AF     		add	r7, sp, #0
 104              		.cfi_def_cfa_register 7
 105 0006 7860     		str	r0, [r7, #4]
 106 0008 3960     		str	r1, [r7]
  31:BLEControl.c  ****     CYBLE_GATTS_WRITE_REQ_PARAM_T *wrReqParam;
  32:BLEControl.c  ****     switch(event){
 107              		.loc 1 32 0
 108 000a 7B68     		ldr	r3, [r7, #4]
 109 000c 282B     		cmp	r3, #40
 110 000e 08D0     		beq	.L9
 111 0010 412B     		cmp	r3, #65
 112 0012 0AD0     		beq	.L10
 113 0014 012B     		cmp	r3, #1
 114 0016 00D0     		beq	.L11
  33:BLEControl.c  ****         /* if there is a disconnect or the stack just turned on from a reset then start the adverti
  34:BLEControl.c  ****         case CYBLE_EVT_STACK_ON:
  35:BLEControl.c  ****             CyBle_GappStartAdvertisement(CYBLE_ADVERTISING_FAST);
  36:BLEControl.c  ****             break;
  37:BLEControl.c  ****         case CYBLE_EVT_GAP_DEVICE_DISCONNECTED://both cases get same handling
  38:BLEControl.c  ****             CyBle_GappStartAdvertisement(CYBLE_ADVERTISING_FAST);//start advertising the database a
  39:BLEControl.c  ****             break;
  40:BLEControl.c  ****         case CYBLE_EVT_GATT_CONNECT_IND:
  41:BLEControl.c  ****             testUpdateCharacteristic();
  42:BLEControl.c  ****             break;
  43:BLEControl.c  ****     }
  44:BLEControl.c  **** }...
 115              		.loc 1 44 0
 116 0018 0AE0     		b	.L12
 117              	.L11:
  35:BLEControl.c  ****             CyBle_GappStartAdvertisement(CYBLE_ADVERTISING_FAST);
 118              		.loc 1 35 0
 119 001a 0020     		movs	r0, #0
 120 001c FFF7FEFF 		bl	CyBle_GappStartAdvertisement
  36:BLEControl.c  ****             break;
 121              		.loc 1 36 0
 122 0020 06E0     		b	.L8
 123              	.L9:
  38:BLEControl.c  ****             CyBle_GappStartAdvertisement(CYBLE_ADVERTISING_FAST);//start advertising the database a
ARM GAS  C:\Users\puria\AppData\Local\Temp\ccMycNzU.s 			page 4


 124              		.loc 1 38 0
 125 0022 0020     		movs	r0, #0
 126 0024 FFF7FEFF 		bl	CyBle_GappStartAdvertisement
  39:BLEControl.c  ****             break;
 127              		.loc 1 39 0
 128 0028 02E0     		b	.L8
 129              	.L10:
  41:BLEControl.c  ****             testUpdateCharacteristic();
 130              		.loc 1 41 0
 131 002a FFF7FEFF 		bl	testUpdateCharacteristic
  42:BLEControl.c  ****             break;
 132              		.loc 1 42 0
 133 002e C046     		nop
 134              	.L8:
 135              	.L12:
 136              		.loc 1 44 0
 137 0030 C046     		nop
 138 0032 BD46     		mov	sp, r7
 139 0034 02B0     		add	sp, sp, #8
 140              		@ sp needed
 141 0036 80BD     		pop	{r7, pc}
 142              		.cfi_endproc
 143              	.LFE36:
 144              		.size	BleCallBack, .-BleCallBack
 145              		.text
 146              	.Letext0:
 147              		.file 2 "Generated_Source\\PSoC4/cytypes.h"
 148              		.file 3 "Generated_Source\\PSoC4/BLE_StackGatt.h"
 149              		.file 4 "Generated_Source\\PSoC4/BLE_StackGattServer.h"
 150              		.file 5 "Generated_Source\\PSoC4/BLE_Stack.h"
 151              		.file 6 "Generated_Source\\PSoC4/BLE_eventHandler.h"
 152              		.section	.debug_info,"",%progbits
 153              	.Ldebug_info0:
 154 0000 1A040000 		.4byte	0x41a
 155 0004 0400     		.2byte	0x4
 156 0006 00000000 		.4byte	.Ldebug_abbrev0
 157 000a 04       		.byte	0x4
 158 000b 01       		.uleb128 0x1
 159 000c F0040000 		.4byte	.LASF114
 160 0010 0C       		.byte	0xc
 161 0011 0C030000 		.4byte	.LASF115
 162 0015 EB030000 		.4byte	.LASF116
 163 0019 00000000 		.4byte	.Ldebug_ranges0+0
 164 001d 00000000 		.4byte	0
 165 0021 00000000 		.4byte	.Ldebug_line0
 166 0025 02       		.uleb128 0x2
 167 0026 01       		.byte	0x1
 168 0027 06       		.byte	0x6
 169 0028 89060000 		.4byte	.LASF0
 170 002c 02       		.uleb128 0x2
 171 002d 01       		.byte	0x1
 172 002e 08       		.byte	0x8
 173 002f 13060000 		.4byte	.LASF1
 174 0033 02       		.uleb128 0x2
 175 0034 02       		.byte	0x2
 176 0035 05       		.byte	0x5
 177 0036 FD000000 		.4byte	.LASF2
ARM GAS  C:\Users\puria\AppData\Local\Temp\ccMycNzU.s 			page 5


 178 003a 02       		.uleb128 0x2
 179 003b 02       		.byte	0x2
 180 003c 07       		.byte	0x7
 181 003d D5070000 		.4byte	.LASF3
 182 0041 02       		.uleb128 0x2
 183 0042 04       		.byte	0x4
 184 0043 05       		.byte	0x5
 185 0044 E2030000 		.4byte	.LASF4
 186 0048 02       		.uleb128 0x2
 187 0049 04       		.byte	0x4
 188 004a 07       		.byte	0x7
 189 004b 1A070000 		.4byte	.LASF5
 190 004f 02       		.uleb128 0x2
 191 0050 08       		.byte	0x8
 192 0051 05       		.byte	0x5
 193 0052 74010000 		.4byte	.LASF6
 194 0056 02       		.uleb128 0x2
 195 0057 08       		.byte	0x8
 196 0058 07       		.byte	0x7
 197 0059 8B030000 		.4byte	.LASF7
 198 005d 03       		.uleb128 0x3
 199 005e 04       		.byte	0x4
 200 005f 05       		.byte	0x5
 201 0060 696E7400 		.ascii	"int\000"
 202 0064 02       		.uleb128 0x2
 203 0065 04       		.byte	0x4
 204 0066 07       		.byte	0x7
 205 0067 F2060000 		.4byte	.LASF8
 206 006b 04       		.uleb128 0x4
 207 006c 9D080000 		.4byte	.LASF9
 208 0070 02       		.byte	0x2
 209 0071 D201     		.2byte	0x1d2
 210 0073 2C000000 		.4byte	0x2c
 211 0077 04       		.uleb128 0x4
 212 0078 3A020000 		.4byte	.LASF10
 213 007c 02       		.byte	0x2
 214 007d D301     		.2byte	0x1d3
 215 007f 3A000000 		.4byte	0x3a
 216 0083 04       		.uleb128 0x4
 217 0084 16090000 		.4byte	.LASF11
 218 0088 02       		.byte	0x2
 219 0089 D401     		.2byte	0x1d4
 220 008b 48000000 		.4byte	0x48
 221 008f 02       		.uleb128 0x2
 222 0090 04       		.byte	0x4
 223 0091 04       		.byte	0x4
 224 0092 22030000 		.4byte	.LASF12
 225 0096 02       		.uleb128 0x2
 226 0097 08       		.byte	0x8
 227 0098 04       		.byte	0x4
 228 0099 69090000 		.4byte	.LASF13
 229 009d 02       		.uleb128 0x2
 230 009e 01       		.byte	0x1
 231 009f 08       		.byte	0x8
 232 00a0 50080000 		.4byte	.LASF14
 233 00a4 02       		.uleb128 0x2
 234 00a5 08       		.byte	0x8
ARM GAS  C:\Users\puria\AppData\Local\Temp\ccMycNzU.s 			page 6


 235 00a6 04       		.byte	0x4
 236 00a7 E1050000 		.4byte	.LASF15
 237 00ab 02       		.uleb128 0x2
 238 00ac 04       		.byte	0x4
 239 00ad 07       		.byte	0x7
 240 00ae 3F010000 		.4byte	.LASF16
 241 00b2 05       		.uleb128 0x5
 242 00b3 04       		.byte	0x4
 243 00b4 06       		.uleb128 0x6
 244 00b5 04       		.byte	0x4
 245 00b6 6B000000 		.4byte	0x6b
 246 00ba 07       		.uleb128 0x7
 247 00bb 01       		.byte	0x1
 248 00bc 2C000000 		.4byte	0x2c
 249 00c0 05       		.byte	0x5
 250 00c1 4D01     		.2byte	0x14d
 251 00c3 78020000 		.4byte	0x278
 252 00c7 08       		.uleb128 0x8
 253 00c8 A5020000 		.4byte	.LASF17
 254 00cc 00       		.byte	0
 255 00cd 08       		.uleb128 0x8
 256 00ce BE010000 		.4byte	.LASF18
 257 00d2 01       		.byte	0x1
 258 00d3 08       		.uleb128 0x8
 259 00d4 DE0A0000 		.4byte	.LASF19
 260 00d8 02       		.byte	0x2
 261 00d9 08       		.uleb128 0x8
 262 00da EF090000 		.4byte	.LASF20
 263 00de 03       		.byte	0x3
 264 00df 08       		.uleb128 0x8
 265 00e0 88010000 		.4byte	.LASF21
 266 00e4 04       		.byte	0x4
 267 00e5 08       		.uleb128 0x8
 268 00e6 90040000 		.4byte	.LASF22
 269 00ea 05       		.byte	0x5
 270 00eb 08       		.uleb128 0x8
 271 00ec 84000000 		.4byte	.LASF23
 272 00f0 06       		.byte	0x6
 273 00f1 08       		.uleb128 0x8
 274 00f2 4D0A0000 		.4byte	.LASF24
 275 00f6 20       		.byte	0x20
 276 00f7 08       		.uleb128 0x8
 277 00f8 2C070000 		.4byte	.LASF25
 278 00fc 21       		.byte	0x21
 279 00fd 08       		.uleb128 0x8
 280 00fe 14000000 		.4byte	.LASF26
 281 0102 22       		.byte	0x22
 282 0103 08       		.uleb128 0x8
 283 0104 CA040000 		.4byte	.LASF27
 284 0108 23       		.byte	0x23
 285 0109 08       		.uleb128 0x8
 286 010a D6060000 		.4byte	.LASF28
 287 010e 24       		.byte	0x24
 288 010f 08       		.uleb128 0x8
 289 0110 07010000 		.4byte	.LASF29
 290 0114 25       		.byte	0x25
 291 0115 08       		.uleb128 0x8
ARM GAS  C:\Users\puria\AppData\Local\Temp\ccMycNzU.s 			page 7


 292 0116 47040000 		.4byte	.LASF30
 293 011a 26       		.byte	0x26
 294 011b 08       		.uleb128 0x8
 295 011c 28040000 		.4byte	.LASF31
 296 0120 27       		.byte	0x27
 297 0121 08       		.uleb128 0x8
 298 0122 B7000000 		.4byte	.LASF32
 299 0126 28       		.byte	0x28
 300 0127 08       		.uleb128 0x8
 301 0128 72070000 		.4byte	.LASF33
 302 012c 29       		.byte	0x29
 303 012d 08       		.uleb128 0x8
 304 012e 00080000 		.4byte	.LASF34
 305 0132 2A       		.byte	0x2a
 306 0133 08       		.uleb128 0x8
 307 0134 140B0000 		.4byte	.LASF35
 308 0138 2B       		.byte	0x2b
 309 0139 08       		.uleb128 0x8
 310 013a 41020000 		.4byte	.LASF36
 311 013e 2C       		.byte	0x2c
 312 013f 08       		.uleb128 0x8
 313 0140 41030000 		.4byte	.LASF37
 314 0144 2D       		.byte	0x2d
 315 0145 08       		.uleb128 0x8
 316 0146 D9000000 		.4byte	.LASF38
 317 014a 2E       		.byte	0x2e
 318 014b 08       		.uleb128 0x8
 319 014c 0E0C0000 		.4byte	.LASF39
 320 0150 2F       		.byte	0x2f
 321 0151 08       		.uleb128 0x8
 322 0152 48010000 		.4byte	.LASF40
 323 0156 30       		.byte	0x30
 324 0157 08       		.uleb128 0x8
 325 0158 BD050000 		.4byte	.LASF41
 326 015c 31       		.byte	0x31
 327 015d 08       		.uleb128 0x8
 328 015e 6A030000 		.4byte	.LASF42
 329 0162 32       		.byte	0x32
 330 0163 08       		.uleb128 0x8
 331 0164 29080000 		.4byte	.LASF43
 332 0168 33       		.byte	0x33
 333 0169 08       		.uleb128 0x8
 334 016a 9A070000 		.4byte	.LASF44
 335 016e 34       		.byte	0x34
 336 016f 08       		.uleb128 0x8
 337 0170 D2090000 		.4byte	.LASF45
 338 0174 35       		.byte	0x35
 339 0175 08       		.uleb128 0x8
 340 0176 A2030000 		.4byte	.LASF46
 341 017a 36       		.byte	0x36
 342 017b 08       		.uleb128 0x8
 343 017c E7010000 		.4byte	.LASF47
 344 0180 37       		.byte	0x37
 345 0181 08       		.uleb128 0x8
 346 0182 9D000000 		.4byte	.LASF48
 347 0186 40       		.byte	0x40
 348 0187 08       		.uleb128 0x8
ARM GAS  C:\Users\puria\AppData\Local\Temp\ccMycNzU.s 			page 8


 349 0188 FF060000 		.4byte	.LASF49
 350 018c 41       		.byte	0x41
 351 018d 08       		.uleb128 0x8
 352 018e 21010000 		.4byte	.LASF50
 353 0192 42       		.byte	0x42
 354 0193 08       		.uleb128 0x8
 355 0194 1C020000 		.4byte	.LASF51
 356 0198 43       		.byte	0x43
 357 0199 08       		.uleb128 0x8
 358 019a C00A0000 		.4byte	.LASF52
 359 019e 44       		.byte	0x44
 360 019f 08       		.uleb128 0x8
 361 01a0 7B0A0000 		.4byte	.LASF53
 362 01a4 45       		.byte	0x45
 363 01a5 08       		.uleb128 0x8
 364 01a6 9D010000 		.4byte	.LASF54
 365 01aa 46       		.byte	0x46
 366 01ab 08       		.uleb128 0x8
 367 01ac 6B060000 		.4byte	.LASF55
 368 01b0 47       		.byte	0x47
 369 01b1 08       		.uleb128 0x8
 370 01b2 AF060000 		.4byte	.LASF56
 371 01b6 48       		.byte	0x48
 372 01b7 08       		.uleb128 0x8
 373 01b8 28030000 		.4byte	.LASF57
 374 01bc 49       		.byte	0x49
 375 01bd 08       		.uleb128 0x8
 376 01be C1080000 		.4byte	.LASF58
 377 01c2 4A       		.byte	0x4a
 378 01c3 08       		.uleb128 0x8
 379 01c4 65020000 		.4byte	.LASF59
 380 01c8 4B       		.byte	0x4b
 381 01c9 08       		.uleb128 0x8
 382 01ca 95060000 		.4byte	.LASF60
 383 01ce 4C       		.byte	0x4c
 384 01cf 08       		.uleb128 0x8
 385 01d0 6A000000 		.4byte	.LASF61
 386 01d4 4D       		.byte	0x4d
 387 01d5 08       		.uleb128 0x8
 388 01d6 A20A0000 		.4byte	.LASF62
 389 01da 4E       		.byte	0x4e
 390 01db 08       		.uleb128 0x8
 391 01dc 21060000 		.4byte	.LASF63
 392 01e0 4F       		.byte	0x4f
 393 01e1 08       		.uleb128 0x8
 394 01e2 920B0000 		.4byte	.LASF64
 395 01e6 50       		.byte	0x50
 396 01e7 08       		.uleb128 0x8
 397 01e8 F7080000 		.4byte	.LASF65
 398 01ec 51       		.byte	0x51
 399 01ed 08       		.uleb128 0x8
 400 01ee 6F040000 		.4byte	.LASF66
 401 01f2 52       		.byte	0x52
 402 01f3 08       		.uleb128 0x8
 403 01f4 7E050000 		.4byte	.LASF67
 404 01f8 53       		.byte	0x53
 405 01f9 08       		.uleb128 0x8
ARM GAS  C:\Users\puria\AppData\Local\Temp\ccMycNzU.s 			page 9


 406 01fa 84020000 		.4byte	.LASF68
 407 01fe 54       		.byte	0x54
 408 01ff 08       		.uleb128 0x8
 409 0200 D80B0000 		.4byte	.LASF69
 410 0204 55       		.byte	0x55
 411 0205 08       		.uleb128 0x8
 412 0206 6A0B0000 		.4byte	.LASF70
 413 020a 56       		.byte	0x56
 414 020b 08       		.uleb128 0x8
 415 020c 410B0000 		.4byte	.LASF71
 416 0210 57       		.byte	0x57
 417 0211 08       		.uleb128 0x8
 418 0212 B2070000 		.4byte	.LASF72
 419 0216 58       		.byte	0x58
 420 0217 08       		.uleb128 0x8
 421 0218 ED050000 		.4byte	.LASF73
 422 021c 70       		.byte	0x70
 423 021d 08       		.uleb128 0x8
 424 021e 270A0000 		.4byte	.LASF74
 425 0222 71       		.byte	0x71
 426 0223 08       		.uleb128 0x8
 427 0224 68080000 		.4byte	.LASF75
 428 0228 72       		.byte	0x72
 429 0229 08       		.uleb128 0x8
 430 022a CD020000 		.4byte	.LASF76
 431 022e 73       		.byte	0x73
 432 022f 08       		.uleb128 0x8
 433 0230 9F050000 		.4byte	.LASF77
 434 0234 74       		.byte	0x74
 435 0235 08       		.uleb128 0x8
 436 0236 51070000 		.4byte	.LASF78
 437 023a 75       		.byte	0x75
 438 023b 08       		.uleb128 0x8
 439 023c EB020000 		.4byte	.LASF79
 440 0240 76       		.byte	0x76
 441 0241 08       		.uleb128 0x8
 442 0242 080A0000 		.4byte	.LASF80
 443 0246 77       		.byte	0x77
 444 0247 08       		.uleb128 0x8
 445 0248 3B090000 		.4byte	.LASF81
 446 024c 78       		.byte	0x78
 447 024d 08       		.uleb128 0x8
 448 024e A3090000 		.4byte	.LASF82
 449 0252 79       		.byte	0x79
 450 0253 08       		.uleb128 0x8
 451 0254 F00A0000 		.4byte	.LASF83
 452 0258 7A       		.byte	0x7a
 453 0259 08       		.uleb128 0x8
 454 025a 1D090000 		.4byte	.LASF84
 455 025e FA       		.byte	0xfa
 456 025f 08       		.uleb128 0x8
 457 0260 4C060000 		.4byte	.LASF85
 458 0264 FB       		.byte	0xfb
 459 0265 08       		.uleb128 0x8
 460 0266 FC0B0000 		.4byte	.LASF86
 461 026a FC       		.byte	0xfc
 462 026b 08       		.uleb128 0x8
ARM GAS  C:\Users\puria\AppData\Local\Temp\ccMycNzU.s 			page 10


 463 026c E8070000 		.4byte	.LASF87
 464 0270 FD       		.byte	0xfd
 465 0271 08       		.uleb128 0x8
 466 0272 330B0000 		.4byte	.LASF88
 467 0276 FF       		.byte	0xff
 468 0277 00       		.byte	0
 469 0278 04       		.uleb128 0x4
 470 0279 B10B0000 		.4byte	.LASF89
 471 027d 03       		.byte	0x3
 472 027e 8901     		.2byte	0x189
 473 0280 77000000 		.4byte	0x77
 474 0284 09       		.uleb128 0x9
 475 0285 02       		.byte	0x2
 476 0286 03       		.byte	0x3
 477 0287 9301     		.2byte	0x193
 478 0289 A8020000 		.4byte	0x2a8
 479 028d 0A       		.uleb128 0xa
 480 028e 19030000 		.4byte	.LASF90
 481 0292 03       		.byte	0x3
 482 0293 9A01     		.2byte	0x19a
 483 0295 6B000000 		.4byte	0x6b
 484 0299 00       		.byte	0
 485 029a 0A       		.uleb128 0xa
 486 029b 370C0000 		.4byte	.LASF91
 487 029f 03       		.byte	0x3
 488 02a0 A001     		.2byte	0x1a0
 489 02a2 6B000000 		.4byte	0x6b
 490 02a6 01       		.byte	0x1
 491 02a7 00       		.byte	0
 492 02a8 04       		.uleb128 0x4
 493 02a9 70090000 		.4byte	.LASF92
 494 02ad 03       		.byte	0x3
 495 02ae A201     		.2byte	0x1a2
 496 02b0 84020000 		.4byte	0x284
 497 02b4 09       		.uleb128 0x9
 498 02b5 08       		.byte	0x8
 499 02b6 03       		.byte	0x3
 500 02b7 BE01     		.2byte	0x1be
 501 02b9 E5020000 		.4byte	0x2e5
 502 02bd 0B       		.uleb128 0xb
 503 02be 76616C00 		.ascii	"val\000"
 504 02c2 03       		.byte	0x3
 505 02c3 C101     		.2byte	0x1c1
 506 02c5 B4000000 		.4byte	0xb4
 507 02c9 00       		.byte	0
 508 02ca 0B       		.uleb128 0xb
 509 02cb 6C656E00 		.ascii	"len\000"
 510 02cf 03       		.byte	0x3
 511 02d0 C401     		.2byte	0x1c4
 512 02d2 77000000 		.4byte	0x77
 513 02d6 04       		.byte	0x4
 514 02d7 0A       		.uleb128 0xa
 515 02d8 710A0000 		.4byte	.LASF93
 516 02dc 03       		.byte	0x3
 517 02dd CB01     		.2byte	0x1cb
 518 02df 77000000 		.4byte	0x77
 519 02e3 06       		.byte	0x6
ARM GAS  C:\Users\puria\AppData\Local\Temp\ccMycNzU.s 			page 11


 520 02e4 00       		.byte	0
 521 02e5 04       		.uleb128 0x4
 522 02e6 55080000 		.4byte	.LASF94
 523 02ea 03       		.byte	0x3
 524 02eb CD01     		.2byte	0x1cd
 525 02ed B4020000 		.4byte	0x2b4
 526 02f1 09       		.uleb128 0x9
 527 02f2 0C       		.byte	0xc
 528 02f3 03       		.byte	0x3
 529 02f4 D001     		.2byte	0x1d0
 530 02f6 15030000 		.4byte	0x315
 531 02fa 0A       		.uleb128 0xa
 532 02fb 8C0B0000 		.4byte	.LASF95
 533 02ff 03       		.byte	0x3
 534 0300 D301     		.2byte	0x1d3
 535 0302 E5020000 		.4byte	0x2e5
 536 0306 00       		.byte	0
 537 0307 0A       		.uleb128 0xa
 538 0308 5E090000 		.4byte	.LASF96
 539 030c 03       		.byte	0x3
 540 030d D601     		.2byte	0x1d6
 541 030f 78020000 		.4byte	0x278
 542 0313 08       		.byte	0x8
 543 0314 00       		.byte	0
 544 0315 04       		.uleb128 0x4
 545 0316 84090000 		.4byte	.LASF97
 546 031a 03       		.byte	0x3
 547 031b D801     		.2byte	0x1d8
 548 031d F1020000 		.4byte	0x2f1
 549 0321 0C       		.uleb128 0xc
 550 0322 C3030000 		.4byte	.LASF98
 551 0326 04       		.byte	0x4
 552 0327 34       		.byte	0x34
 553 0328 15030000 		.4byte	0x315
 554 032c 0D       		.uleb128 0xd
 555 032d 10       		.byte	0x10
 556 032e 04       		.byte	0x4
 557 032f 8A       		.byte	0x8a
 558 0330 4D030000 		.4byte	0x34d
 559 0334 0E       		.uleb128 0xe
 560 0335 8F070000 		.4byte	.LASF99
 561 0339 04       		.byte	0x4
 562 033a 8D       		.byte	0x8d
 563 033b A8020000 		.4byte	0x2a8
 564 033f 00       		.byte	0
 565 0340 0E       		.uleb128 0xe
 566 0341 A3080000 		.4byte	.LASF100
 567 0345 04       		.byte	0x4
 568 0346 90       		.byte	0x90
 569 0347 15030000 		.4byte	0x315
 570 034b 04       		.byte	0x4
 571 034c 00       		.byte	0
 572 034d 0C       		.uleb128 0xc
 573 034e AC040000 		.4byte	.LASF101
 574 0352 04       		.byte	0x4
 575 0353 92       		.byte	0x92
 576 0354 2C030000 		.4byte	0x32c
ARM GAS  C:\Users\puria\AppData\Local\Temp\ccMycNzU.s 			page 12


 577 0358 07       		.uleb128 0x7
 578 0359 01       		.byte	0x1
 579 035a 2C000000 		.4byte	0x2c
 580 035e 06       		.byte	0x6
 581 035f 5008     		.2byte	0x850
 582 0361 84030000 		.4byte	0x384
 583 0365 08       		.uleb128 0x8
 584 0366 00000000 		.4byte	.LASF102
 585 036a 00       		.byte	0
 586 036b 08       		.uleb128 0x8
 587 036c 51000000 		.4byte	.LASF103
 588 0370 01       		.byte	0x1
 589 0371 08       		.uleb128 0x8
 590 0372 D1010000 		.4byte	.LASF104
 591 0376 02       		.byte	0x2
 592 0377 08       		.uleb128 0x8
 593 0378 DF080000 		.4byte	.LASF105
 594 037c 03       		.byte	0x3
 595 037d 08       		.uleb128 0x8
 596 037e 84080000 		.4byte	.LASF106
 597 0382 04       		.byte	0x4
 598 0383 00       		.byte	0
 599 0384 04       		.uleb128 0x4
 600 0385 43070000 		.4byte	.LASF107
 601 0389 06       		.byte	0x6
 602 038a 5E08     		.2byte	0x85e
 603 038c 58030000 		.4byte	0x358
 604 0390 0F       		.uleb128 0xf
 605 0391 38000000 		.4byte	.LASF117
 606 0395 01       		.byte	0x1
 607 0396 11       		.byte	0x11
 608 0397 00000000 		.4byte	.LFB35
 609 039b 44000000 		.4byte	.LFE35-.LFB35
 610 039f 01       		.uleb128 0x1
 611 03a0 9C       		.byte	0x9c
 612 03a1 C2030000 		.4byte	0x3c2
 613 03a5 10       		.uleb128 0x10
 614 03a6 B6080000 		.4byte	.LASF108
 615 03aa 01       		.byte	0x1
 616 03ab 12       		.byte	0x12
 617 03ac 21030000 		.4byte	0x321
 618 03b0 02       		.uleb128 0x2
 619 03b1 91       		.byte	0x91
 620 03b2 6C       		.sleb128 -20
 621 03b3 10       		.uleb128 0x10
 622 03b4 B1080000 		.4byte	.LASF109
 623 03b8 01       		.byte	0x1
 624 03b9 14       		.byte	0x14
 625 03ba 6B000000 		.4byte	0x6b
 626 03be 02       		.uleb128 0x2
 627 03bf 91       		.byte	0x91
 628 03c0 6B       		.sleb128 -21
 629 03c1 00       		.byte	0
 630 03c2 11       		.uleb128 0x11
 631 03c3 C6090000 		.4byte	.LASF118
 632 03c7 01       		.byte	0x1
 633 03c8 1E       		.byte	0x1e
ARM GAS  C:\Users\puria\AppData\Local\Temp\ccMycNzU.s 			page 13


 634 03c9 00000000 		.4byte	.LFB36
 635 03cd 38000000 		.4byte	.LFE36-.LFB36
 636 03d1 01       		.uleb128 0x1
 637 03d2 9C       		.byte	0x9c
 638 03d3 FF030000 		.4byte	0x3ff
 639 03d7 12       		.uleb128 0x12
 640 03d8 82010000 		.4byte	.LASF110
 641 03dc 01       		.byte	0x1
 642 03dd 1E       		.byte	0x1e
 643 03de 83000000 		.4byte	0x83
 644 03e2 02       		.uleb128 0x2
 645 03e3 91       		.byte	0x91
 646 03e4 74       		.sleb128 -12
 647 03e5 12       		.uleb128 0x12
 648 03e6 CD0B0000 		.4byte	.LASF111
 649 03ea 01       		.byte	0x1
 650 03eb 1E       		.byte	0x1e
 651 03ec B2000000 		.4byte	0xb2
 652 03f0 02       		.uleb128 0x2
 653 03f1 91       		.byte	0x91
 654 03f2 70       		.sleb128 -16
 655 03f3 13       		.uleb128 0x13
 656 03f4 69010000 		.4byte	.LASF119
 657 03f8 01       		.byte	0x1
 658 03f9 1F       		.byte	0x1f
 659 03fa FF030000 		.4byte	0x3ff
 660 03fe 00       		.byte	0
 661 03ff 06       		.uleb128 0x6
 662 0400 04       		.byte	0x4
 663 0401 4D030000 		.4byte	0x34d
 664 0405 14       		.uleb128 0x14
 665 0406 40060000 		.4byte	.LASF112
 666 040a 06       		.byte	0x6
 667 040b A90A     		.2byte	0xaa9
 668 040d 84030000 		.4byte	0x384
 669 0411 14       		.uleb128 0x14
 670 0412 BC020000 		.4byte	.LASF113
 671 0416 06       		.byte	0x6
 672 0417 AA0A     		.2byte	0xaaa
 673 0419 A8020000 		.4byte	0x2a8
 674 041d 00       		.byte	0
 675              		.section	.debug_abbrev,"",%progbits
 676              	.Ldebug_abbrev0:
 677 0000 01       		.uleb128 0x1
 678 0001 11       		.uleb128 0x11
 679 0002 01       		.byte	0x1
 680 0003 25       		.uleb128 0x25
 681 0004 0E       		.uleb128 0xe
 682 0005 13       		.uleb128 0x13
 683 0006 0B       		.uleb128 0xb
 684 0007 03       		.uleb128 0x3
 685 0008 0E       		.uleb128 0xe
 686 0009 1B       		.uleb128 0x1b
 687 000a 0E       		.uleb128 0xe
 688 000b 55       		.uleb128 0x55
 689 000c 17       		.uleb128 0x17
 690 000d 11       		.uleb128 0x11
ARM GAS  C:\Users\puria\AppData\Local\Temp\ccMycNzU.s 			page 14


 691 000e 01       		.uleb128 0x1
 692 000f 10       		.uleb128 0x10
 693 0010 17       		.uleb128 0x17
 694 0011 00       		.byte	0
 695 0012 00       		.byte	0
 696 0013 02       		.uleb128 0x2
 697 0014 24       		.uleb128 0x24
 698 0015 00       		.byte	0
 699 0016 0B       		.uleb128 0xb
 700 0017 0B       		.uleb128 0xb
 701 0018 3E       		.uleb128 0x3e
 702 0019 0B       		.uleb128 0xb
 703 001a 03       		.uleb128 0x3
 704 001b 0E       		.uleb128 0xe
 705 001c 00       		.byte	0
 706 001d 00       		.byte	0
 707 001e 03       		.uleb128 0x3
 708 001f 24       		.uleb128 0x24
 709 0020 00       		.byte	0
 710 0021 0B       		.uleb128 0xb
 711 0022 0B       		.uleb128 0xb
 712 0023 3E       		.uleb128 0x3e
 713 0024 0B       		.uleb128 0xb
 714 0025 03       		.uleb128 0x3
 715 0026 08       		.uleb128 0x8
 716 0027 00       		.byte	0
 717 0028 00       		.byte	0
 718 0029 04       		.uleb128 0x4
 719 002a 16       		.uleb128 0x16
 720 002b 00       		.byte	0
 721 002c 03       		.uleb128 0x3
 722 002d 0E       		.uleb128 0xe
 723 002e 3A       		.uleb128 0x3a
 724 002f 0B       		.uleb128 0xb
 725 0030 3B       		.uleb128 0x3b
 726 0031 05       		.uleb128 0x5
 727 0032 49       		.uleb128 0x49
 728 0033 13       		.uleb128 0x13
 729 0034 00       		.byte	0
 730 0035 00       		.byte	0
 731 0036 05       		.uleb128 0x5
 732 0037 0F       		.uleb128 0xf
 733 0038 00       		.byte	0
 734 0039 0B       		.uleb128 0xb
 735 003a 0B       		.uleb128 0xb
 736 003b 00       		.byte	0
 737 003c 00       		.byte	0
 738 003d 06       		.uleb128 0x6
 739 003e 0F       		.uleb128 0xf
 740 003f 00       		.byte	0
 741 0040 0B       		.uleb128 0xb
 742 0041 0B       		.uleb128 0xb
 743 0042 49       		.uleb128 0x49
 744 0043 13       		.uleb128 0x13
 745 0044 00       		.byte	0
 746 0045 00       		.byte	0
 747 0046 07       		.uleb128 0x7
ARM GAS  C:\Users\puria\AppData\Local\Temp\ccMycNzU.s 			page 15


 748 0047 04       		.uleb128 0x4
 749 0048 01       		.byte	0x1
 750 0049 0B       		.uleb128 0xb
 751 004a 0B       		.uleb128 0xb
 752 004b 49       		.uleb128 0x49
 753 004c 13       		.uleb128 0x13
 754 004d 3A       		.uleb128 0x3a
 755 004e 0B       		.uleb128 0xb
 756 004f 3B       		.uleb128 0x3b
 757 0050 05       		.uleb128 0x5
 758 0051 01       		.uleb128 0x1
 759 0052 13       		.uleb128 0x13
 760 0053 00       		.byte	0
 761 0054 00       		.byte	0
 762 0055 08       		.uleb128 0x8
 763 0056 28       		.uleb128 0x28
 764 0057 00       		.byte	0
 765 0058 03       		.uleb128 0x3
 766 0059 0E       		.uleb128 0xe
 767 005a 1C       		.uleb128 0x1c
 768 005b 0B       		.uleb128 0xb
 769 005c 00       		.byte	0
 770 005d 00       		.byte	0
 771 005e 09       		.uleb128 0x9
 772 005f 13       		.uleb128 0x13
 773 0060 01       		.byte	0x1
 774 0061 0B       		.uleb128 0xb
 775 0062 0B       		.uleb128 0xb
 776 0063 3A       		.uleb128 0x3a
 777 0064 0B       		.uleb128 0xb
 778 0065 3B       		.uleb128 0x3b
 779 0066 05       		.uleb128 0x5
 780 0067 01       		.uleb128 0x1
 781 0068 13       		.uleb128 0x13
 782 0069 00       		.byte	0
 783 006a 00       		.byte	0
 784 006b 0A       		.uleb128 0xa
 785 006c 0D       		.uleb128 0xd
 786 006d 00       		.byte	0
 787 006e 03       		.uleb128 0x3
 788 006f 0E       		.uleb128 0xe
 789 0070 3A       		.uleb128 0x3a
 790 0071 0B       		.uleb128 0xb
 791 0072 3B       		.uleb128 0x3b
 792 0073 05       		.uleb128 0x5
 793 0074 49       		.uleb128 0x49
 794 0075 13       		.uleb128 0x13
 795 0076 38       		.uleb128 0x38
 796 0077 0B       		.uleb128 0xb
 797 0078 00       		.byte	0
 798 0079 00       		.byte	0
 799 007a 0B       		.uleb128 0xb
 800 007b 0D       		.uleb128 0xd
 801 007c 00       		.byte	0
 802 007d 03       		.uleb128 0x3
 803 007e 08       		.uleb128 0x8
 804 007f 3A       		.uleb128 0x3a
ARM GAS  C:\Users\puria\AppData\Local\Temp\ccMycNzU.s 			page 16


 805 0080 0B       		.uleb128 0xb
 806 0081 3B       		.uleb128 0x3b
 807 0082 05       		.uleb128 0x5
 808 0083 49       		.uleb128 0x49
 809 0084 13       		.uleb128 0x13
 810 0085 38       		.uleb128 0x38
 811 0086 0B       		.uleb128 0xb
 812 0087 00       		.byte	0
 813 0088 00       		.byte	0
 814 0089 0C       		.uleb128 0xc
 815 008a 16       		.uleb128 0x16
 816 008b 00       		.byte	0
 817 008c 03       		.uleb128 0x3
 818 008d 0E       		.uleb128 0xe
 819 008e 3A       		.uleb128 0x3a
 820 008f 0B       		.uleb128 0xb
 821 0090 3B       		.uleb128 0x3b
 822 0091 0B       		.uleb128 0xb
 823 0092 49       		.uleb128 0x49
 824 0093 13       		.uleb128 0x13
 825 0094 00       		.byte	0
 826 0095 00       		.byte	0
 827 0096 0D       		.uleb128 0xd
 828 0097 13       		.uleb128 0x13
 829 0098 01       		.byte	0x1
 830 0099 0B       		.uleb128 0xb
 831 009a 0B       		.uleb128 0xb
 832 009b 3A       		.uleb128 0x3a
 833 009c 0B       		.uleb128 0xb
 834 009d 3B       		.uleb128 0x3b
 835 009e 0B       		.uleb128 0xb
 836 009f 01       		.uleb128 0x1
 837 00a0 13       		.uleb128 0x13
 838 00a1 00       		.byte	0
 839 00a2 00       		.byte	0
 840 00a3 0E       		.uleb128 0xe
 841 00a4 0D       		.uleb128 0xd
 842 00a5 00       		.byte	0
 843 00a6 03       		.uleb128 0x3
 844 00a7 0E       		.uleb128 0xe
 845 00a8 3A       		.uleb128 0x3a
 846 00a9 0B       		.uleb128 0xb
 847 00aa 3B       		.uleb128 0x3b
 848 00ab 0B       		.uleb128 0xb
 849 00ac 49       		.uleb128 0x49
 850 00ad 13       		.uleb128 0x13
 851 00ae 38       		.uleb128 0x38
 852 00af 0B       		.uleb128 0xb
 853 00b0 00       		.byte	0
 854 00b1 00       		.byte	0
 855 00b2 0F       		.uleb128 0xf
 856 00b3 2E       		.uleb128 0x2e
 857 00b4 01       		.byte	0x1
 858 00b5 3F       		.uleb128 0x3f
 859 00b6 19       		.uleb128 0x19
 860 00b7 03       		.uleb128 0x3
 861 00b8 0E       		.uleb128 0xe
ARM GAS  C:\Users\puria\AppData\Local\Temp\ccMycNzU.s 			page 17


 862 00b9 3A       		.uleb128 0x3a
 863 00ba 0B       		.uleb128 0xb
 864 00bb 3B       		.uleb128 0x3b
 865 00bc 0B       		.uleb128 0xb
 866 00bd 11       		.uleb128 0x11
 867 00be 01       		.uleb128 0x1
 868 00bf 12       		.uleb128 0x12
 869 00c0 06       		.uleb128 0x6
 870 00c1 40       		.uleb128 0x40
 871 00c2 18       		.uleb128 0x18
 872 00c3 9642     		.uleb128 0x2116
 873 00c5 19       		.uleb128 0x19
 874 00c6 01       		.uleb128 0x1
 875 00c7 13       		.uleb128 0x13
 876 00c8 00       		.byte	0
 877 00c9 00       		.byte	0
 878 00ca 10       		.uleb128 0x10
 879 00cb 34       		.uleb128 0x34
 880 00cc 00       		.byte	0
 881 00cd 03       		.uleb128 0x3
 882 00ce 0E       		.uleb128 0xe
 883 00cf 3A       		.uleb128 0x3a
 884 00d0 0B       		.uleb128 0xb
 885 00d1 3B       		.uleb128 0x3b
 886 00d2 0B       		.uleb128 0xb
 887 00d3 49       		.uleb128 0x49
 888 00d4 13       		.uleb128 0x13
 889 00d5 02       		.uleb128 0x2
 890 00d6 18       		.uleb128 0x18
 891 00d7 00       		.byte	0
 892 00d8 00       		.byte	0
 893 00d9 11       		.uleb128 0x11
 894 00da 2E       		.uleb128 0x2e
 895 00db 01       		.byte	0x1
 896 00dc 3F       		.uleb128 0x3f
 897 00dd 19       		.uleb128 0x19
 898 00de 03       		.uleb128 0x3
 899 00df 0E       		.uleb128 0xe
 900 00e0 3A       		.uleb128 0x3a
 901 00e1 0B       		.uleb128 0xb
 902 00e2 3B       		.uleb128 0x3b
 903 00e3 0B       		.uleb128 0xb
 904 00e4 27       		.uleb128 0x27
 905 00e5 19       		.uleb128 0x19
 906 00e6 11       		.uleb128 0x11
 907 00e7 01       		.uleb128 0x1
 908 00e8 12       		.uleb128 0x12
 909 00e9 06       		.uleb128 0x6
 910 00ea 40       		.uleb128 0x40
 911 00eb 18       		.uleb128 0x18
 912 00ec 9642     		.uleb128 0x2116
 913 00ee 19       		.uleb128 0x19
 914 00ef 01       		.uleb128 0x1
 915 00f0 13       		.uleb128 0x13
 916 00f1 00       		.byte	0
 917 00f2 00       		.byte	0
 918 00f3 12       		.uleb128 0x12
ARM GAS  C:\Users\puria\AppData\Local\Temp\ccMycNzU.s 			page 18


 919 00f4 05       		.uleb128 0x5
 920 00f5 00       		.byte	0
 921 00f6 03       		.uleb128 0x3
 922 00f7 0E       		.uleb128 0xe
 923 00f8 3A       		.uleb128 0x3a
 924 00f9 0B       		.uleb128 0xb
 925 00fa 3B       		.uleb128 0x3b
 926 00fb 0B       		.uleb128 0xb
 927 00fc 49       		.uleb128 0x49
 928 00fd 13       		.uleb128 0x13
 929 00fe 02       		.uleb128 0x2
 930 00ff 18       		.uleb128 0x18
 931 0100 00       		.byte	0
 932 0101 00       		.byte	0
 933 0102 13       		.uleb128 0x13
 934 0103 34       		.uleb128 0x34
 935 0104 00       		.byte	0
 936 0105 03       		.uleb128 0x3
 937 0106 0E       		.uleb128 0xe
 938 0107 3A       		.uleb128 0x3a
 939 0108 0B       		.uleb128 0xb
 940 0109 3B       		.uleb128 0x3b
 941 010a 0B       		.uleb128 0xb
 942 010b 49       		.uleb128 0x49
 943 010c 13       		.uleb128 0x13
 944 010d 00       		.byte	0
 945 010e 00       		.byte	0
 946 010f 14       		.uleb128 0x14
 947 0110 34       		.uleb128 0x34
 948 0111 00       		.byte	0
 949 0112 03       		.uleb128 0x3
 950 0113 0E       		.uleb128 0xe
 951 0114 3A       		.uleb128 0x3a
 952 0115 0B       		.uleb128 0xb
 953 0116 3B       		.uleb128 0x3b
 954 0117 05       		.uleb128 0x5
 955 0118 49       		.uleb128 0x49
 956 0119 13       		.uleb128 0x13
 957 011a 3F       		.uleb128 0x3f
 958 011b 19       		.uleb128 0x19
 959 011c 3C       		.uleb128 0x3c
 960 011d 19       		.uleb128 0x19
 961 011e 00       		.byte	0
 962 011f 00       		.byte	0
 963 0120 00       		.byte	0
 964              		.section	.debug_aranges,"",%progbits
 965 0000 24000000 		.4byte	0x24
 966 0004 0200     		.2byte	0x2
 967 0006 00000000 		.4byte	.Ldebug_info0
 968 000a 04       		.byte	0x4
 969 000b 00       		.byte	0
 970 000c 0000     		.2byte	0
 971 000e 0000     		.2byte	0
 972 0010 00000000 		.4byte	.LFB35
 973 0014 44000000 		.4byte	.LFE35-.LFB35
 974 0018 00000000 		.4byte	.LFB36
 975 001c 38000000 		.4byte	.LFE36-.LFB36
ARM GAS  C:\Users\puria\AppData\Local\Temp\ccMycNzU.s 			page 19


 976 0020 00000000 		.4byte	0
 977 0024 00000000 		.4byte	0
 978              		.section	.debug_ranges,"",%progbits
 979              	.Ldebug_ranges0:
 980 0000 00000000 		.4byte	.LFB35
 981 0004 44000000 		.4byte	.LFE35
 982 0008 00000000 		.4byte	.LFB36
 983 000c 38000000 		.4byte	.LFE36
 984 0010 00000000 		.4byte	0
 985 0014 00000000 		.4byte	0
 986              		.section	.debug_line,"",%progbits
 987              	.Ldebug_line0:
 988 0000 D1000000 		.section	.debug_str,"MS",%progbits,1
 988      02009800 
 988      00000201 
 988      FB0E0D00 
 988      01010101 
 989              	.LASF102:
 990 0000 4359424C 		.ascii	"CYBLE_STATE_STOPPED\000"
 990      455F5354 
 990      4154455F 
 990      53544F50 
 990      50454400 
 991              	.LASF26:
 992 0014 4359424C 		.ascii	"CYBLE_EVT_GAP_PASSKEY_ENTRY_REQUEST\000"
 992      455F4556 
 992      545F4741 
 992      505F5041 
 992      53534B45 
 993              	.LASF117:
 994 0038 74657374 		.ascii	"testUpdateCharacteristic\000"
 994      55706461 
 994      74654368 
 994      61726163 
 994      74657269 
 995              	.LASF103:
 996 0051 4359424C 		.ascii	"CYBLE_STATE_INITIALIZING\000"
 996      455F5354 
 996      4154455F 
 996      494E4954 
 996      49414C49 
 997              	.LASF61:
 998 006a 4359424C 		.ascii	"CYBLE_EVT_GATTC_WRITE_RSP\000"
 998      455F4556 
 998      545F4741 
 998      5454435F 
 998      57524954 
 999              	.LASF23:
 1000 0084 4359424C 		.ascii	"CYBLE_EVT_MEMORY_REQUEST\000"
 1000      455F4556 
 1000      545F4D45 
 1000      4D4F5259 
 1000      5F524551 
 1001              	.LASF48:
 1002 009d 4359424C 		.ascii	"CYBLE_EVT_GATTC_ERROR_RSP\000"
 1002      455F4556 
 1002      545F4741 
ARM GAS  C:\Users\puria\AppData\Local\Temp\ccMycNzU.s 			page 20


 1002      5454435F 
 1002      4552524F 
 1003              	.LASF32:
 1004 00b7 4359424C 		.ascii	"CYBLE_EVT_GAP_DEVICE_DISCONNECTED\000"
 1004      455F4556 
 1004      545F4741 
 1004      505F4445 
 1004      56494345 
 1005              	.LASF38:
 1006 00d9 4359424C 		.ascii	"CYBLE_EVT_GAP_KEYPRESS_NOTIFICATION\000"
 1006      455F4556 
 1006      545F4741 
 1006      505F4B45 
 1006      59505245 
 1007              	.LASF2:
 1008 00fd 73686F72 		.ascii	"short int\000"
 1008      7420696E 
 1008      7400
 1009              	.LASF29:
 1010 0107 4359424C 		.ascii	"CYBLE_EVT_GAP_AUTH_FAILED\000"
 1010      455F4556 
 1010      545F4741 
 1010      505F4155 
 1010      54485F46 
 1011              	.LASF50:
 1012 0121 4359424C 		.ascii	"CYBLE_EVT_GATT_DISCONNECT_IND\000"
 1012      455F4556 
 1012      545F4741 
 1012      54545F44 
 1012      4953434F 
 1013              	.LASF16:
 1014 013f 73697A65 		.ascii	"sizetype\000"
 1014      74797065 
 1014      00
 1015              	.LASF40:
 1016 0148 4359424C 		.ascii	"CYBLE_EVT_GAP_DATA_LENGTH_CHANGE\000"
 1016      455F4556 
 1016      545F4741 
 1016      505F4441 
 1016      54415F4C 
 1017              	.LASF119:
 1018 0169 77725265 		.ascii	"wrReqParam\000"
 1018      71506172 
 1018      616D00
 1019              	.LASF6:
 1020 0174 6C6F6E67 		.ascii	"long long int\000"
 1020      206C6F6E 
 1020      6720696E 
 1020      7400
 1021              	.LASF110:
 1022 0182 6576656E 		.ascii	"event\000"
 1022      7400
 1023              	.LASF21:
 1024 0188 4359424C 		.ascii	"CYBLE_EVT_HCI_STATUS\000"
 1024      455F4556 
 1024      545F4843 
 1024      495F5354 
ARM GAS  C:\Users\puria\AppData\Local\Temp\ccMycNzU.s 			page 21


 1024      41545553 
 1025              	.LASF54:
 1026 019d 4359424C 		.ascii	"CYBLE_EVT_GATTC_READ_BY_TYPE_RSP\000"
 1026      455F4556 
 1026      545F4741 
 1026      5454435F 
 1026      52454144 
 1027              	.LASF18:
 1028 01be 4359424C 		.ascii	"CYBLE_EVT_STACK_ON\000"
 1028      455F4556 
 1028      545F5354 
 1028      41434B5F 
 1028      4F4E00
 1029              	.LASF104:
 1030 01d1 4359424C 		.ascii	"CYBLE_STATE_CONNECTED\000"
 1030      455F5354 
 1030      4154455F 
 1030      434F4E4E 
 1030      45435445 
 1031              	.LASF47:
 1032 01e7 4359424C 		.ascii	"CYBLE_EVT_GAP_SMP_LOC_P256_KEYS_GEN_AND_SET_COMPLET"
 1032      455F4556 
 1032      545F4741 
 1032      505F534D 
 1032      505F4C4F 
 1033 021a 4500     		.ascii	"E\000"
 1034              	.LASF51:
 1035 021c 4359424C 		.ascii	"CYBLE_EVT_GATTS_XCNHG_MTU_REQ\000"
 1035      455F4556 
 1035      545F4741 
 1035      5454535F 
 1035      58434E48 
 1036              	.LASF10:
 1037 023a 75696E74 		.ascii	"uint16\000"
 1037      313600
 1038              	.LASF36:
 1039 0241 4359424C 		.ascii	"CYBLE_EVT_GAP_KEYINFO_EXCHNGE_CMPLT\000"
 1039      455F4556 
 1039      545F4741 
 1039      505F4B45 
 1039      59494E46 
 1040              	.LASF59:
 1041 0265 4359424C 		.ascii	"CYBLE_EVT_GATTC_READ_MULTI_RSP\000"
 1041      455F4556 
 1041      545F4741 
 1041      5454435F 
 1041      52454144 
 1042              	.LASF68:
 1043 0284 4359424C 		.ascii	"CYBLE_EVT_GATTS_HANDLE_VALUE_CNF\000"
 1043      455F4556 
 1043      545F4741 
 1043      5454535F 
 1043      48414E44 
 1044              	.LASF17:
 1045 02a5 4359424C 		.ascii	"CYBLE_EVT_HOST_INVALID\000"
 1045      455F4556 
 1045      545F484F 
ARM GAS  C:\Users\puria\AppData\Local\Temp\ccMycNzU.s 			page 22


 1045      53545F49 
 1045      4E56414C 
 1046              	.LASF113:
 1047 02bc 6379426C 		.ascii	"cyBle_connHandle\000"
 1047      655F636F 
 1047      6E6E4861 
 1047      6E646C65 
 1047      00
 1048              	.LASF76:
 1049 02cd 4359424C 		.ascii	"CYBLE_EVT_L2CAP_CBFC_CONN_IND\000"
 1049      455F4556 
 1049      545F4C32 
 1049      4341505F 
 1049      43424643 
 1050              	.LASF79:
 1051 02eb 4359424C 		.ascii	"CYBLE_EVT_L2CAP_CBFC_DISCONN_CNF\000"
 1051      455F4556 
 1051      545F4C32 
 1051      4341505F 
 1051      43424643 
 1052              	.LASF115:
 1053 030c 424C4543 		.ascii	"BLEControl.c\000"
 1053      6F6E7472 
 1053      6F6C2E63 
 1053      00
 1054              	.LASF90:
 1055 0319 62644861 		.ascii	"bdHandle\000"
 1055      6E646C65 
 1055      00
 1056              	.LASF12:
 1057 0322 666C6F61 		.ascii	"float\000"
 1057      7400
 1058              	.LASF57:
 1059 0328 4359424C 		.ascii	"CYBLE_EVT_GATTC_READ_RSP\000"
 1059      455F4556 
 1059      545F4741 
 1059      5454435F 
 1059      52454144 
 1060              	.LASF37:
 1061 0341 4359424C 		.ascii	"CYBLE_EVT_GAP_NUMERIC_COMPARISON_REQUEST\000"
 1061      455F4556 
 1061      545F4741 
 1061      505F4E55 
 1061      4D455249 
 1062              	.LASF42:
 1063 036a 4359424C 		.ascii	"CYBLE_EVT_GAPC_DIRECT_ADV_REPORT\000"
 1063      455F4556 
 1063      545F4741 
 1063      50435F44 
 1063      49524543 
 1064              	.LASF7:
 1065 038b 6C6F6E67 		.ascii	"long long unsigned int\000"
 1065      206C6F6E 
 1065      6720756E 
 1065      7369676E 
 1065      65642069 
 1066              	.LASF46:
ARM GAS  C:\Users\puria\AppData\Local\Temp\ccMycNzU.s 			page 23


 1067 03a2 4359424C 		.ascii	"CYBLE_EVT_GAP_AUTH_REQ_REPLY_ERR\000"
 1067      455F4556 
 1067      545F4741 
 1067      505F4155 
 1067      54485F52 
 1068              	.LASF98:
 1069 03c3 4359424C 		.ascii	"CYBLE_GATTS_HANDLE_VALUE_NTF_T\000"
 1069      455F4741 
 1069      5454535F 
 1069      48414E44 
 1069      4C455F56 
 1070              	.LASF4:
 1071 03e2 6C6F6E67 		.ascii	"long int\000"
 1071      20696E74 
 1071      00
 1072              	.LASF116:
 1073 03eb 433A5C55 		.ascii	"C:\\Users\\puria\\Documents\\GitHub\\able\\psoc\\mu"
 1073      73657273 
 1073      5C707572 
 1073      69615C44 
 1073      6F63756D 
 1074 0417 6C746963 		.ascii	"lticon_ble.cydsn\000"
 1074      6F6E5F62 
 1074      6C652E63 
 1074      7964736E 
 1074      00
 1075              	.LASF31:
 1076 0428 4359424C 		.ascii	"CYBLE_EVT_GAP_DEVICE_CONNECTED\000"
 1076      455F4556 
 1076      545F4741 
 1076      505F4445 
 1076      56494345 
 1077              	.LASF30:
 1078 0447 4359424C 		.ascii	"CYBLE_EVT_GAPP_ADVERTISEMENT_START_STOP\000"
 1078      455F4556 
 1078      545F4741 
 1078      50505F41 
 1078      44564552 
 1079              	.LASF66:
 1080 046f 4359424C 		.ascii	"CYBLE_EVT_GATTC_HANDLE_VALUE_NTF\000"
 1080      455F4556 
 1080      545F4741 
 1080      5454435F 
 1080      48414E44 
 1081              	.LASF22:
 1082 0490 4359424C 		.ascii	"CYBLE_EVT_STACK_BUSY_STATUS\000"
 1082      455F4556 
 1082      545F5354 
 1082      41434B5F 
 1082      42555359 
 1083              	.LASF101:
 1084 04ac 4359424C 		.ascii	"CYBLE_GATTS_WRITE_REQ_PARAM_T\000"
 1084      455F4741 
 1084      5454535F 
 1084      57524954 
 1084      455F5245 
 1085              	.LASF27:
ARM GAS  C:\Users\puria\AppData\Local\Temp\ccMycNzU.s 			page 24


 1086 04ca 4359424C 		.ascii	"CYBLE_EVT_GAP_PASSKEY_DISPLAY_REQUEST\000"
 1086      455F4556 
 1086      545F4741 
 1086      505F5041 
 1086      53534B45 
 1087              	.LASF114:
 1088 04f0 474E5520 		.ascii	"GNU C11 5.4.1 20160609 (release) [ARM/embedded-5-br"
 1088      43313120 
 1088      352E342E 
 1088      31203230 
 1088      31363036 
 1089 0523 616E6368 		.ascii	"anch revision 237715] -mcpu=cortex-m0 -mthumb -g -O"
 1089      20726576 
 1089      6973696F 
 1089      6E203233 
 1089      37373135 
 1090 0556 30202D66 		.ascii	"0 -ffunction-sections -ffat-lto-objects\000"
 1090      66756E63 
 1090      74696F6E 
 1090      2D736563 
 1090      74696F6E 
 1091              	.LASF67:
 1092 057e 4359424C 		.ascii	"CYBLE_EVT_GATTC_HANDLE_VALUE_IND\000"
 1092      455F4556 
 1092      545F4741 
 1092      5454435F 
 1092      48414E44 
 1093              	.LASF77:
 1094 059f 4359424C 		.ascii	"CYBLE_EVT_L2CAP_CBFC_CONN_CNF\000"
 1094      455F4556 
 1094      545F4C32 
 1094      4341505F 
 1094      43424643 
 1095              	.LASF41:
 1096 05bd 4359424C 		.ascii	"CYBLE_EVT_GAP_ENHANCE_CONN_COMPLETE\000"
 1096      455F4556 
 1096      545F4741 
 1096      505F454E 
 1096      48414E43 
 1097              	.LASF15:
 1098 05e1 6C6F6E67 		.ascii	"long double\000"
 1098      20646F75 
 1098      626C6500 
 1099              	.LASF73:
 1100 05ed 4359424C 		.ascii	"CYBLE_EVT_L2CAP_CONN_PARAM_UPDATE_REQ\000"
 1100      455F4556 
 1100      545F4C32 
 1100      4341505F 
 1100      434F4E4E 
 1101              	.LASF1:
 1102 0613 756E7369 		.ascii	"unsigned char\000"
 1102      676E6564 
 1102      20636861 
 1102      7200
 1103              	.LASF63:
 1104 0621 4359424C 		.ascii	"CYBLE_EVT_GATTS_PREP_WRITE_REQ\000"
 1104      455F4556 
ARM GAS  C:\Users\puria\AppData\Local\Temp\ccMycNzU.s 			page 25


 1104      545F4741 
 1104      5454535F 
 1104      50524550 
 1105              	.LASF112:
 1106 0640 6379426C 		.ascii	"cyBle_state\000"
 1106      655F7374 
 1106      61746500 
 1107              	.LASF85:
 1108 064c 4359424C 		.ascii	"CYBLE_EVT_LE_PING_AUTH_TIMEOUT\000"
 1108      455F4556 
 1108      545F4C45 
 1108      5F50494E 
 1108      475F4155 
 1109              	.LASF55:
 1110 066b 4359424C 		.ascii	"CYBLE_EVT_GATTC_FIND_INFO_RSP\000"
 1110      455F4556 
 1110      545F4741 
 1110      5454435F 
 1110      46494E44 
 1111              	.LASF0:
 1112 0689 7369676E 		.ascii	"signed char\000"
 1112      65642063 
 1112      68617200 
 1113              	.LASF60:
 1114 0695 4359424C 		.ascii	"CYBLE_EVT_GATTS_WRITE_REQ\000"
 1114      455F4556 
 1114      545F4741 
 1114      5454535F 
 1114      57524954 
 1115              	.LASF56:
 1116 06af 4359424C 		.ascii	"CYBLE_EVT_GATTC_FIND_BY_TYPE_VALUE_RSP\000"
 1116      455F4556 
 1116      545F4741 
 1116      5454435F 
 1116      46494E44 
 1117              	.LASF28:
 1118 06d6 4359424C 		.ascii	"CYBLE_EVT_GAP_AUTH_COMPLETE\000"
 1118      455F4556 
 1118      545F4741 
 1118      505F4155 
 1118      54485F43 
 1119              	.LASF8:
 1120 06f2 756E7369 		.ascii	"unsigned int\000"
 1120      676E6564 
 1120      20696E74 
 1120      00
 1121              	.LASF49:
 1122 06ff 4359424C 		.ascii	"CYBLE_EVT_GATT_CONNECT_IND\000"
 1122      455F4556 
 1122      545F4741 
 1122      54545F43 
 1122      4F4E4E45 
 1123              	.LASF5:
 1124 071a 6C6F6E67 		.ascii	"long unsigned int\000"
 1124      20756E73 
 1124      69676E65 
 1124      6420696E 
ARM GAS  C:\Users\puria\AppData\Local\Temp\ccMycNzU.s 			page 26


 1124      7400
 1125              	.LASF25:
 1126 072c 4359424C 		.ascii	"CYBLE_EVT_GAP_AUTH_REQ\000"
 1126      455F4556 
 1126      545F4741 
 1126      505F4155 
 1126      54485F52 
 1127              	.LASF107:
 1128 0743 4359424C 		.ascii	"CYBLE_STATE_T\000"
 1128      455F5354 
 1128      4154455F 
 1128      5400
 1129              	.LASF78:
 1130 0751 4359424C 		.ascii	"CYBLE_EVT_L2CAP_CBFC_DISCONN_IND\000"
 1130      455F4556 
 1130      545F4C32 
 1130      4341505F 
 1130      43424643 
 1131              	.LASF33:
 1132 0772 4359424C 		.ascii	"CYBLE_EVT_GAP_ENCRYPT_CHANGE\000"
 1132      455F4556 
 1132      545F4741 
 1132      505F454E 
 1132      43525950 
 1133              	.LASF99:
 1134 078f 636F6E6E 		.ascii	"connHandle\000"
 1134      48616E64 
 1134      6C6500
 1135              	.LASF44:
 1136 079a 4359424C 		.ascii	"CYBLE_EVT_GAP_CONN_ESTB\000"
 1136      455F4556 
 1136      545F4741 
 1136      505F434F 
 1136      4E4E5F45 
 1137              	.LASF72:
 1138 07b2 4359424C 		.ascii	"CYBLE_EVT_GATTC_LONG_PROCEDURE_END\000"
 1138      455F4556 
 1138      545F4741 
 1138      5454435F 
 1138      4C4F4E47 
 1139              	.LASF3:
 1140 07d5 73686F72 		.ascii	"short unsigned int\000"
 1140      7420756E 
 1140      7369676E 
 1140      65642069 
 1140      6E7400
 1141              	.LASF87:
 1142 07e8 4359424C 		.ascii	"CYBLE_EVT_FLASH_CORRUPT\000"
 1142      455F4556 
 1142      545F464C 
 1142      4153485F 
 1142      434F5252 
 1143              	.LASF34:
 1144 0800 4359424C 		.ascii	"CYBLE_EVT_GAP_CONNECTION_UPDATE_COMPLETE\000"
 1144      455F4556 
 1144      545F4741 
 1144      505F434F 
ARM GAS  C:\Users\puria\AppData\Local\Temp\ccMycNzU.s 			page 27


 1144      4E4E4543 
 1145              	.LASF43:
 1146 0829 4359424C 		.ascii	"CYBLE_EVT_GAP_SMP_NEGOTIATED_AUTH_INFO\000"
 1146      455F4556 
 1146      545F4741 
 1146      505F534D 
 1146      505F4E45 
 1147              	.LASF14:
 1148 0850 63686172 		.ascii	"char\000"
 1148      00
 1149              	.LASF94:
 1150 0855 4359424C 		.ascii	"CYBLE_GATT_VALUE_T\000"
 1150      455F4741 
 1150      54545F56 
 1150      414C5545 
 1150      5F5400
 1151              	.LASF75:
 1152 0868 4359424C 		.ascii	"CYBLE_EVT_L2CAP_COMMAND_REJ\000"
 1152      455F4556 
 1152      545F4C32 
 1152      4341505F 
 1152      434F4D4D 
 1153              	.LASF106:
 1154 0884 4359424C 		.ascii	"CYBLE_STATE_DISCONNECTED\000"
 1154      455F5354 
 1154      4154455F 
 1154      44495343 
 1154      4F4E4E45 
 1155              	.LASF9:
 1156 089d 75696E74 		.ascii	"uint8\000"
 1156      3800
 1157              	.LASF100:
 1158 08a3 68616E64 		.ascii	"handleValPair\000"
 1158      6C655661 
 1158      6C506169 
 1158      7200
 1159              	.LASF109:
 1160 08b1 64617461 		.ascii	"data\000"
 1160      00
 1161              	.LASF108:
 1162 08b6 74656D70 		.ascii	"tempHandle\000"
 1162      48616E64 
 1162      6C6500
 1163              	.LASF58:
 1164 08c1 4359424C 		.ascii	"CYBLE_EVT_GATTC_READ_BLOB_RSP\000"
 1164      455F4556 
 1164      545F4741 
 1164      5454435F 
 1164      52454144 
 1165              	.LASF105:
 1166 08df 4359424C 		.ascii	"CYBLE_STATE_ADVERTISING\000"
 1166      455F5354 
 1166      4154455F 
 1166      41445645 
 1166      52544953 
 1167              	.LASF65:
 1168 08f7 4359424C 		.ascii	"CYBLE_EVT_GATTC_EXEC_WRITE_RSP\000"
ARM GAS  C:\Users\puria\AppData\Local\Temp\ccMycNzU.s 			page 28


 1168      455F4556 
 1168      545F4741 
 1168      5454435F 
 1168      45584543 
 1169              	.LASF11:
 1170 0916 75696E74 		.ascii	"uint32\000"
 1170      333200
 1171              	.LASF84:
 1172 091d 4359424C 		.ascii	"CYBLE_EVT_PENDING_FLASH_WRITE\000"
 1172      455F4556 
 1172      545F5045 
 1172      4E44494E 
 1172      475F464C 
 1173              	.LASF81:
 1174 093b 4359424C 		.ascii	"CYBLE_EVT_L2CAP_CBFC_RX_CREDIT_IND\000"
 1174      455F4556 
 1174      545F4C32 
 1174      4341505F 
 1174      43424643 
 1175              	.LASF96:
 1176 095e 61747472 		.ascii	"attrHandle\000"
 1176      48616E64 
 1176      6C6500
 1177              	.LASF13:
 1178 0969 646F7562 		.ascii	"double\000"
 1178      6C6500
 1179              	.LASF92:
 1180 0970 4359424C 		.ascii	"CYBLE_CONN_HANDLE_T\000"
 1180      455F434F 
 1180      4E4E5F48 
 1180      414E444C 
 1180      455F5400 
 1181              	.LASF97:
 1182 0984 4359424C 		.ascii	"CYBLE_GATT_HANDLE_VALUE_PAIR_T\000"
 1182      455F4741 
 1182      54545F48 
 1182      414E444C 
 1182      455F5641 
 1183              	.LASF82:
 1184 09a3 4359424C 		.ascii	"CYBLE_EVT_L2CAP_CBFC_TX_CREDIT_IND\000"
 1184      455F4556 
 1184      545F4C32 
 1184      4341505F 
 1184      43424643 
 1185              	.LASF118:
 1186 09c6 426C6543 		.ascii	"BleCallBack\000"
 1186      616C6C42 
 1186      61636B00 
 1187              	.LASF45:
 1188 09d2 4359424C 		.ascii	"CYBLE_EVT_GAP_SCAN_REQ_RECVD\000"
 1188      455F4556 
 1188      545F4741 
 1188      505F5343 
 1188      414E5F52 
 1189              	.LASF20:
 1190 09ef 4359424C 		.ascii	"CYBLE_EVT_HARDWARE_ERROR\000"
 1190      455F4556 
ARM GAS  C:\Users\puria\AppData\Local\Temp\ccMycNzU.s 			page 29


 1190      545F4841 
 1190      52445741 
 1190      52455F45 
 1191              	.LASF80:
 1192 0a08 4359424C 		.ascii	"CYBLE_EVT_L2CAP_CBFC_DATA_READ\000"
 1192      455F4556 
 1192      545F4C32 
 1192      4341505F 
 1192      43424643 
 1193              	.LASF74:
 1194 0a27 4359424C 		.ascii	"CYBLE_EVT_L2CAP_CONN_PARAM_UPDATE_RSP\000"
 1194      455F4556 
 1194      545F4C32 
 1194      4341505F 
 1194      434F4E4E 
 1195              	.LASF24:
 1196 0a4d 4359424C 		.ascii	"CYBLE_EVT_GAPC_SCAN_PROGRESS_RESULT\000"
 1196      455F4556 
 1196      545F4741 
 1196      50435F53 
 1196      43414E5F 
 1197              	.LASF93:
 1198 0a71 61637475 		.ascii	"actualLen\000"
 1198      616C4C65 
 1198      6E00
 1199              	.LASF53:
 1200 0a7b 4359424C 		.ascii	"CYBLE_EVT_GATTC_READ_BY_GROUP_TYPE_RSP\000"
 1200      455F4556 
 1200      545F4741 
 1200      5454435F 
 1200      52454144 
 1201              	.LASF62:
 1202 0aa2 4359424C 		.ascii	"CYBLE_EVT_GATTS_WRITE_CMD_REQ\000"
 1202      455F4556 
 1202      545F4741 
 1202      5454535F 
 1202      57524954 
 1203              	.LASF52:
 1204 0ac0 4359424C 		.ascii	"CYBLE_EVT_GATTC_XCHNG_MTU_RSP\000"
 1204      455F4556 
 1204      545F4741 
 1204      5454435F 
 1204      5843484E 
 1205              	.LASF19:
 1206 0ade 4359424C 		.ascii	"CYBLE_EVT_TIMEOUT\000"
 1206      455F4556 
 1206      545F5449 
 1206      4D454F55 
 1206      5400
 1207              	.LASF83:
 1208 0af0 4359424C 		.ascii	"CYBLE_EVT_L2CAP_CBFC_DATA_WRITE_IND\000"
 1208      455F4556 
 1208      545F4C32 
 1208      4341505F 
 1208      43424643 
 1209              	.LASF35:
 1210 0b14 4359424C 		.ascii	"CYBLE_EVT_GAPC_SCAN_START_STOP\000"
ARM GAS  C:\Users\puria\AppData\Local\Temp\ccMycNzU.s 			page 30


 1210      455F4556 
 1210      545F4741 
 1210      50435F53 
 1210      43414E5F 
 1211              	.LASF88:
 1212 0b33 4359424C 		.ascii	"CYBLE_EVT_MAX\000"
 1212      455F4556 
 1212      545F4D41 
 1212      5800
 1213              	.LASF71:
 1214 0b41 4359424C 		.ascii	"CYBLE_EVT_GATTS_READ_CHAR_VAL_ACCESS_REQ\000"
 1214      455F4556 
 1214      545F4741 
 1214      5454535F 
 1214      52454144 
 1215              	.LASF70:
 1216 0b6a 4359424C 		.ascii	"CYBLE_EVT_GATTC_STOP_CMD_COMPLETE\000"
 1216      455F4556 
 1216      545F4741 
 1216      5454435F 
 1216      53544F50 
 1217              	.LASF95:
 1218 0b8c 76616C75 		.ascii	"value\000"
 1218      6500
 1219              	.LASF64:
 1220 0b92 4359424C 		.ascii	"CYBLE_EVT_GATTS_EXEC_WRITE_REQ\000"
 1220      455F4556 
 1220      545F4741 
 1220      5454535F 
 1220      45584543 
 1221              	.LASF89:
 1222 0bb1 4359424C 		.ascii	"CYBLE_GATT_DB_ATTR_HANDLE_T\000"
 1222      455F4741 
 1222      54545F44 
 1222      425F4154 
 1222      54525F48 
 1223              	.LASF111:
 1224 0bcd 6576656E 		.ascii	"eventParam\000"
 1224      74506172 
 1224      616D00
 1225              	.LASF69:
 1226 0bd8 4359424C 		.ascii	"CYBLE_EVT_GATTS_DATA_SIGNED_CMD_REQ\000"
 1226      455F4556 
 1226      545F4741 
 1226      5454535F 
 1226      44415441 
 1227              	.LASF86:
 1228 0bfc 4359424C 		.ascii	"CYBLE_EVT_HCI_PKT\000"
 1228      455F4556 
 1228      545F4843 
 1228      495F504B 
 1228      5400
 1229              	.LASF39:
 1230 0c0e 4359424C 		.ascii	"CYBLE_EVT_GAP_OOB_GENERATED_NOTIFICATION\000"
 1230      455F4556 
 1230      545F4741 
 1230      505F4F4F 
ARM GAS  C:\Users\puria\AppData\Local\Temp\ccMycNzU.s 			page 31


 1230      425F4745 
 1231              	.LASF91:
 1232 0c37 61747449 		.ascii	"attId\000"
 1232      6400
 1233              		.ident	"GCC: (GNU Tools for ARM Embedded Processors) 5.4.1 20160609 (release) [ARM/embedded-5-bran
