ARM GAS  C:\Users\puria\AppData\Local\Temp\ccLtF2Ac.s 			page 1


   1              		.syntax unified
   2              		.cpu cortex-m0
   3              		.fpu softvfp
   4              		.eabi_attribute 20, 1
   5              		.eabi_attribute 21, 1
   6              		.eabi_attribute 23, 3
   7              		.eabi_attribute 24, 1
   8              		.eabi_attribute 25, 1
   9              		.eabi_attribute 26, 1
  10              		.eabi_attribute 30, 6
  11              		.eabi_attribute 34, 0
  12              		.eabi_attribute 18, 4
  13              		.thumb
  14              		.syntax unified
  15              		.file	"LEDControl.c"
  16              		.text
  17              	.Ltext0:
  18              		.cfi_sections	.debug_frame
  19              		.section	.text.delay,"ax",%progbits
  20              		.align	2
  21              		.global	delay
  22              		.code	16
  23              		.thumb_func
  24              		.type	delay, %function
  25              	delay:
  26              	.LFB35:
  27              		.file 1 "LEDControl.c"
   1:LEDControl.c  **** /* ========================================
   2:LEDControl.c  ****  *
   3:LEDControl.c  ****  * Copyright YOUR COMPANY, THE YEAR
   4:LEDControl.c  ****  * All Rights Reserved
   5:LEDControl.c  ****  * UNPUBLISHED, LICENSED SOFTWARE.
   6:LEDControl.c  ****  *
   7:LEDControl.c  ****  * CONFIDENTIAL AND PROPRIETARY INFORMATION
   8:LEDControl.c  ****  * WHICH IS THE PROPERTY OF your company.
   9:LEDControl.c  ****  *
  10:LEDControl.c  ****  * ========================================
  11:LEDControl.c  **** */
  12:LEDControl.c  **** 
  13:LEDControl.c  **** /* [] END OF FILE */
  14:LEDControl.c  **** 
  15:LEDControl.c  **** #include "LEDControl.h"
  16:LEDControl.c  **** 
  17:LEDControl.c  **** void delay(){
  28              		.loc 1 17 0
  29              		.cfi_startproc
  30              		@ args = 0, pretend = 0, frame = 8
  31              		@ frame_needed = 1, uses_anonymous_args = 0
  32 0000 80B5     		push	{r7, lr}
  33              		.cfi_def_cfa_offset 8
  34              		.cfi_offset 7, -8
  35              		.cfi_offset 14, -4
  36 0002 82B0     		sub	sp, sp, #8
  37              		.cfi_def_cfa_offset 16
  38 0004 00AF     		add	r7, sp, #0
  39              		.cfi_def_cfa_register 7
  40              	.LBB2:
ARM GAS  C:\Users\puria\AppData\Local\Temp\ccLtF2Ac.s 			page 2


  18:LEDControl.c  ****  for(int i=0; i<1000000;i++){}  
  41              		.loc 1 18 0
  42 0006 0023     		movs	r3, #0
  43 0008 7B60     		str	r3, [r7, #4]
  44 000a 02E0     		b	.L2
  45              	.L3:
  46              		.loc 1 18 0 is_stmt 0 discriminator 3
  47 000c 7B68     		ldr	r3, [r7, #4]
  48 000e 0133     		adds	r3, r3, #1
  49 0010 7B60     		str	r3, [r7, #4]
  50              	.L2:
  51              		.loc 1 18 0 discriminator 1
  52 0012 7B68     		ldr	r3, [r7, #4]
  53 0014 034A     		ldr	r2, .L4
  54 0016 9342     		cmp	r3, r2
  55 0018 F8DD     		ble	.L3
  56              	.LBE2:
  19:LEDControl.c  **** }
  57              		.loc 1 19 0 is_stmt 1
  58 001a C046     		nop
  59 001c BD46     		mov	sp, r7
  60 001e 02B0     		add	sp, sp, #8
  61              		@ sp needed
  62 0020 80BD     		pop	{r7, pc}
  63              	.L5:
  64 0022 C046     		.align	2
  65              	.L4:
  66 0024 3F420F00 		.word	999999
  67              		.cfi_endproc
  68              	.LFE35:
  69              		.size	delay, .-delay
  70              		.section	.text.LED_ON,"ax",%progbits
  71              		.align	2
  72              		.global	LED_ON
  73              		.code	16
  74              		.thumb_func
  75              		.type	LED_ON, %function
  76              	LED_ON:
  77              	.LFB36:
  20:LEDControl.c  **** 
  21:LEDControl.c  **** void LED_ON(){
  78              		.loc 1 21 0
  79              		.cfi_startproc
  80              		@ args = 0, pretend = 0, frame = 0
  81              		@ frame_needed = 1, uses_anonymous_args = 0
  82 0000 80B5     		push	{r7, lr}
  83              		.cfi_def_cfa_offset 8
  84              		.cfi_offset 7, -8
  85              		.cfi_offset 14, -4
  86 0002 00AF     		add	r7, sp, #0
  87              		.cfi_def_cfa_register 7
  22:LEDControl.c  ****     LED_Write(0u);
  88              		.loc 1 22 0
  89 0004 0020     		movs	r0, #0
  90 0006 FFF7FEFF 		bl	LED_Write
  23:LEDControl.c  **** }
  91              		.loc 1 23 0
ARM GAS  C:\Users\puria\AppData\Local\Temp\ccLtF2Ac.s 			page 3


  92 000a C046     		nop
  93 000c BD46     		mov	sp, r7
  94              		@ sp needed
  95 000e 80BD     		pop	{r7, pc}
  96              		.cfi_endproc
  97              	.LFE36:
  98              		.size	LED_ON, .-LED_ON
  99              		.section	.text.LED_OFF,"ax",%progbits
 100              		.align	2
 101              		.global	LED_OFF
 102              		.code	16
 103              		.thumb_func
 104              		.type	LED_OFF, %function
 105              	LED_OFF:
 106              	.LFB37:
  24:LEDControl.c  **** 
  25:LEDControl.c  **** void LED_OFF(){
 107              		.loc 1 25 0
 108              		.cfi_startproc
 109              		@ args = 0, pretend = 0, frame = 0
 110              		@ frame_needed = 1, uses_anonymous_args = 0
 111 0000 80B5     		push	{r7, lr}
 112              		.cfi_def_cfa_offset 8
 113              		.cfi_offset 7, -8
 114              		.cfi_offset 14, -4
 115 0002 00AF     		add	r7, sp, #0
 116              		.cfi_def_cfa_register 7
  26:LEDControl.c  ****     LED_Write(1u);
 117              		.loc 1 26 0
 118 0004 0120     		movs	r0, #1
 119 0006 FFF7FEFF 		bl	LED_Write
  27:LEDControl.c  **** }
 120              		.loc 1 27 0
 121 000a C046     		nop
 122 000c BD46     		mov	sp, r7
 123              		@ sp needed
 124 000e 80BD     		pop	{r7, pc}
 125              		.cfi_endproc
 126              	.LFE37:
 127              		.size	LED_OFF, .-LED_OFF
 128              		.section	.text.flashLED,"ax",%progbits
 129              		.align	2
 130              		.global	flashLED
 131              		.code	16
 132              		.thumb_func
 133              		.type	flashLED, %function
 134              	flashLED:
 135              	.LFB38:
  28:LEDControl.c  **** 
  29:LEDControl.c  **** void flashLED(){
 136              		.loc 1 29 0
 137              		.cfi_startproc
 138              		@ args = 0, pretend = 0, frame = 0
 139              		@ frame_needed = 1, uses_anonymous_args = 0
 140 0000 80B5     		push	{r7, lr}
 141              		.cfi_def_cfa_offset 8
 142              		.cfi_offset 7, -8
ARM GAS  C:\Users\puria\AppData\Local\Temp\ccLtF2Ac.s 			page 4


 143              		.cfi_offset 14, -4
 144 0002 00AF     		add	r7, sp, #0
 145              		.cfi_def_cfa_register 7
 146              	.L9:
  30:LEDControl.c  ****     while(1u){
  31:LEDControl.c  ****         LED_ON();
 147              		.loc 1 31 0 discriminator 1
 148 0004 FFF7FEFF 		bl	LED_ON
  32:LEDControl.c  ****         delay();
 149              		.loc 1 32 0 discriminator 1
 150 0008 FFF7FEFF 		bl	delay
  33:LEDControl.c  ****         LED_OFF();
 151              		.loc 1 33 0 discriminator 1
 152 000c FFF7FEFF 		bl	LED_OFF
  34:LEDControl.c  ****         delay();
 153              		.loc 1 34 0 discriminator 1
 154 0010 FFF7FEFF 		bl	delay
  35:LEDControl.c  ****     }
 155              		.loc 1 35 0 discriminator 1
 156 0014 F6E7     		b	.L9
 157              		.cfi_endproc
 158              	.LFE38:
 159              		.size	flashLED, .-flashLED
 160 0016 C046     		.text
 161              	.Letext0:
 162              		.section	.debug_info,"",%progbits
 163              	.Ldebug_info0:
 164 0000 EA000000 		.4byte	0xea
 165 0004 0400     		.2byte	0x4
 166 0006 00000000 		.4byte	.Ldebug_abbrev0
 167 000a 04       		.byte	0x4
 168 000b 01       		.uleb128 0x1
 169 000c 03010000 		.4byte	.LASF17
 170 0010 0C       		.byte	0xc
 171 0011 E6000000 		.4byte	.LASF18
 172 0015 1B000000 		.4byte	.LASF19
 173 0019 00000000 		.4byte	.Ldebug_ranges0+0
 174 001d 00000000 		.4byte	0
 175 0021 00000000 		.4byte	.Ldebug_line0
 176 0025 02       		.uleb128 0x2
 177 0026 01       		.byte	0x1
 178 0027 06       		.byte	0x6
 179 0028 CE000000 		.4byte	.LASF0
 180 002c 02       		.uleb128 0x2
 181 002d 01       		.byte	0x1
 182 002e 08       		.byte	0x8
 183 002f 87000000 		.4byte	.LASF1
 184 0033 02       		.uleb128 0x2
 185 0034 02       		.byte	0x2
 186 0035 05       		.byte	0x5
 187 0036 F9000000 		.4byte	.LASF2
 188 003a 02       		.uleb128 0x2
 189 003b 02       		.byte	0x2
 190 003c 07       		.byte	0x7
 191 003d BB000000 		.4byte	.LASF3
 192 0041 02       		.uleb128 0x2
 193 0042 04       		.byte	0x4
ARM GAS  C:\Users\puria\AppData\Local\Temp\ccLtF2Ac.s 			page 5


 194 0043 05       		.byte	0x5
 195 0044 A3000000 		.4byte	.LASF4
 196 0048 02       		.uleb128 0x2
 197 0049 04       		.byte	0x4
 198 004a 07       		.byte	0x7
 199 004b 58000000 		.4byte	.LASF5
 200 004f 02       		.uleb128 0x2
 201 0050 08       		.byte	0x8
 202 0051 05       		.byte	0x5
 203 0052 00000000 		.4byte	.LASF6
 204 0056 02       		.uleb128 0x2
 205 0057 08       		.byte	0x8
 206 0058 07       		.byte	0x7
 207 0059 6A000000 		.4byte	.LASF7
 208 005d 03       		.uleb128 0x3
 209 005e 04       		.byte	0x4
 210 005f 05       		.byte	0x5
 211 0060 696E7400 		.ascii	"int\000"
 212 0064 02       		.uleb128 0x2
 213 0065 04       		.byte	0x4
 214 0066 07       		.byte	0x7
 215 0067 0E000000 		.4byte	.LASF8
 216 006b 02       		.uleb128 0x2
 217 006c 04       		.byte	0x4
 218 006d 04       		.byte	0x4
 219 006e 81000000 		.4byte	.LASF9
 220 0072 02       		.uleb128 0x2
 221 0073 08       		.byte	0x8
 222 0074 04       		.byte	0x4
 223 0075 AC000000 		.4byte	.LASF10
 224 0079 02       		.uleb128 0x2
 225 007a 01       		.byte	0x1
 226 007b 08       		.byte	0x8
 227 007c 9E000000 		.4byte	.LASF11
 228 0080 02       		.uleb128 0x2
 229 0081 08       		.byte	0x8
 230 0082 04       		.byte	0x4
 231 0083 DA000000 		.4byte	.LASF12
 232 0087 02       		.uleb128 0x2
 233 0088 04       		.byte	0x4
 234 0089 07       		.byte	0x7
 235 008a 98010000 		.4byte	.LASF13
 236 008e 04       		.uleb128 0x4
 237 008f F3000000 		.4byte	.LASF20
 238 0093 01       		.byte	0x1
 239 0094 11       		.byte	0x11
 240 0095 00000000 		.4byte	.LFB35
 241 0099 28000000 		.4byte	.LFE35-.LFB35
 242 009d 01       		.uleb128 0x1
 243 009e 9C       		.byte	0x9c
 244 009f BA000000 		.4byte	0xba
 245 00a3 05       		.uleb128 0x5
 246 00a4 06000000 		.4byte	.LBB2
 247 00a8 14000000 		.4byte	.LBE2-.LBB2
 248 00ac 06       		.uleb128 0x6
 249 00ad 6900     		.ascii	"i\000"
 250 00af 01       		.byte	0x1
ARM GAS  C:\Users\puria\AppData\Local\Temp\ccLtF2Ac.s 			page 6


 251 00b0 12       		.byte	0x12
 252 00b1 5D000000 		.4byte	0x5d
 253 00b5 02       		.uleb128 0x2
 254 00b6 91       		.byte	0x91
 255 00b7 74       		.sleb128 -12
 256 00b8 00       		.byte	0
 257 00b9 00       		.byte	0
 258 00ba 07       		.uleb128 0x7
 259 00bb 91010000 		.4byte	.LASF14
 260 00bf 01       		.byte	0x1
 261 00c0 15       		.byte	0x15
 262 00c1 00000000 		.4byte	.LFB36
 263 00c5 10000000 		.4byte	.LFE36-.LFB36
 264 00c9 01       		.uleb128 0x1
 265 00ca 9C       		.byte	0x9c
 266 00cb 07       		.uleb128 0x7
 267 00cc B3000000 		.4byte	.LASF15
 268 00d0 01       		.byte	0x1
 269 00d1 19       		.byte	0x19
 270 00d2 00000000 		.4byte	.LFB37
 271 00d6 10000000 		.4byte	.LFE37-.LFB37
 272 00da 01       		.uleb128 0x1
 273 00db 9C       		.byte	0x9c
 274 00dc 07       		.uleb128 0x7
 275 00dd 95000000 		.4byte	.LASF16
 276 00e1 01       		.byte	0x1
 277 00e2 1D       		.byte	0x1d
 278 00e3 00000000 		.4byte	.LFB38
 279 00e7 16000000 		.4byte	.LFE38-.LFB38
 280 00eb 01       		.uleb128 0x1
 281 00ec 9C       		.byte	0x9c
 282 00ed 00       		.byte	0
 283              		.section	.debug_abbrev,"",%progbits
 284              	.Ldebug_abbrev0:
 285 0000 01       		.uleb128 0x1
 286 0001 11       		.uleb128 0x11
 287 0002 01       		.byte	0x1
 288 0003 25       		.uleb128 0x25
 289 0004 0E       		.uleb128 0xe
 290 0005 13       		.uleb128 0x13
 291 0006 0B       		.uleb128 0xb
 292 0007 03       		.uleb128 0x3
 293 0008 0E       		.uleb128 0xe
 294 0009 1B       		.uleb128 0x1b
 295 000a 0E       		.uleb128 0xe
 296 000b 55       		.uleb128 0x55
 297 000c 17       		.uleb128 0x17
 298 000d 11       		.uleb128 0x11
 299 000e 01       		.uleb128 0x1
 300 000f 10       		.uleb128 0x10
 301 0010 17       		.uleb128 0x17
 302 0011 00       		.byte	0
 303 0012 00       		.byte	0
 304 0013 02       		.uleb128 0x2
 305 0014 24       		.uleb128 0x24
 306 0015 00       		.byte	0
 307 0016 0B       		.uleb128 0xb
ARM GAS  C:\Users\puria\AppData\Local\Temp\ccLtF2Ac.s 			page 7


 308 0017 0B       		.uleb128 0xb
 309 0018 3E       		.uleb128 0x3e
 310 0019 0B       		.uleb128 0xb
 311 001a 03       		.uleb128 0x3
 312 001b 0E       		.uleb128 0xe
 313 001c 00       		.byte	0
 314 001d 00       		.byte	0
 315 001e 03       		.uleb128 0x3
 316 001f 24       		.uleb128 0x24
 317 0020 00       		.byte	0
 318 0021 0B       		.uleb128 0xb
 319 0022 0B       		.uleb128 0xb
 320 0023 3E       		.uleb128 0x3e
 321 0024 0B       		.uleb128 0xb
 322 0025 03       		.uleb128 0x3
 323 0026 08       		.uleb128 0x8
 324 0027 00       		.byte	0
 325 0028 00       		.byte	0
 326 0029 04       		.uleb128 0x4
 327 002a 2E       		.uleb128 0x2e
 328 002b 01       		.byte	0x1
 329 002c 3F       		.uleb128 0x3f
 330 002d 19       		.uleb128 0x19
 331 002e 03       		.uleb128 0x3
 332 002f 0E       		.uleb128 0xe
 333 0030 3A       		.uleb128 0x3a
 334 0031 0B       		.uleb128 0xb
 335 0032 3B       		.uleb128 0x3b
 336 0033 0B       		.uleb128 0xb
 337 0034 11       		.uleb128 0x11
 338 0035 01       		.uleb128 0x1
 339 0036 12       		.uleb128 0x12
 340 0037 06       		.uleb128 0x6
 341 0038 40       		.uleb128 0x40
 342 0039 18       		.uleb128 0x18
 343 003a 9742     		.uleb128 0x2117
 344 003c 19       		.uleb128 0x19
 345 003d 01       		.uleb128 0x1
 346 003e 13       		.uleb128 0x13
 347 003f 00       		.byte	0
 348 0040 00       		.byte	0
 349 0041 05       		.uleb128 0x5
 350 0042 0B       		.uleb128 0xb
 351 0043 01       		.byte	0x1
 352 0044 11       		.uleb128 0x11
 353 0045 01       		.uleb128 0x1
 354 0046 12       		.uleb128 0x12
 355 0047 06       		.uleb128 0x6
 356 0048 00       		.byte	0
 357 0049 00       		.byte	0
 358 004a 06       		.uleb128 0x6
 359 004b 34       		.uleb128 0x34
 360 004c 00       		.byte	0
 361 004d 03       		.uleb128 0x3
 362 004e 08       		.uleb128 0x8
 363 004f 3A       		.uleb128 0x3a
 364 0050 0B       		.uleb128 0xb
ARM GAS  C:\Users\puria\AppData\Local\Temp\ccLtF2Ac.s 			page 8


 365 0051 3B       		.uleb128 0x3b
 366 0052 0B       		.uleb128 0xb
 367 0053 49       		.uleb128 0x49
 368 0054 13       		.uleb128 0x13
 369 0055 02       		.uleb128 0x2
 370 0056 18       		.uleb128 0x18
 371 0057 00       		.byte	0
 372 0058 00       		.byte	0
 373 0059 07       		.uleb128 0x7
 374 005a 2E       		.uleb128 0x2e
 375 005b 00       		.byte	0
 376 005c 3F       		.uleb128 0x3f
 377 005d 19       		.uleb128 0x19
 378 005e 03       		.uleb128 0x3
 379 005f 0E       		.uleb128 0xe
 380 0060 3A       		.uleb128 0x3a
 381 0061 0B       		.uleb128 0xb
 382 0062 3B       		.uleb128 0x3b
 383 0063 0B       		.uleb128 0xb
 384 0064 11       		.uleb128 0x11
 385 0065 01       		.uleb128 0x1
 386 0066 12       		.uleb128 0x12
 387 0067 06       		.uleb128 0x6
 388 0068 40       		.uleb128 0x40
 389 0069 18       		.uleb128 0x18
 390 006a 9642     		.uleb128 0x2116
 391 006c 19       		.uleb128 0x19
 392 006d 00       		.byte	0
 393 006e 00       		.byte	0
 394 006f 00       		.byte	0
 395              		.section	.debug_aranges,"",%progbits
 396 0000 34000000 		.4byte	0x34
 397 0004 0200     		.2byte	0x2
 398 0006 00000000 		.4byte	.Ldebug_info0
 399 000a 04       		.byte	0x4
 400 000b 00       		.byte	0
 401 000c 0000     		.2byte	0
 402 000e 0000     		.2byte	0
 403 0010 00000000 		.4byte	.LFB35
 404 0014 28000000 		.4byte	.LFE35-.LFB35
 405 0018 00000000 		.4byte	.LFB36
 406 001c 10000000 		.4byte	.LFE36-.LFB36
 407 0020 00000000 		.4byte	.LFB37
 408 0024 10000000 		.4byte	.LFE37-.LFB37
 409 0028 00000000 		.4byte	.LFB38
 410 002c 16000000 		.4byte	.LFE38-.LFB38
 411 0030 00000000 		.4byte	0
 412 0034 00000000 		.4byte	0
 413              		.section	.debug_ranges,"",%progbits
 414              	.Ldebug_ranges0:
 415 0000 00000000 		.4byte	.LFB35
 416 0004 28000000 		.4byte	.LFE35
 417 0008 00000000 		.4byte	.LFB36
 418 000c 10000000 		.4byte	.LFE36
 419 0010 00000000 		.4byte	.LFB37
 420 0014 10000000 		.4byte	.LFE37
 421 0018 00000000 		.4byte	.LFB38
ARM GAS  C:\Users\puria\AppData\Local\Temp\ccLtF2Ac.s 			page 9


 422 001c 16000000 		.4byte	.LFE38
 423 0020 00000000 		.4byte	0
 424 0024 00000000 		.4byte	0
 425              		.section	.debug_line,"",%progbits
 426              	.Ldebug_line0:
 427 0000 90000000 		.section	.debug_str,"MS",%progbits,1
 427      02002300 
 427      00000201 
 427      FB0E0D00 
 427      01010101 
 428              	.LASF6:
 429 0000 6C6F6E67 		.ascii	"long long int\000"
 429      206C6F6E 
 429      6720696E 
 429      7400
 430              	.LASF8:
 431 000e 756E7369 		.ascii	"unsigned int\000"
 431      676E6564 
 431      20696E74 
 431      00
 432              	.LASF19:
 433 001b 433A5C55 		.ascii	"C:\\Users\\puria\\Documents\\GitHub\\able\\psoc\\mu"
 433      73657273 
 433      5C707572 
 433      69615C44 
 433      6F63756D 
 434 0047 6C746963 		.ascii	"lticon_ble.cydsn\000"
 434      6F6E5F62 
 434      6C652E63 
 434      7964736E 
 434      00
 435              	.LASF5:
 436 0058 6C6F6E67 		.ascii	"long unsigned int\000"
 436      20756E73 
 436      69676E65 
 436      6420696E 
 436      7400
 437              	.LASF7:
 438 006a 6C6F6E67 		.ascii	"long long unsigned int\000"
 438      206C6F6E 
 438      6720756E 
 438      7369676E 
 438      65642069 
 439              	.LASF9:
 440 0081 666C6F61 		.ascii	"float\000"
 440      7400
 441              	.LASF1:
 442 0087 756E7369 		.ascii	"unsigned char\000"
 442      676E6564 
 442      20636861 
 442      7200
 443              	.LASF16:
 444 0095 666C6173 		.ascii	"flashLED\000"
 444      684C4544 
 444      00
 445              	.LASF11:
 446 009e 63686172 		.ascii	"char\000"
ARM GAS  C:\Users\puria\AppData\Local\Temp\ccLtF2Ac.s 			page 10


 446      00
 447              	.LASF4:
 448 00a3 6C6F6E67 		.ascii	"long int\000"
 448      20696E74 
 448      00
 449              	.LASF10:
 450 00ac 646F7562 		.ascii	"double\000"
 450      6C6500
 451              	.LASF15:
 452 00b3 4C45445F 		.ascii	"LED_OFF\000"
 452      4F464600 
 453              	.LASF3:
 454 00bb 73686F72 		.ascii	"short unsigned int\000"
 454      7420756E 
 454      7369676E 
 454      65642069 
 454      6E7400
 455              	.LASF0:
 456 00ce 7369676E 		.ascii	"signed char\000"
 456      65642063 
 456      68617200 
 457              	.LASF12:
 458 00da 6C6F6E67 		.ascii	"long double\000"
 458      20646F75 
 458      626C6500 
 459              	.LASF18:
 460 00e6 4C454443 		.ascii	"LEDControl.c\000"
 460      6F6E7472 
 460      6F6C2E63 
 460      00
 461              	.LASF20:
 462 00f3 64656C61 		.ascii	"delay\000"
 462      7900
 463              	.LASF2:
 464 00f9 73686F72 		.ascii	"short int\000"
 464      7420696E 
 464      7400
 465              	.LASF17:
 466 0103 474E5520 		.ascii	"GNU C11 5.4.1 20160609 (release) [ARM/embedded-5-br"
 466      43313120 
 466      352E342E 
 466      31203230 
 466      31363036 
 467 0136 616E6368 		.ascii	"anch revision 237715] -mcpu=cortex-m0 -mthumb -g -O"
 467      20726576 
 467      6973696F 
 467      6E203233 
 467      37373135 
 468 0169 30202D66 		.ascii	"0 -ffunction-sections -ffat-lto-objects\000"
 468      66756E63 
 468      74696F6E 
 468      2D736563 
 468      74696F6E 
 469              	.LASF14:
 470 0191 4C45445F 		.ascii	"LED_ON\000"
 470      4F4E00
 471              	.LASF13:
ARM GAS  C:\Users\puria\AppData\Local\Temp\ccLtF2Ac.s 			page 11


 472 0198 73697A65 		.ascii	"sizetype\000"
 472      74797065 
 472      00
 473              		.ident	"GCC: (GNU Tools for ARM Embedded Processors) 5.4.1 20160609 (release) [ARM/embedded-5-bran
