#### CAPLED FILES
../android/Application/src/main/java/de/tudarmstadt/es/capled/*
../android/Application/src/main/res/drawable-hdpi/capled.png

*.md
*.DS_Store
*.rawproto
../android/screenshots/*
../android/Application/src/main/res/drawable-hdpi/able_github.jpg
../psoc/capsenseled.cywrk.puria
###################
*.com
*.class
*.dll
*.exe
*.o
*.so

# Packages #
############
# it's better to unpack these files and commit the raw source
# git has its own built in compression methods
*.7z
*.dmg
*.gz
*.iso
*.jar
*.rar
*.tar
*.zip

# Logs and databases #
######################
*.log
*.sql
*.sqlite

# OS generated files #
######################
.DS_Store
.DS_Store?
._*
.Spotlight-V100
.Trashes
ehthumbs.db
Thumbs.db

# Project specific
#########################
../.idea/
../out/
../target/

# Android workspace #
#####################
# Built application files
../android/build/*
../android/Application/build/*
../android/local.properties
../*/build/
android/*/build/
# Crashlytics configuations
com_crashlytics_export_strings.xml
# Local configuration file (sdk path, etc)
local.properties
# Gradle generated files
../.gradle/
# Signing files
../.signing/
# Built application files
*.apk
*.ap_

# User-specific configurations
../.idea/libraries/
../.idea/workspace.xml
../.idea/tasks.xml
../.idea/.name
../.idea/compiler.xml
../.idea/copyright/profiles_settings.xml
../.idea/encodings.xml
../.idea/misc.xml
../.idea/modules.xml
../.idea/scopes/scope_settings.xml
../.idea/vcs.xml
*.iml


# UML specific attributes
*.suml
../android/vpproject/
