ARM GAS  C:\Users\puria\AppData\Local\Temp\ccmDIEWS.s 			page 1


   1              		.syntax unified
   2              		.cpu cortex-m0
   3              		.fpu softvfp
   4              		.eabi_attribute 20, 1
   5              		.eabi_attribute 21, 1
   6              		.eabi_attribute 23, 3
   7              		.eabi_attribute 24, 1
   8              		.eabi_attribute 25, 1
   9              		.eabi_attribute 26, 1
  10              		.eabi_attribute 30, 1
  11              		.eabi_attribute 34, 0
  12              		.eabi_attribute 18, 4
  13              		.thumb
  14              		.syntax unified
  15              		.file	"ble_custom.c"
  16              		.text
  17              	.Ltext0:
  18              		.cfi_sections	.debug_frame
  19              		.section	.text.CyBle_CustomInit,"ax",%progbits
  20              		.align	2
  21              		.global	CyBle_CustomInit
  22              		.code	16
  23              		.thumb_func
  24              		.type	CyBle_CustomInit, %function
  25              	CyBle_CustomInit:
  26              	.LFB2:
  27              		.file 1 "Generated_Source\\PSoC4\\ble_custom.c"
   1:Generated_Source\PSoC4/ble_custom.c **** /***************************************************************************//**
   2:Generated_Source\PSoC4/ble_custom.c **** * \file CYBLE_custom.c
   3:Generated_Source\PSoC4/ble_custom.c **** * \version 3.30
   4:Generated_Source\PSoC4/ble_custom.c **** * 
   5:Generated_Source\PSoC4/ble_custom.c **** * \brief
   6:Generated_Source\PSoC4/ble_custom.c **** *  Contains the source code for the Custom Service.
   7:Generated_Source\PSoC4/ble_custom.c **** * 
   8:Generated_Source\PSoC4/ble_custom.c **** ********************************************************************************
   9:Generated_Source\PSoC4/ble_custom.c **** * \copyright
  10:Generated_Source\PSoC4/ble_custom.c **** * Copyright 2014-2016, Cypress Semiconductor Corporation.  All rights reserved.
  11:Generated_Source\PSoC4/ble_custom.c **** * You may use this file only in accordance with the license, terms, conditions,
  12:Generated_Source\PSoC4/ble_custom.c **** * disclaimers, and limitations in the end user license agreement accompanying
  13:Generated_Source\PSoC4/ble_custom.c **** * the software package with which this file was provided.
  14:Generated_Source\PSoC4/ble_custom.c **** *******************************************************************************/
  15:Generated_Source\PSoC4/ble_custom.c **** 
  16:Generated_Source\PSoC4/ble_custom.c **** 
  17:Generated_Source\PSoC4/ble_custom.c **** #include "ble_eventHandler.h"
  18:Generated_Source\PSoC4/ble_custom.c **** 
  19:Generated_Source\PSoC4/ble_custom.c **** #ifdef CYBLE_CUSTOM_SERVER
  20:Generated_Source\PSoC4/ble_custom.c **** 
  21:Generated_Source\PSoC4/ble_custom.c **** /* If any custom service with custom characterisctis is defined in the
  22:Generated_Source\PSoC4/ble_custom.c **** * customizer's GUI their handles will be present in this array.
  23:Generated_Source\PSoC4/ble_custom.c **** */
  24:Generated_Source\PSoC4/ble_custom.c **** /* This array contains attribute handles for the defined Custom Services and their characteristics 
  25:Generated_Source\PSoC4/ble_custom.c ****    The array index definitions are located in the CYBLE_custom.h file. */
  26:Generated_Source\PSoC4/ble_custom.c **** const CYBLE_CUSTOMS_T cyBle_customs[0x01u] = {
  27:Generated_Source\PSoC4/ble_custom.c **** 
  28:Generated_Source\PSoC4/ble_custom.c ****     /* ledcapsense service */
  29:Generated_Source\PSoC4/ble_custom.c ****     {
  30:Generated_Source\PSoC4/ble_custom.c ****         0x000Cu, /* Handle of the ledcapsense service */ 
ARM GAS  C:\Users\puria\AppData\Local\Temp\ccmDIEWS.s 			page 2


  31:Generated_Source\PSoC4/ble_custom.c ****         {
  32:Generated_Source\PSoC4/ble_custom.c **** 
  33:Generated_Source\PSoC4/ble_custom.c ****             /* led characteristic */
  34:Generated_Source\PSoC4/ble_custom.c ****             {
  35:Generated_Source\PSoC4/ble_custom.c ****                 0x000Eu, /* Handle of the led characteristic */ 
  36:Generated_Source\PSoC4/ble_custom.c ****                 
  37:Generated_Source\PSoC4/ble_custom.c ****                 /* Array of Descriptors handles */
  38:Generated_Source\PSoC4/ble_custom.c ****                 {
  39:Generated_Source\PSoC4/ble_custom.c ****                     0x000Fu, /* Handle of the Characteristic User Description descriptor */ 
  40:Generated_Source\PSoC4/ble_custom.c ****                     CYBLE_GATT_INVALID_ATTR_HANDLE_VALUE, 
  41:Generated_Source\PSoC4/ble_custom.c ****                 }, 
  42:Generated_Source\PSoC4/ble_custom.c ****             },
  43:Generated_Source\PSoC4/ble_custom.c **** 
  44:Generated_Source\PSoC4/ble_custom.c ****             /* capsense characteristic */
  45:Generated_Source\PSoC4/ble_custom.c ****             {
  46:Generated_Source\PSoC4/ble_custom.c ****                 0x0011u, /* Handle of the capsense characteristic */ 
  47:Generated_Source\PSoC4/ble_custom.c ****                 
  48:Generated_Source\PSoC4/ble_custom.c ****                 /* Array of Descriptors handles */
  49:Generated_Source\PSoC4/ble_custom.c ****                 {
  50:Generated_Source\PSoC4/ble_custom.c ****                     0x0012u, /* Handle of the capsensecccd descriptor */ 
  51:Generated_Source\PSoC4/ble_custom.c ****                     0x0013u, /* Handle of the Characteristic User Description descriptor */ 
  52:Generated_Source\PSoC4/ble_custom.c ****                 }, 
  53:Generated_Source\PSoC4/ble_custom.c ****             },
  54:Generated_Source\PSoC4/ble_custom.c **** 
  55:Generated_Source\PSoC4/ble_custom.c ****             /* green_led characteristic */
  56:Generated_Source\PSoC4/ble_custom.c ****             {
  57:Generated_Source\PSoC4/ble_custom.c ****                 0x0015u, /* Handle of the green_led characteristic */ 
  58:Generated_Source\PSoC4/ble_custom.c ****                 
  59:Generated_Source\PSoC4/ble_custom.c ****                 /* Array of Descriptors handles */
  60:Generated_Source\PSoC4/ble_custom.c ****                 {
  61:Generated_Source\PSoC4/ble_custom.c ****                     0x0016u, /* Handle of the Characteristic User Description descriptor */ 
  62:Generated_Source\PSoC4/ble_custom.c ****                     CYBLE_GATT_INVALID_ATTR_HANDLE_VALUE, 
  63:Generated_Source\PSoC4/ble_custom.c ****                 }, 
  64:Generated_Source\PSoC4/ble_custom.c ****             },
  65:Generated_Source\PSoC4/ble_custom.c **** 
  66:Generated_Source\PSoC4/ble_custom.c ****             /* blue_led characteristic */
  67:Generated_Source\PSoC4/ble_custom.c ****             {
  68:Generated_Source\PSoC4/ble_custom.c ****                 0x0018u, /* Handle of the blue_led characteristic */ 
  69:Generated_Source\PSoC4/ble_custom.c ****                 
  70:Generated_Source\PSoC4/ble_custom.c ****                 /* Array of Descriptors handles */
  71:Generated_Source\PSoC4/ble_custom.c ****                 {
  72:Generated_Source\PSoC4/ble_custom.c ****                     0x0019u, /* Handle of the Characteristic User Description descriptor */ 
  73:Generated_Source\PSoC4/ble_custom.c ****                     CYBLE_GATT_INVALID_ATTR_HANDLE_VALUE, 
  74:Generated_Source\PSoC4/ble_custom.c ****                 }, 
  75:Generated_Source\PSoC4/ble_custom.c ****             },
  76:Generated_Source\PSoC4/ble_custom.c ****         }, 
  77:Generated_Source\PSoC4/ble_custom.c ****     },
  78:Generated_Source\PSoC4/ble_custom.c **** };
  79:Generated_Source\PSoC4/ble_custom.c **** 
  80:Generated_Source\PSoC4/ble_custom.c **** 
  81:Generated_Source\PSoC4/ble_custom.c **** #endif /* (CYBLE_CUSTOM_SERVER) */
  82:Generated_Source\PSoC4/ble_custom.c **** 
  83:Generated_Source\PSoC4/ble_custom.c **** #ifdef CYBLE_CUSTOM_CLIENT
  84:Generated_Source\PSoC4/ble_custom.c ****     
  85:Generated_Source\PSoC4/ble_custom.c **** 
  86:Generated_Source\PSoC4/ble_custom.c **** static uint16 cyBle_customDisServIndex;
  87:Generated_Source\PSoC4/ble_custom.c **** static uint16 cyBle_customDisCharIndex;
ARM GAS  C:\Users\puria\AppData\Local\Temp\ccmDIEWS.s 			page 3


  88:Generated_Source\PSoC4/ble_custom.c **** 
  89:Generated_Source\PSoC4/ble_custom.c **** #endif /* (CYBLE_CUSTOM_CLIENT) */
  90:Generated_Source\PSoC4/ble_custom.c **** 
  91:Generated_Source\PSoC4/ble_custom.c **** 
  92:Generated_Source\PSoC4/ble_custom.c **** /****************************************************************************** 
  93:Generated_Source\PSoC4/ble_custom.c **** * Function Name: CyBle_CustomInit
  94:Generated_Source\PSoC4/ble_custom.c **** ***************************************************************************//**
  95:Generated_Source\PSoC4/ble_custom.c **** * 
  96:Generated_Source\PSoC4/ble_custom.c **** *  This function initializes Custom Service.
  97:Generated_Source\PSoC4/ble_custom.c **** * 
  98:Generated_Source\PSoC4/ble_custom.c **** * \return
  99:Generated_Source\PSoC4/ble_custom.c **** *  None
 100:Generated_Source\PSoC4/ble_custom.c **** * 
 101:Generated_Source\PSoC4/ble_custom.c **** ******************************************************************************/
 102:Generated_Source\PSoC4/ble_custom.c **** void CyBle_CustomInit(void)
 103:Generated_Source\PSoC4/ble_custom.c **** {
  28              		.loc 1 103 0
  29              		.cfi_startproc
  30              		@ args = 0, pretend = 0, frame = 0
  31              		@ frame_needed = 0, uses_anonymous_args = 0
  32              		@ link register save eliminated.
 104:Generated_Source\PSoC4/ble_custom.c ****     
 105:Generated_Source\PSoC4/ble_custom.c **** #ifdef CYBLE_CUSTOM_CLIENT
 106:Generated_Source\PSoC4/ble_custom.c **** 
 107:Generated_Source\PSoC4/ble_custom.c ****     uint16 locServIndex;
 108:Generated_Source\PSoC4/ble_custom.c ****     uint16 locCharIndex;
 109:Generated_Source\PSoC4/ble_custom.c ****     uint16 locDescIndex;
 110:Generated_Source\PSoC4/ble_custom.c ****     
 111:Generated_Source\PSoC4/ble_custom.c ****     for(locServIndex = 0u; locServIndex < CYBLE_CUSTOMC_SERVICE_COUNT; locServIndex++)
 112:Generated_Source\PSoC4/ble_custom.c ****     {
 113:Generated_Source\PSoC4/ble_custom.c ****         if(cyBle_serverInfo[CYBLE_SRVI_CUSTOMS + locServIndex].range.startHandle == CYBLE_GATT_INVA
 114:Generated_Source\PSoC4/ble_custom.c ****         {
 115:Generated_Source\PSoC4/ble_custom.c ****             for(locCharIndex = 0u; locCharIndex < cyBle_customCServ[locServIndex].charCount; locCha
 116:Generated_Source\PSoC4/ble_custom.c ****             {
 117:Generated_Source\PSoC4/ble_custom.c ****                 cyBle_customCServ[locServIndex].customServChar[locCharIndex].
 118:Generated_Source\PSoC4/ble_custom.c ****                     customServCharHandle = 0u;
 119:Generated_Source\PSoC4/ble_custom.c ****                 
 120:Generated_Source\PSoC4/ble_custom.c ****                 for(locDescIndex = 0u; locDescIndex < 
 121:Generated_Source\PSoC4/ble_custom.c ****                     cyBle_customCServ[locServIndex].customServChar[locCharIndex].descCount; 
 122:Generated_Source\PSoC4/ble_custom.c ****                         locDescIndex++)
 123:Generated_Source\PSoC4/ble_custom.c ****                 {
 124:Generated_Source\PSoC4/ble_custom.c ****                     cyBle_customCServ[locServIndex].customServChar[locCharIndex].
 125:Generated_Source\PSoC4/ble_custom.c ****                         customServCharDesc[locDescIndex].descHandle = 0u;
 126:Generated_Source\PSoC4/ble_custom.c ****                 }
 127:Generated_Source\PSoC4/ble_custom.c ****             }
 128:Generated_Source\PSoC4/ble_custom.c ****         }
 129:Generated_Source\PSoC4/ble_custom.c ****     }
 130:Generated_Source\PSoC4/ble_custom.c **** 
 131:Generated_Source\PSoC4/ble_custom.c **** #endif /* (CYBLE_CUSTOM_CLIENT) */
 132:Generated_Source\PSoC4/ble_custom.c **** }
  33              		.loc 1 132 0
  34              		@ sp needed
  35 0000 7047     		bx	lr
  36              		.cfi_endproc
  37              	.LFE2:
  38              		.size	CyBle_CustomInit, .-CyBle_CustomInit
  39              		.global	cyBle_customs
ARM GAS  C:\Users\puria\AppData\Local\Temp\ccmDIEWS.s 			page 4


  40 0002 C046     		.section	.rodata
  41              		.align	2
  42              		.type	cyBle_customs, %object
  43              		.size	cyBle_customs, 26
  44              	cyBle_customs:
  45 0000 0C00     		.short	12
  46 0002 0E00     		.short	14
  47 0004 0F00     		.short	15
  48 0006 0000     		.short	0
  49 0008 1100     		.short	17
  50 000a 1200     		.short	18
  51 000c 1300     		.short	19
  52 000e 1500     		.short	21
  53 0010 1600     		.short	22
  54 0012 0000     		.short	0
  55 0014 1800     		.short	24
  56 0016 1900     		.short	25
  57 0018 0000     		.short	0
  58              		.text
  59              	.Letext0:
  60              		.file 2 "Generated_Source\\PSoC4\\cytypes.h"
  61              		.file 3 "Generated_Source\\PSoC4\\ble_StackGatt.h"
  62              		.file 4 "Generated_Source\\PSoC4\\ble_custom.h"
  63              		.file 5 "Generated_Source\\PSoC4\\ble_Stack.h"
  64              		.section	.debug_info,"",%progbits
  65              	.Ldebug_info0:
  66 0000 15030000 		.4byte	0x315
  67 0004 0400     		.2byte	0x4
  68 0006 00000000 		.4byte	.Ldebug_abbrev0
  69 000a 04       		.byte	0x4
  70 000b 01       		.uleb128 0x1
  71 000c CE010000 		.4byte	.LASF94
  72 0010 0C       		.byte	0xc
  73 0011 BB070000 		.4byte	.LASF95
  74 0015 69040000 		.4byte	.LASF96
  75 0019 00000000 		.4byte	.Ldebug_ranges0+0
  76 001d 00000000 		.4byte	0
  77 0021 00000000 		.4byte	.Ldebug_line0
  78 0025 02       		.uleb128 0x2
  79 0026 01       		.byte	0x1
  80 0027 06       		.byte	0x6
  81 0028 A2050000 		.4byte	.LASF0
  82 002c 02       		.uleb128 0x2
  83 002d 01       		.byte	0x1
  84 002e 08       		.byte	0x8
  85 002f 29050000 		.4byte	.LASF1
  86 0033 02       		.uleb128 0x2
  87 0034 02       		.byte	0x2
  88 0035 05       		.byte	0x5
  89 0036 B7000000 		.4byte	.LASF2
  90 003a 02       		.uleb128 0x2
  91 003b 02       		.byte	0x2
  92 003c 07       		.byte	0x7
  93 003d 82070000 		.4byte	.LASF3
  94 0041 02       		.uleb128 0x2
  95 0042 04       		.byte	0x4
  96 0043 05       		.byte	0x5
ARM GAS  C:\Users\puria\AppData\Local\Temp\ccmDIEWS.s 			page 5


  97 0044 BB030000 		.4byte	.LASF4
  98 0048 02       		.uleb128 0x2
  99 0049 04       		.byte	0x4
 100 004a 07       		.byte	0x7
 101 004b 33060000 		.4byte	.LASF5
 102 004f 02       		.uleb128 0x2
 103 0050 08       		.byte	0x8
 104 0051 05       		.byte	0x5
 105 0052 23010000 		.4byte	.LASF6
 106 0056 02       		.uleb128 0x2
 107 0057 08       		.byte	0x8
 108 0058 07       		.byte	0x7
 109 0059 6E030000 		.4byte	.LASF7
 110 005d 03       		.uleb128 0x3
 111 005e 04       		.byte	0x4
 112 005f 05       		.byte	0x5
 113 0060 696E7400 		.ascii	"int\000"
 114 0064 02       		.uleb128 0x2
 115 0065 04       		.byte	0x4
 116 0066 07       		.byte	0x7
 117 0067 0B060000 		.4byte	.LASF8
 118 006b 04       		.uleb128 0x4
 119 006c DF070000 		.4byte	.LASF86
 120 0070 02       		.byte	0x2
 121 0071 D301     		.2byte	0x1d3
 122 0073 3A000000 		.4byte	0x3a
 123 0077 02       		.uleb128 0x2
 124 0078 04       		.byte	0x4
 125 0079 04       		.byte	0x4
 126 007a 05030000 		.4byte	.LASF9
 127 007e 02       		.uleb128 0x2
 128 007f 08       		.byte	0x8
 129 0080 04       		.byte	0x4
 130 0081 83080000 		.4byte	.LASF10
 131 0085 02       		.uleb128 0x2
 132 0086 01       		.byte	0x1
 133 0087 08       		.byte	0x8
 134 0088 61070000 		.4byte	.LASF11
 135 008c 02       		.uleb128 0x2
 136 008d 08       		.byte	0x8
 137 008e 04       		.byte	0x4
 138 008f F7040000 		.4byte	.LASF12
 139 0093 02       		.uleb128 0x2
 140 0094 04       		.byte	0x4
 141 0095 07       		.byte	0x7
 142 0096 F9000000 		.4byte	.LASF13
 143 009a 05       		.uleb128 0x5
 144 009b 01       		.byte	0x1
 145 009c 2C000000 		.4byte	0x2c
 146 00a0 05       		.byte	0x5
 147 00a1 4D01     		.2byte	0x14d
 148 00a3 58020000 		.4byte	0x258
 149 00a7 06       		.uleb128 0x6
 150 00a8 AF020000 		.4byte	.LASF14
 151 00ac 00       		.byte	0
 152 00ad 06       		.uleb128 0x6
 153 00ae 68010000 		.4byte	.LASF15
ARM GAS  C:\Users\puria\AppData\Local\Temp\ccmDIEWS.s 			page 6


 154 00b2 01       		.byte	0x1
 155 00b3 06       		.uleb128 0x6
 156 00b4 090A0000 		.4byte	.LASF16
 157 00b8 02       		.byte	0x2
 158 00b9 06       		.uleb128 0x6
 159 00ba DF080000 		.4byte	.LASF17
 160 00be 03       		.byte	0x3
 161 00bf 06       		.uleb128 0x6
 162 00c0 42010000 		.4byte	.LASF18
 163 00c4 04       		.byte	0x4
 164 00c5 06       		.uleb128 0x6
 165 00c6 4D040000 		.4byte	.LASF19
 166 00ca 05       		.byte	0x5
 167 00cb 06       		.uleb128 0x6
 168 00cc 3E000000 		.4byte	.LASF20
 169 00d0 06       		.byte	0x6
 170 00d1 06       		.uleb128 0x6
 171 00d2 3D090000 		.4byte	.LASF21
 172 00d6 20       		.byte	0x20
 173 00d7 06       		.uleb128 0x6
 174 00d8 45060000 		.4byte	.LASF22
 175 00dc 21       		.byte	0x21
 176 00dd 06       		.uleb128 0x6
 177 00de 00000000 		.4byte	.LASF23
 178 00e2 22       		.byte	0x22
 179 00e3 06       		.uleb128 0x6
 180 00e4 95070000 		.4byte	.LASF24
 181 00e8 23       		.byte	0x23
 182 00e9 06       		.uleb128 0x6
 183 00ea EF050000 		.4byte	.LASF25
 184 00ee 24       		.byte	0x24
 185 00ef 06       		.uleb128 0x6
 186 00f0 C1000000 		.4byte	.LASF26
 187 00f4 25       		.byte	0x25
 188 00f5 06       		.uleb128 0x6
 189 00f6 04040000 		.4byte	.LASF27
 190 00fa 26       		.byte	0x26
 191 00fb 06       		.uleb128 0x6
 192 00fc E5030000 		.4byte	.LASF28
 193 0100 27       		.byte	0x27
 194 0101 06       		.uleb128 0x6
 195 0102 71000000 		.4byte	.LASF29
 196 0106 28       		.byte	0x28
 197 0107 06       		.uleb128 0x6
 198 0108 7D060000 		.4byte	.LASF30
 199 010c 29       		.byte	0x29
 200 010d 06       		.uleb128 0x6
 201 010e 11070000 		.4byte	.LASF31
 202 0112 2A       		.byte	0x2a
 203 0113 06       		.uleb128 0x6
 204 0114 23080000 		.4byte	.LASF32
 205 0118 2B       		.byte	0x2b
 206 0119 06       		.uleb128 0x6
 207 011a D5060000 		.4byte	.LASF33
 208 011e 2C       		.byte	0x2c
 209 011f 06       		.uleb128 0x6
 210 0120 24030000 		.4byte	.LASF34
ARM GAS  C:\Users\puria\AppData\Local\Temp\ccmDIEWS.s 			page 7


 211 0124 2D       		.byte	0x2d
 212 0125 06       		.uleb128 0x6
 213 0126 93000000 		.4byte	.LASF35
 214 012a 2E       		.byte	0x2e
 215 012b 06       		.uleb128 0x6
 216 012c F30A0000 		.4byte	.LASF36
 217 0130 2F       		.byte	0x2f
 218 0131 06       		.uleb128 0x6
 219 0132 02010000 		.4byte	.LASF37
 220 0136 30       		.byte	0x30
 221 0137 06       		.uleb128 0x6
 222 0138 D3040000 		.4byte	.LASF38
 223 013c 31       		.byte	0x31
 224 013d 06       		.uleb128 0x6
 225 013e 4D030000 		.4byte	.LASF39
 226 0142 32       		.byte	0x32
 227 0143 06       		.uleb128 0x6
 228 0144 3A070000 		.4byte	.LASF40
 229 0148 33       		.byte	0x33
 230 0149 06       		.uleb128 0x6
 231 014a 9A060000 		.4byte	.LASF41
 232 014e 34       		.byte	0x34
 233 014f 06       		.uleb128 0x6
 234 0150 C2080000 		.4byte	.LASF42
 235 0154 35       		.byte	0x35
 236 0155 06       		.uleb128 0x6
 237 0156 9A030000 		.4byte	.LASF43
 238 015a 36       		.byte	0x36
 239 015b 06       		.uleb128 0x6
 240 015c 7B010000 		.4byte	.LASF44
 241 0160 37       		.byte	0x37
 242 0161 06       		.uleb128 0x6
 243 0162 57000000 		.4byte	.LASF45
 244 0166 40       		.byte	0x40
 245 0167 06       		.uleb128 0x6
 246 0168 18060000 		.4byte	.LASF46
 247 016c 41       		.byte	0x41
 248 016d 06       		.uleb128 0x6
 249 016e DB000000 		.4byte	.LASF47
 250 0172 42       		.byte	0x42
 251 0173 06       		.uleb128 0x6
 252 0174 B0010000 		.4byte	.LASF48
 253 0178 43       		.byte	0x43
 254 0179 06       		.uleb128 0x6
 255 017a C7090000 		.4byte	.LASF49
 256 017e 44       		.byte	0x44
 257 017f 06       		.uleb128 0x6
 258 0180 61090000 		.4byte	.LASF50
 259 0184 45       		.byte	0x45
 260 0185 06       		.uleb128 0x6
 261 0186 A6090000 		.4byte	.LASF51
 262 018a 46       		.byte	0x46
 263 018b 06       		.uleb128 0x6
 264 018c 84050000 		.4byte	.LASF52
 265 0190 47       		.byte	0x47
 266 0191 06       		.uleb128 0x6
 267 0192 C8050000 		.4byte	.LASF53
ARM GAS  C:\Users\puria\AppData\Local\Temp\ccmDIEWS.s 			page 8


 268 0196 48       		.byte	0x48
 269 0197 06       		.uleb128 0x6
 270 0198 0B030000 		.4byte	.LASF54
 271 019c 49       		.byte	0x49
 272 019d 06       		.uleb128 0x6
 273 019e E6070000 		.4byte	.LASF55
 274 01a2 4A       		.byte	0x4a
 275 01a3 06       		.uleb128 0x6
 276 01a4 6F020000 		.4byte	.LASF56
 277 01a8 4B       		.byte	0x4b
 278 01a9 06       		.uleb128 0x6
 279 01aa AE050000 		.4byte	.LASF57
 280 01ae 4C       		.byte	0x4c
 281 01af 06       		.uleb128 0x6
 282 01b0 24000000 		.4byte	.LASF58
 283 01b4 4D       		.byte	0x4d
 284 01b5 06       		.uleb128 0x6
 285 01b6 88090000 		.4byte	.LASF59
 286 01ba 4E       		.byte	0x4e
 287 01bb 06       		.uleb128 0x6
 288 01bc 46050000 		.4byte	.LASF60
 289 01c0 4F       		.byte	0x4f
 290 01c1 06       		.uleb128 0x6
 291 01c2 740A0000 		.4byte	.LASF61
 292 01c6 50       		.byte	0x50
 293 01c7 06       		.uleb128 0x6
 294 01c8 04080000 		.4byte	.LASF62
 295 01cc 51       		.byte	0x51
 296 01cd 06       		.uleb128 0x6
 297 01ce 2C040000 		.4byte	.LASF63
 298 01d2 52       		.byte	0x52
 299 01d3 06       		.uleb128 0x6
 300 01d4 C4030000 		.4byte	.LASF64
 301 01d8 53       		.byte	0x53
 302 01d9 06       		.uleb128 0x6
 303 01da 8E020000 		.4byte	.LASF65
 304 01de 54       		.byte	0x54
 305 01df 06       		.uleb128 0x6
 306 01e0 BD0A0000 		.4byte	.LASF66
 307 01e4 55       		.byte	0x55
 308 01e5 06       		.uleb128 0x6
 309 01e6 520A0000 		.4byte	.LASF67
 310 01ea 56       		.byte	0x56
 311 01eb 06       		.uleb128 0x6
 312 01ec 290A0000 		.4byte	.LASF68
 313 01f0 57       		.byte	0x57
 314 01f1 06       		.uleb128 0x6
 315 01f2 B2060000 		.4byte	.LASF69
 316 01f6 58       		.byte	0x58
 317 01f7 06       		.uleb128 0x6
 318 01f8 03050000 		.4byte	.LASF70
 319 01fc 70       		.byte	0x70
 320 01fd 06       		.uleb128 0x6
 321 01fe 17090000 		.4byte	.LASF71
 322 0202 71       		.byte	0x71
 323 0203 06       		.uleb128 0x6
 324 0204 66070000 		.4byte	.LASF72
ARM GAS  C:\Users\puria\AppData\Local\Temp\ccmDIEWS.s 			page 9


 325 0208 72       		.byte	0x72
 326 0209 06       		.uleb128 0x6
 327 020a C6020000 		.4byte	.LASF73
 328 020e 73       		.byte	0x73
 329 020f 06       		.uleb128 0x6
 330 0210 B5040000 		.4byte	.LASF74
 331 0214 74       		.byte	0x74
 332 0215 06       		.uleb128 0x6
 333 0216 5C060000 		.4byte	.LASF75
 334 021a 75       		.byte	0x75
 335 021b 06       		.uleb128 0x6
 336 021c E4020000 		.4byte	.LASF76
 337 0220 76       		.byte	0x76
 338 0221 06       		.uleb128 0x6
 339 0222 F8080000 		.4byte	.LASF77
 340 0226 77       		.byte	0x77
 341 0227 06       		.uleb128 0x6
 342 0228 60080000 		.4byte	.LASF78
 343 022c 78       		.byte	0x78
 344 022d 06       		.uleb128 0x6
 345 022e 8A080000 		.4byte	.LASF79
 346 0232 79       		.byte	0x79
 347 0233 06       		.uleb128 0x6
 348 0234 E5090000 		.4byte	.LASF80
 349 0238 7A       		.byte	0x7a
 350 0239 06       		.uleb128 0x6
 351 023a 42080000 		.4byte	.LASF81
 352 023e FA       		.byte	0xfa
 353 023f 06       		.uleb128 0x6
 354 0240 65050000 		.4byte	.LASF82
 355 0244 FB       		.byte	0xfb
 356 0245 06       		.uleb128 0x6
 357 0246 E10A0000 		.4byte	.LASF83
 358 024a FC       		.byte	0xfc
 359 024b 06       		.uleb128 0x6
 360 024c F9060000 		.4byte	.LASF84
 361 0250 FD       		.byte	0xfd
 362 0251 06       		.uleb128 0x6
 363 0252 1B0A0000 		.4byte	.LASF85
 364 0256 FF       		.byte	0xff
 365 0257 00       		.byte	0
 366 0258 04       		.uleb128 0x4
 367 0259 930A0000 		.4byte	.LASF87
 368 025d 03       		.byte	0x3
 369 025e 8901     		.2byte	0x189
 370 0260 6B000000 		.4byte	0x6b
 371 0264 07       		.uleb128 0x7
 372 0265 06       		.byte	0x6
 373 0266 04       		.byte	0x4
 374 0267 52       		.byte	0x52
 375 0268 85020000 		.4byte	0x285
 376 026c 08       		.uleb128 0x8
 377 026d AD080000 		.4byte	.LASF88
 378 0271 04       		.byte	0x4
 379 0272 55       		.byte	0x55
 380 0273 58020000 		.4byte	0x258
 381 0277 00       		.byte	0
ARM GAS  C:\Users\puria\AppData\Local\Temp\ccmDIEWS.s 			page 10


 382 0278 08       		.uleb128 0x8
 383 0279 5C020000 		.4byte	.LASF89
 384 027d 04       		.byte	0x4
 385 027e 57       		.byte	0x57
 386 027f 85020000 		.4byte	0x285
 387 0283 02       		.byte	0x2
 388 0284 00       		.byte	0
 389 0285 09       		.uleb128 0x9
 390 0286 58020000 		.4byte	0x258
 391 028a 95020000 		.4byte	0x295
 392 028e 0A       		.uleb128 0xa
 393 028f 93000000 		.4byte	0x93
 394 0293 01       		.byte	0x1
 395 0294 00       		.byte	0
 396 0295 0B       		.uleb128 0xb
 397 0296 85030000 		.4byte	.LASF90
 398 029a 04       		.byte	0x4
 399 029b 59       		.byte	0x59
 400 029c 64020000 		.4byte	0x264
 401 02a0 07       		.uleb128 0x7
 402 02a1 1A       		.byte	0x1a
 403 02a2 04       		.byte	0x4
 404 02a3 5C       		.byte	0x5c
 405 02a4 C1020000 		.4byte	0x2c1
 406 02a8 08       		.uleb128 0x8
 407 02a9 31010000 		.4byte	.LASF91
 408 02ad 04       		.byte	0x4
 409 02ae 5F       		.byte	0x5f
 410 02af 58020000 		.4byte	0x258
 411 02b3 00       		.byte	0
 412 02b4 08       		.uleb128 0x8
 413 02b5 37050000 		.4byte	.LASF92
 414 02b9 04       		.byte	0x4
 415 02ba 62       		.byte	0x62
 416 02bb C1020000 		.4byte	0x2c1
 417 02bf 02       		.byte	0x2
 418 02c0 00       		.byte	0
 419 02c1 09       		.uleb128 0x9
 420 02c2 95020000 		.4byte	0x295
 421 02c6 D1020000 		.4byte	0x2d1
 422 02ca 0A       		.uleb128 0xa
 423 02cb 93000000 		.4byte	0x93
 424 02cf 03       		.byte	0x3
 425 02d0 00       		.byte	0
 426 02d1 0B       		.uleb128 0xb
 427 02d2 A5040000 		.4byte	.LASF93
 428 02d6 04       		.byte	0x4
 429 02d7 64       		.byte	0x64
 430 02d8 A0020000 		.4byte	0x2a0
 431 02dc 0C       		.uleb128 0xc
 432 02dd 57010000 		.4byte	.LASF97
 433 02e1 01       		.byte	0x1
 434 02e2 66       		.byte	0x66
 435 02e3 00000000 		.4byte	.LFB2
 436 02e7 02000000 		.4byte	.LFE2-.LFB2
 437 02eb 01       		.uleb128 0x1
 438 02ec 9C       		.byte	0x9c
ARM GAS  C:\Users\puria\AppData\Local\Temp\ccmDIEWS.s 			page 11


 439 02ed 09       		.uleb128 0x9
 440 02ee FD020000 		.4byte	0x2fd
 441 02f2 FD020000 		.4byte	0x2fd
 442 02f6 0A       		.uleb128 0xa
 443 02f7 93000000 		.4byte	0x93
 444 02fb 00       		.byte	0
 445 02fc 00       		.byte	0
 446 02fd 0D       		.uleb128 0xd
 447 02fe D1020000 		.4byte	0x2d1
 448 0302 0E       		.uleb128 0xe
 449 0303 AF0A0000 		.4byte	.LASF98
 450 0307 01       		.byte	0x1
 451 0308 1A       		.byte	0x1a
 452 0309 13030000 		.4byte	0x313
 453 030d 05       		.uleb128 0x5
 454 030e 03       		.byte	0x3
 455 030f 00000000 		.4byte	cyBle_customs
 456 0313 0D       		.uleb128 0xd
 457 0314 ED020000 		.4byte	0x2ed
 458 0318 00       		.byte	0
 459              		.section	.debug_abbrev,"",%progbits
 460              	.Ldebug_abbrev0:
 461 0000 01       		.uleb128 0x1
 462 0001 11       		.uleb128 0x11
 463 0002 01       		.byte	0x1
 464 0003 25       		.uleb128 0x25
 465 0004 0E       		.uleb128 0xe
 466 0005 13       		.uleb128 0x13
 467 0006 0B       		.uleb128 0xb
 468 0007 03       		.uleb128 0x3
 469 0008 0E       		.uleb128 0xe
 470 0009 1B       		.uleb128 0x1b
 471 000a 0E       		.uleb128 0xe
 472 000b 55       		.uleb128 0x55
 473 000c 17       		.uleb128 0x17
 474 000d 11       		.uleb128 0x11
 475 000e 01       		.uleb128 0x1
 476 000f 10       		.uleb128 0x10
 477 0010 17       		.uleb128 0x17
 478 0011 00       		.byte	0
 479 0012 00       		.byte	0
 480 0013 02       		.uleb128 0x2
 481 0014 24       		.uleb128 0x24
 482 0015 00       		.byte	0
 483 0016 0B       		.uleb128 0xb
 484 0017 0B       		.uleb128 0xb
 485 0018 3E       		.uleb128 0x3e
 486 0019 0B       		.uleb128 0xb
 487 001a 03       		.uleb128 0x3
 488 001b 0E       		.uleb128 0xe
 489 001c 00       		.byte	0
 490 001d 00       		.byte	0
 491 001e 03       		.uleb128 0x3
 492 001f 24       		.uleb128 0x24
 493 0020 00       		.byte	0
 494 0021 0B       		.uleb128 0xb
 495 0022 0B       		.uleb128 0xb
ARM GAS  C:\Users\puria\AppData\Local\Temp\ccmDIEWS.s 			page 12


 496 0023 3E       		.uleb128 0x3e
 497 0024 0B       		.uleb128 0xb
 498 0025 03       		.uleb128 0x3
 499 0026 08       		.uleb128 0x8
 500 0027 00       		.byte	0
 501 0028 00       		.byte	0
 502 0029 04       		.uleb128 0x4
 503 002a 16       		.uleb128 0x16
 504 002b 00       		.byte	0
 505 002c 03       		.uleb128 0x3
 506 002d 0E       		.uleb128 0xe
 507 002e 3A       		.uleb128 0x3a
 508 002f 0B       		.uleb128 0xb
 509 0030 3B       		.uleb128 0x3b
 510 0031 05       		.uleb128 0x5
 511 0032 49       		.uleb128 0x49
 512 0033 13       		.uleb128 0x13
 513 0034 00       		.byte	0
 514 0035 00       		.byte	0
 515 0036 05       		.uleb128 0x5
 516 0037 04       		.uleb128 0x4
 517 0038 01       		.byte	0x1
 518 0039 0B       		.uleb128 0xb
 519 003a 0B       		.uleb128 0xb
 520 003b 49       		.uleb128 0x49
 521 003c 13       		.uleb128 0x13
 522 003d 3A       		.uleb128 0x3a
 523 003e 0B       		.uleb128 0xb
 524 003f 3B       		.uleb128 0x3b
 525 0040 05       		.uleb128 0x5
 526 0041 01       		.uleb128 0x1
 527 0042 13       		.uleb128 0x13
 528 0043 00       		.byte	0
 529 0044 00       		.byte	0
 530 0045 06       		.uleb128 0x6
 531 0046 28       		.uleb128 0x28
 532 0047 00       		.byte	0
 533 0048 03       		.uleb128 0x3
 534 0049 0E       		.uleb128 0xe
 535 004a 1C       		.uleb128 0x1c
 536 004b 0B       		.uleb128 0xb
 537 004c 00       		.byte	0
 538 004d 00       		.byte	0
 539 004e 07       		.uleb128 0x7
 540 004f 13       		.uleb128 0x13
 541 0050 01       		.byte	0x1
 542 0051 0B       		.uleb128 0xb
 543 0052 0B       		.uleb128 0xb
 544 0053 3A       		.uleb128 0x3a
 545 0054 0B       		.uleb128 0xb
 546 0055 3B       		.uleb128 0x3b
 547 0056 0B       		.uleb128 0xb
 548 0057 01       		.uleb128 0x1
 549 0058 13       		.uleb128 0x13
 550 0059 00       		.byte	0
 551 005a 00       		.byte	0
 552 005b 08       		.uleb128 0x8
ARM GAS  C:\Users\puria\AppData\Local\Temp\ccmDIEWS.s 			page 13


 553 005c 0D       		.uleb128 0xd
 554 005d 00       		.byte	0
 555 005e 03       		.uleb128 0x3
 556 005f 0E       		.uleb128 0xe
 557 0060 3A       		.uleb128 0x3a
 558 0061 0B       		.uleb128 0xb
 559 0062 3B       		.uleb128 0x3b
 560 0063 0B       		.uleb128 0xb
 561 0064 49       		.uleb128 0x49
 562 0065 13       		.uleb128 0x13
 563 0066 38       		.uleb128 0x38
 564 0067 0B       		.uleb128 0xb
 565 0068 00       		.byte	0
 566 0069 00       		.byte	0
 567 006a 09       		.uleb128 0x9
 568 006b 01       		.uleb128 0x1
 569 006c 01       		.byte	0x1
 570 006d 49       		.uleb128 0x49
 571 006e 13       		.uleb128 0x13
 572 006f 01       		.uleb128 0x1
 573 0070 13       		.uleb128 0x13
 574 0071 00       		.byte	0
 575 0072 00       		.byte	0
 576 0073 0A       		.uleb128 0xa
 577 0074 21       		.uleb128 0x21
 578 0075 00       		.byte	0
 579 0076 49       		.uleb128 0x49
 580 0077 13       		.uleb128 0x13
 581 0078 2F       		.uleb128 0x2f
 582 0079 0B       		.uleb128 0xb
 583 007a 00       		.byte	0
 584 007b 00       		.byte	0
 585 007c 0B       		.uleb128 0xb
 586 007d 16       		.uleb128 0x16
 587 007e 00       		.byte	0
 588 007f 03       		.uleb128 0x3
 589 0080 0E       		.uleb128 0xe
 590 0081 3A       		.uleb128 0x3a
 591 0082 0B       		.uleb128 0xb
 592 0083 3B       		.uleb128 0x3b
 593 0084 0B       		.uleb128 0xb
 594 0085 49       		.uleb128 0x49
 595 0086 13       		.uleb128 0x13
 596 0087 00       		.byte	0
 597 0088 00       		.byte	0
 598 0089 0C       		.uleb128 0xc
 599 008a 2E       		.uleb128 0x2e
 600 008b 00       		.byte	0
 601 008c 3F       		.uleb128 0x3f
 602 008d 19       		.uleb128 0x19
 603 008e 03       		.uleb128 0x3
 604 008f 0E       		.uleb128 0xe
 605 0090 3A       		.uleb128 0x3a
 606 0091 0B       		.uleb128 0xb
 607 0092 3B       		.uleb128 0x3b
 608 0093 0B       		.uleb128 0xb
 609 0094 27       		.uleb128 0x27
ARM GAS  C:\Users\puria\AppData\Local\Temp\ccmDIEWS.s 			page 14


 610 0095 19       		.uleb128 0x19
 611 0096 11       		.uleb128 0x11
 612 0097 01       		.uleb128 0x1
 613 0098 12       		.uleb128 0x12
 614 0099 06       		.uleb128 0x6
 615 009a 40       		.uleb128 0x40
 616 009b 18       		.uleb128 0x18
 617 009c 9742     		.uleb128 0x2117
 618 009e 19       		.uleb128 0x19
 619 009f 00       		.byte	0
 620 00a0 00       		.byte	0
 621 00a1 0D       		.uleb128 0xd
 622 00a2 26       		.uleb128 0x26
 623 00a3 00       		.byte	0
 624 00a4 49       		.uleb128 0x49
 625 00a5 13       		.uleb128 0x13
 626 00a6 00       		.byte	0
 627 00a7 00       		.byte	0
 628 00a8 0E       		.uleb128 0xe
 629 00a9 34       		.uleb128 0x34
 630 00aa 00       		.byte	0
 631 00ab 03       		.uleb128 0x3
 632 00ac 0E       		.uleb128 0xe
 633 00ad 3A       		.uleb128 0x3a
 634 00ae 0B       		.uleb128 0xb
 635 00af 3B       		.uleb128 0x3b
 636 00b0 0B       		.uleb128 0xb
 637 00b1 49       		.uleb128 0x49
 638 00b2 13       		.uleb128 0x13
 639 00b3 3F       		.uleb128 0x3f
 640 00b4 19       		.uleb128 0x19
 641 00b5 02       		.uleb128 0x2
 642 00b6 18       		.uleb128 0x18
 643 00b7 00       		.byte	0
 644 00b8 00       		.byte	0
 645 00b9 00       		.byte	0
 646              		.section	.debug_aranges,"",%progbits
 647 0000 1C000000 		.4byte	0x1c
 648 0004 0200     		.2byte	0x2
 649 0006 00000000 		.4byte	.Ldebug_info0
 650 000a 04       		.byte	0x4
 651 000b 00       		.byte	0
 652 000c 0000     		.2byte	0
 653 000e 0000     		.2byte	0
 654 0010 00000000 		.4byte	.LFB2
 655 0014 02000000 		.4byte	.LFE2-.LFB2
 656 0018 00000000 		.4byte	0
 657 001c 00000000 		.4byte	0
 658              		.section	.debug_ranges,"",%progbits
 659              	.Ldebug_ranges0:
 660 0000 00000000 		.4byte	.LFB2
 661 0004 02000000 		.4byte	.LFE2
 662 0008 00000000 		.4byte	0
 663 000c 00000000 		.4byte	0
 664              		.section	.debug_line,"",%progbits
 665              	.Ldebug_line0:
 666 0000 92000000 		.section	.debug_str,"MS",%progbits,1
ARM GAS  C:\Users\puria\AppData\Local\Temp\ccmDIEWS.s 			page 15


 666      02007900 
 666      00000201 
 666      FB0E0D00 
 666      01010101 
 667              	.LASF23:
 668 0000 4359424C 		.ascii	"CYBLE_EVT_GAP_PASSKEY_ENTRY_REQUEST\000"
 668      455F4556 
 668      545F4741 
 668      505F5041 
 668      53534B45 
 669              	.LASF58:
 670 0024 4359424C 		.ascii	"CYBLE_EVT_GATTC_WRITE_RSP\000"
 670      455F4556 
 670      545F4741 
 670      5454435F 
 670      57524954 
 671              	.LASF20:
 672 003e 4359424C 		.ascii	"CYBLE_EVT_MEMORY_REQUEST\000"
 672      455F4556 
 672      545F4D45 
 672      4D4F5259 
 672      5F524551 
 673              	.LASF45:
 674 0057 4359424C 		.ascii	"CYBLE_EVT_GATTC_ERROR_RSP\000"
 674      455F4556 
 674      545F4741 
 674      5454435F 
 674      4552524F 
 675              	.LASF29:
 676 0071 4359424C 		.ascii	"CYBLE_EVT_GAP_DEVICE_DISCONNECTED\000"
 676      455F4556 
 676      545F4741 
 676      505F4445 
 676      56494345 
 677              	.LASF35:
 678 0093 4359424C 		.ascii	"CYBLE_EVT_GAP_KEYPRESS_NOTIFICATION\000"
 678      455F4556 
 678      545F4741 
 678      505F4B45 
 678      59505245 
 679              	.LASF2:
 680 00b7 73686F72 		.ascii	"short int\000"
 680      7420696E 
 680      7400
 681              	.LASF26:
 682 00c1 4359424C 		.ascii	"CYBLE_EVT_GAP_AUTH_FAILED\000"
 682      455F4556 
 682      545F4741 
 682      505F4155 
 682      54485F46 
 683              	.LASF47:
 684 00db 4359424C 		.ascii	"CYBLE_EVT_GATT_DISCONNECT_IND\000"
 684      455F4556 
 684      545F4741 
 684      54545F44 
 684      4953434F 
 685              	.LASF13:
ARM GAS  C:\Users\puria\AppData\Local\Temp\ccmDIEWS.s 			page 16


 686 00f9 73697A65 		.ascii	"sizetype\000"
 686      74797065 
 686      00
 687              	.LASF37:
 688 0102 4359424C 		.ascii	"CYBLE_EVT_GAP_DATA_LENGTH_CHANGE\000"
 688      455F4556 
 688      545F4741 
 688      505F4441 
 688      54415F4C 
 689              	.LASF6:
 690 0123 6C6F6E67 		.ascii	"long long int\000"
 690      206C6F6E 
 690      6720696E 
 690      7400
 691              	.LASF91:
 692 0131 63757374 		.ascii	"customServHandle\000"
 692      6F6D5365 
 692      72764861 
 692      6E646C65 
 692      00
 693              	.LASF18:
 694 0142 4359424C 		.ascii	"CYBLE_EVT_HCI_STATUS\000"
 694      455F4556 
 694      545F4843 
 694      495F5354 
 694      41545553 
 695              	.LASF97:
 696 0157 4379426C 		.ascii	"CyBle_CustomInit\000"
 696      655F4375 
 696      73746F6D 
 696      496E6974 
 696      00
 697              	.LASF15:
 698 0168 4359424C 		.ascii	"CYBLE_EVT_STACK_ON\000"
 698      455F4556 
 698      545F5354 
 698      41434B5F 
 698      4F4E00
 699              	.LASF44:
 700 017b 4359424C 		.ascii	"CYBLE_EVT_GAP_SMP_LOC_P256_KEYS_GEN_AND_SET_COMPLET"
 700      455F4556 
 700      545F4741 
 700      505F534D 
 700      505F4C4F 
 701 01ae 4500     		.ascii	"E\000"
 702              	.LASF48:
 703 01b0 4359424C 		.ascii	"CYBLE_EVT_GATTS_XCNHG_MTU_REQ\000"
 703      455F4556 
 703      545F4741 
 703      5454535F 
 703      58434E48 
 704              	.LASF94:
 705 01ce 474E5520 		.ascii	"GNU C11 5.4.1 20160609 (release) [ARM/embedded-5-br"
 705      43313120 
 705      352E342E 
 705      31203230 
 705      31363036 
ARM GAS  C:\Users\puria\AppData\Local\Temp\ccmDIEWS.s 			page 17


 706 0201 616E6368 		.ascii	"anch revision 237715] -mcpu=cortex-m0 -mthumb -g -O"
 706      20726576 
 706      6973696F 
 706      6E203233 
 706      37373135 
 707 0234 67202D66 		.ascii	"g -ffunction-sections -ffat-lto-objects\000"
 707      66756E63 
 707      74696F6E 
 707      2D736563 
 707      74696F6E 
 708              	.LASF89:
 709 025c 63757374 		.ascii	"customServCharDesc\000"
 709      6F6D5365 
 709      72764368 
 709      61724465 
 709      736300
 710              	.LASF56:
 711 026f 4359424C 		.ascii	"CYBLE_EVT_GATTC_READ_MULTI_RSP\000"
 711      455F4556 
 711      545F4741 
 711      5454435F 
 711      52454144 
 712              	.LASF65:
 713 028e 4359424C 		.ascii	"CYBLE_EVT_GATTS_HANDLE_VALUE_CNF\000"
 713      455F4556 
 713      545F4741 
 713      5454535F 
 713      48414E44 
 714              	.LASF14:
 715 02af 4359424C 		.ascii	"CYBLE_EVT_HOST_INVALID\000"
 715      455F4556 
 715      545F484F 
 715      53545F49 
 715      4E56414C 
 716              	.LASF73:
 717 02c6 4359424C 		.ascii	"CYBLE_EVT_L2CAP_CBFC_CONN_IND\000"
 717      455F4556 
 717      545F4C32 
 717      4341505F 
 717      43424643 
 718              	.LASF76:
 719 02e4 4359424C 		.ascii	"CYBLE_EVT_L2CAP_CBFC_DISCONN_CNF\000"
 719      455F4556 
 719      545F4C32 
 719      4341505F 
 719      43424643 
 720              	.LASF9:
 721 0305 666C6F61 		.ascii	"float\000"
 721      7400
 722              	.LASF54:
 723 030b 4359424C 		.ascii	"CYBLE_EVT_GATTC_READ_RSP\000"
 723      455F4556 
 723      545F4741 
 723      5454435F 
 723      52454144 
 724              	.LASF34:
 725 0324 4359424C 		.ascii	"CYBLE_EVT_GAP_NUMERIC_COMPARISON_REQUEST\000"
ARM GAS  C:\Users\puria\AppData\Local\Temp\ccmDIEWS.s 			page 18


 725      455F4556 
 725      545F4741 
 725      505F4E55 
 725      4D455249 
 726              	.LASF39:
 727 034d 4359424C 		.ascii	"CYBLE_EVT_GAPC_DIRECT_ADV_REPORT\000"
 727      455F4556 
 727      545F4741 
 727      50435F44 
 727      49524543 
 728              	.LASF7:
 729 036e 6C6F6E67 		.ascii	"long long unsigned int\000"
 729      206C6F6E 
 729      6720756E 
 729      7369676E 
 729      65642069 
 730              	.LASF90:
 731 0385 4359424C 		.ascii	"CYBLE_CUSTOMS_INFO_T\000"
 731      455F4355 
 731      53544F4D 
 731      535F494E 
 731      464F5F54 
 732              	.LASF43:
 733 039a 4359424C 		.ascii	"CYBLE_EVT_GAP_AUTH_REQ_REPLY_ERR\000"
 733      455F4556 
 733      545F4741 
 733      505F4155 
 733      54485F52 
 734              	.LASF4:
 735 03bb 6C6F6E67 		.ascii	"long int\000"
 735      20696E74 
 735      00
 736              	.LASF64:
 737 03c4 4359424C 		.ascii	"CYBLE_EVT_GATTC_HANDLE_VALUE_IND\000"
 737      455F4556 
 737      545F4741 
 737      5454435F 
 737      48414E44 
 738              	.LASF28:
 739 03e5 4359424C 		.ascii	"CYBLE_EVT_GAP_DEVICE_CONNECTED\000"
 739      455F4556 
 739      545F4741 
 739      505F4445 
 739      56494345 
 740              	.LASF27:
 741 0404 4359424C 		.ascii	"CYBLE_EVT_GAPP_ADVERTISEMENT_START_STOP\000"
 741      455F4556 
 741      545F4741 
 741      50505F41 
 741      44564552 
 742              	.LASF63:
 743 042c 4359424C 		.ascii	"CYBLE_EVT_GATTC_HANDLE_VALUE_NTF\000"
 743      455F4556 
 743      545F4741 
 743      5454435F 
 743      48414E44 
 744              	.LASF19:
ARM GAS  C:\Users\puria\AppData\Local\Temp\ccmDIEWS.s 			page 19


 745 044d 4359424C 		.ascii	"CYBLE_EVT_STACK_BUSY_STATUS\000"
 745      455F4556 
 745      545F5354 
 745      41434B5F 
 745      42555359 
 746              	.LASF96:
 747 0469 433A5C55 		.ascii	"C:\\Users\\puria\\Documents\\GitHub\\able\\psoc\\ca"
 747      73657273 
 747      5C707572 
 747      69615C44 
 747      6F63756D 
 748 0495 7073656E 		.ascii	"psenseled.cydsn\000"
 748      73656C65 
 748      642E6379 
 748      64736E00 
 749              	.LASF93:
 750 04a5 4359424C 		.ascii	"CYBLE_CUSTOMS_T\000"
 750      455F4355 
 750      53544F4D 
 750      535F5400 
 751              	.LASF74:
 752 04b5 4359424C 		.ascii	"CYBLE_EVT_L2CAP_CBFC_CONN_CNF\000"
 752      455F4556 
 752      545F4C32 
 752      4341505F 
 752      43424643 
 753              	.LASF38:
 754 04d3 4359424C 		.ascii	"CYBLE_EVT_GAP_ENHANCE_CONN_COMPLETE\000"
 754      455F4556 
 754      545F4741 
 754      505F454E 
 754      48414E43 
 755              	.LASF12:
 756 04f7 6C6F6E67 		.ascii	"long double\000"
 756      20646F75 
 756      626C6500 
 757              	.LASF70:
 758 0503 4359424C 		.ascii	"CYBLE_EVT_L2CAP_CONN_PARAM_UPDATE_REQ\000"
 758      455F4556 
 758      545F4C32 
 758      4341505F 
 758      434F4E4E 
 759              	.LASF1:
 760 0529 756E7369 		.ascii	"unsigned char\000"
 760      676E6564 
 760      20636861 
 760      7200
 761              	.LASF92:
 762 0537 63757374 		.ascii	"customServInfo\000"
 762      6F6D5365 
 762      7276496E 
 762      666F00
 763              	.LASF60:
 764 0546 4359424C 		.ascii	"CYBLE_EVT_GATTS_PREP_WRITE_REQ\000"
 764      455F4556 
 764      545F4741 
 764      5454535F 
ARM GAS  C:\Users\puria\AppData\Local\Temp\ccmDIEWS.s 			page 20


 764      50524550 
 765              	.LASF82:
 766 0565 4359424C 		.ascii	"CYBLE_EVT_LE_PING_AUTH_TIMEOUT\000"
 766      455F4556 
 766      545F4C45 
 766      5F50494E 
 766      475F4155 
 767              	.LASF52:
 768 0584 4359424C 		.ascii	"CYBLE_EVT_GATTC_FIND_INFO_RSP\000"
 768      455F4556 
 768      545F4741 
 768      5454435F 
 768      46494E44 
 769              	.LASF0:
 770 05a2 7369676E 		.ascii	"signed char\000"
 770      65642063 
 770      68617200 
 771              	.LASF57:
 772 05ae 4359424C 		.ascii	"CYBLE_EVT_GATTS_WRITE_REQ\000"
 772      455F4556 
 772      545F4741 
 772      5454535F 
 772      57524954 
 773              	.LASF53:
 774 05c8 4359424C 		.ascii	"CYBLE_EVT_GATTC_FIND_BY_TYPE_VALUE_RSP\000"
 774      455F4556 
 774      545F4741 
 774      5454435F 
 774      46494E44 
 775              	.LASF25:
 776 05ef 4359424C 		.ascii	"CYBLE_EVT_GAP_AUTH_COMPLETE\000"
 776      455F4556 
 776      545F4741 
 776      505F4155 
 776      54485F43 
 777              	.LASF8:
 778 060b 756E7369 		.ascii	"unsigned int\000"
 778      676E6564 
 778      20696E74 
 778      00
 779              	.LASF46:
 780 0618 4359424C 		.ascii	"CYBLE_EVT_GATT_CONNECT_IND\000"
 780      455F4556 
 780      545F4741 
 780      54545F43 
 780      4F4E4E45 
 781              	.LASF5:
 782 0633 6C6F6E67 		.ascii	"long unsigned int\000"
 782      20756E73 
 782      69676E65 
 782      6420696E 
 782      7400
 783              	.LASF22:
 784 0645 4359424C 		.ascii	"CYBLE_EVT_GAP_AUTH_REQ\000"
 784      455F4556 
 784      545F4741 
 784      505F4155 
ARM GAS  C:\Users\puria\AppData\Local\Temp\ccmDIEWS.s 			page 21


 784      54485F52 
 785              	.LASF75:
 786 065c 4359424C 		.ascii	"CYBLE_EVT_L2CAP_CBFC_DISCONN_IND\000"
 786      455F4556 
 786      545F4C32 
 786      4341505F 
 786      43424643 
 787              	.LASF30:
 788 067d 4359424C 		.ascii	"CYBLE_EVT_GAP_ENCRYPT_CHANGE\000"
 788      455F4556 
 788      545F4741 
 788      505F454E 
 788      43525950 
 789              	.LASF41:
 790 069a 4359424C 		.ascii	"CYBLE_EVT_GAP_CONN_ESTB\000"
 790      455F4556 
 790      545F4741 
 790      505F434F 
 790      4E4E5F45 
 791              	.LASF69:
 792 06b2 4359424C 		.ascii	"CYBLE_EVT_GATTC_LONG_PROCEDURE_END\000"
 792      455F4556 
 792      545F4741 
 792      5454435F 
 792      4C4F4E47 
 793              	.LASF33:
 794 06d5 4359424C 		.ascii	"CYBLE_EVT_GAP_KEYINFO_EXCHNGE_CMPLT\000"
 794      455F4556 
 794      545F4741 
 794      505F4B45 
 794      59494E46 
 795              	.LASF84:
 796 06f9 4359424C 		.ascii	"CYBLE_EVT_FLASH_CORRUPT\000"
 796      455F4556 
 796      545F464C 
 796      4153485F 
 796      434F5252 
 797              	.LASF31:
 798 0711 4359424C 		.ascii	"CYBLE_EVT_GAP_CONNECTION_UPDATE_COMPLETE\000"
 798      455F4556 
 798      545F4741 
 798      505F434F 
 798      4E4E4543 
 799              	.LASF40:
 800 073a 4359424C 		.ascii	"CYBLE_EVT_GAP_SMP_NEGOTIATED_AUTH_INFO\000"
 800      455F4556 
 800      545F4741 
 800      505F534D 
 800      505F4E45 
 801              	.LASF11:
 802 0761 63686172 		.ascii	"char\000"
 802      00
 803              	.LASF72:
 804 0766 4359424C 		.ascii	"CYBLE_EVT_L2CAP_COMMAND_REJ\000"
 804      455F4556 
 804      545F4C32 
 804      4341505F 
ARM GAS  C:\Users\puria\AppData\Local\Temp\ccmDIEWS.s 			page 22


 804      434F4D4D 
 805              	.LASF3:
 806 0782 73686F72 		.ascii	"short unsigned int\000"
 806      7420756E 
 806      7369676E 
 806      65642069 
 806      6E7400
 807              	.LASF24:
 808 0795 4359424C 		.ascii	"CYBLE_EVT_GAP_PASSKEY_DISPLAY_REQUEST\000"
 808      455F4556 
 808      545F4741 
 808      505F5041 
 808      53534B45 
 809              	.LASF95:
 810 07bb 47656E65 		.ascii	"Generated_Source\\PSoC4\\ble_custom.c\000"
 810      72617465 
 810      645F536F 
 810      75726365 
 810      5C50536F 
 811              	.LASF86:
 812 07df 75696E74 		.ascii	"uint16\000"
 812      313600
 813              	.LASF55:
 814 07e6 4359424C 		.ascii	"CYBLE_EVT_GATTC_READ_BLOB_RSP\000"
 814      455F4556 
 814      545F4741 
 814      5454435F 
 814      52454144 
 815              	.LASF62:
 816 0804 4359424C 		.ascii	"CYBLE_EVT_GATTC_EXEC_WRITE_RSP\000"
 816      455F4556 
 816      545F4741 
 816      5454435F 
 816      45584543 
 817              	.LASF32:
 818 0823 4359424C 		.ascii	"CYBLE_EVT_GAPC_SCAN_START_STOP\000"
 818      455F4556 
 818      545F4741 
 818      50435F53 
 818      43414E5F 
 819              	.LASF81:
 820 0842 4359424C 		.ascii	"CYBLE_EVT_PENDING_FLASH_WRITE\000"
 820      455F4556 
 820      545F5045 
 820      4E44494E 
 820      475F464C 
 821              	.LASF78:
 822 0860 4359424C 		.ascii	"CYBLE_EVT_L2CAP_CBFC_RX_CREDIT_IND\000"
 822      455F4556 
 822      545F4C32 
 822      4341505F 
 822      43424643 
 823              	.LASF10:
 824 0883 646F7562 		.ascii	"double\000"
 824      6C6500
 825              	.LASF79:
 826 088a 4359424C 		.ascii	"CYBLE_EVT_L2CAP_CBFC_TX_CREDIT_IND\000"
ARM GAS  C:\Users\puria\AppData\Local\Temp\ccmDIEWS.s 			page 23


 826      455F4556 
 826      545F4C32 
 826      4341505F 
 826      43424643 
 827              	.LASF88:
 828 08ad 63757374 		.ascii	"customServCharHandle\000"
 828      6F6D5365 
 828      72764368 
 828      61724861 
 828      6E646C65 
 829              	.LASF42:
 830 08c2 4359424C 		.ascii	"CYBLE_EVT_GAP_SCAN_REQ_RECVD\000"
 830      455F4556 
 830      545F4741 
 830      505F5343 
 830      414E5F52 
 831              	.LASF17:
 832 08df 4359424C 		.ascii	"CYBLE_EVT_HARDWARE_ERROR\000"
 832      455F4556 
 832      545F4841 
 832      52445741 
 832      52455F45 
 833              	.LASF77:
 834 08f8 4359424C 		.ascii	"CYBLE_EVT_L2CAP_CBFC_DATA_READ\000"
 834      455F4556 
 834      545F4C32 
 834      4341505F 
 834      43424643 
 835              	.LASF71:
 836 0917 4359424C 		.ascii	"CYBLE_EVT_L2CAP_CONN_PARAM_UPDATE_RSP\000"
 836      455F4556 
 836      545F4C32 
 836      4341505F 
 836      434F4E4E 
 837              	.LASF21:
 838 093d 4359424C 		.ascii	"CYBLE_EVT_GAPC_SCAN_PROGRESS_RESULT\000"
 838      455F4556 
 838      545F4741 
 838      50435F53 
 838      43414E5F 
 839              	.LASF50:
 840 0961 4359424C 		.ascii	"CYBLE_EVT_GATTC_READ_BY_GROUP_TYPE_RSP\000"
 840      455F4556 
 840      545F4741 
 840      5454435F 
 840      52454144 
 841              	.LASF59:
 842 0988 4359424C 		.ascii	"CYBLE_EVT_GATTS_WRITE_CMD_REQ\000"
 842      455F4556 
 842      545F4741 
 842      5454535F 
 842      57524954 
 843              	.LASF51:
 844 09a6 4359424C 		.ascii	"CYBLE_EVT_GATTC_READ_BY_TYPE_RSP\000"
 844      455F4556 
 844      545F4741 
 844      5454435F 
ARM GAS  C:\Users\puria\AppData\Local\Temp\ccmDIEWS.s 			page 24


 844      52454144 
 845              	.LASF49:
 846 09c7 4359424C 		.ascii	"CYBLE_EVT_GATTC_XCHNG_MTU_RSP\000"
 846      455F4556 
 846      545F4741 
 846      5454435F 
 846      5843484E 
 847              	.LASF80:
 848 09e5 4359424C 		.ascii	"CYBLE_EVT_L2CAP_CBFC_DATA_WRITE_IND\000"
 848      455F4556 
 848      545F4C32 
 848      4341505F 
 848      43424643 
 849              	.LASF16:
 850 0a09 4359424C 		.ascii	"CYBLE_EVT_TIMEOUT\000"
 850      455F4556 
 850      545F5449 
 850      4D454F55 
 850      5400
 851              	.LASF85:
 852 0a1b 4359424C 		.ascii	"CYBLE_EVT_MAX\000"
 852      455F4556 
 852      545F4D41 
 852      5800
 853              	.LASF68:
 854 0a29 4359424C 		.ascii	"CYBLE_EVT_GATTS_READ_CHAR_VAL_ACCESS_REQ\000"
 854      455F4556 
 854      545F4741 
 854      5454535F 
 854      52454144 
 855              	.LASF67:
 856 0a52 4359424C 		.ascii	"CYBLE_EVT_GATTC_STOP_CMD_COMPLETE\000"
 856      455F4556 
 856      545F4741 
 856      5454435F 
 856      53544F50 
 857              	.LASF61:
 858 0a74 4359424C 		.ascii	"CYBLE_EVT_GATTS_EXEC_WRITE_REQ\000"
 858      455F4556 
 858      545F4741 
 858      5454535F 
 858      45584543 
 859              	.LASF87:
 860 0a93 4359424C 		.ascii	"CYBLE_GATT_DB_ATTR_HANDLE_T\000"
 860      455F4741 
 860      54545F44 
 860      425F4154 
 860      54525F48 
 861              	.LASF98:
 862 0aaf 6379426C 		.ascii	"cyBle_customs\000"
 862      655F6375 
 862      73746F6D 
 862      7300
 863              	.LASF66:
 864 0abd 4359424C 		.ascii	"CYBLE_EVT_GATTS_DATA_SIGNED_CMD_REQ\000"
 864      455F4556 
 864      545F4741 
ARM GAS  C:\Users\puria\AppData\Local\Temp\ccmDIEWS.s 			page 25


 864      5454535F 
 864      44415441 
 865              	.LASF83:
 866 0ae1 4359424C 		.ascii	"CYBLE_EVT_HCI_PKT\000"
 866      455F4556 
 866      545F4843 
 866      495F504B 
 866      5400
 867              	.LASF36:
 868 0af3 4359424C 		.ascii	"CYBLE_EVT_GAP_OOB_GENERATED_NOTIFICATION\000"
 868      455F4556 
 868      545F4741 
 868      505F4F4F 
 868      425F4745 
 869              		.ident	"GCC: (GNU Tools for ARM Embedded Processors) 5.4.1 20160609 (release) [ARM/embedded-5-bran
