ARM GAS  C:\Users\Art\AppData\Local\Temp\cco1aBsa.s 			page 1


   1              		.syntax unified
   2              		.cpu cortex-m0
   3              		.fpu softvfp
   4              		.eabi_attribute 20, 1
   5              		.eabi_attribute 21, 1
   6              		.eabi_attribute 23, 3
   7              		.eabi_attribute 24, 1
   8              		.eabi_attribute 25, 1
   9              		.eabi_attribute 26, 1
  10              		.eabi_attribute 30, 1
  11              		.eabi_attribute 34, 0
  12              		.eabi_attribute 18, 4
  13              		.thumb
  14              		.syntax unified
  15              		.file	"ble_custom.c"
  16              		.text
  17              	.Ltext0:
  18              		.cfi_sections	.debug_frame
  19              		.section	.text.CyBle_CustomInit,"ax",%progbits
  20              		.align	2
  21              		.global	CyBle_CustomInit
  22              		.code	16
  23              		.thumb_func
  24              		.type	CyBle_CustomInit, %function
  25              	CyBle_CustomInit:
  26              	.LFB2:
  27              		.file 1 "Generated_Source\\PSoC4\\ble_custom.c"
   1:Generated_Source\PSoC4/ble_custom.c **** /***************************************************************************//**
   2:Generated_Source\PSoC4/ble_custom.c **** * \file CYBLE_custom.c
   3:Generated_Source\PSoC4/ble_custom.c **** * \version 3.30
   4:Generated_Source\PSoC4/ble_custom.c **** * 
   5:Generated_Source\PSoC4/ble_custom.c **** * \brief
   6:Generated_Source\PSoC4/ble_custom.c **** *  Contains the source code for the Custom Service.
   7:Generated_Source\PSoC4/ble_custom.c **** * 
   8:Generated_Source\PSoC4/ble_custom.c **** ********************************************************************************
   9:Generated_Source\PSoC4/ble_custom.c **** * \copyright
  10:Generated_Source\PSoC4/ble_custom.c **** * Copyright 2014-2016, Cypress Semiconductor Corporation.  All rights reserved.
  11:Generated_Source\PSoC4/ble_custom.c **** * You may use this file only in accordance with the license, terms, conditions,
  12:Generated_Source\PSoC4/ble_custom.c **** * disclaimers, and limitations in the end user license agreement accompanying
  13:Generated_Source\PSoC4/ble_custom.c **** * the software package with which this file was provided.
  14:Generated_Source\PSoC4/ble_custom.c **** *******************************************************************************/
  15:Generated_Source\PSoC4/ble_custom.c **** 
  16:Generated_Source\PSoC4/ble_custom.c **** 
  17:Generated_Source\PSoC4/ble_custom.c **** #include "ble_eventHandler.h"
  18:Generated_Source\PSoC4/ble_custom.c **** 
  19:Generated_Source\PSoC4/ble_custom.c **** #ifdef CYBLE_CUSTOM_SERVER
  20:Generated_Source\PSoC4/ble_custom.c **** 
  21:Generated_Source\PSoC4/ble_custom.c **** /* If any custom service with custom characterisctis is defined in the
  22:Generated_Source\PSoC4/ble_custom.c **** * customizer's GUI their handles will be present in this array.
  23:Generated_Source\PSoC4/ble_custom.c **** */
  24:Generated_Source\PSoC4/ble_custom.c **** /* This array contains attribute handles for the defined Custom Services and their characteristics 
  25:Generated_Source\PSoC4/ble_custom.c ****    The array index definitions are located in the CYBLE_custom.h file. */
  26:Generated_Source\PSoC4/ble_custom.c **** const CYBLE_CUSTOMS_T cyBle_customs[0x01u] = {
  27:Generated_Source\PSoC4/ble_custom.c **** 
  28:Generated_Source\PSoC4/ble_custom.c ****     /* ledcapsense service */
  29:Generated_Source\PSoC4/ble_custom.c ****     {
  30:Generated_Source\PSoC4/ble_custom.c ****         0x000Cu, /* Handle of the ledcapsense service */ 
ARM GAS  C:\Users\Art\AppData\Local\Temp\cco1aBsa.s 			page 2


  31:Generated_Source\PSoC4/ble_custom.c ****         {
  32:Generated_Source\PSoC4/ble_custom.c **** 
  33:Generated_Source\PSoC4/ble_custom.c ****             /* led characteristic */
  34:Generated_Source\PSoC4/ble_custom.c ****             {
  35:Generated_Source\PSoC4/ble_custom.c ****                 0x000Eu, /* Handle of the led characteristic */ 
  36:Generated_Source\PSoC4/ble_custom.c ****                 
  37:Generated_Source\PSoC4/ble_custom.c ****                 /* Array of Descriptors handles */
  38:Generated_Source\PSoC4/ble_custom.c ****                 {
  39:Generated_Source\PSoC4/ble_custom.c ****                     0x000Fu, /* Handle of the Characteristic User Description descriptor */ 
  40:Generated_Source\PSoC4/ble_custom.c ****                     CYBLE_GATT_INVALID_ATTR_HANDLE_VALUE, 
  41:Generated_Source\PSoC4/ble_custom.c ****                 }, 
  42:Generated_Source\PSoC4/ble_custom.c ****             },
  43:Generated_Source\PSoC4/ble_custom.c **** 
  44:Generated_Source\PSoC4/ble_custom.c ****             /* capsense characteristic */
  45:Generated_Source\PSoC4/ble_custom.c ****             {
  46:Generated_Source\PSoC4/ble_custom.c ****                 0x0011u, /* Handle of the capsense characteristic */ 
  47:Generated_Source\PSoC4/ble_custom.c ****                 
  48:Generated_Source\PSoC4/ble_custom.c ****                 /* Array of Descriptors handles */
  49:Generated_Source\PSoC4/ble_custom.c ****                 {
  50:Generated_Source\PSoC4/ble_custom.c ****                     0x0012u, /* Handle of the capsensecccd descriptor */ 
  51:Generated_Source\PSoC4/ble_custom.c ****                     0x0013u, /* Handle of the Characteristic User Description descriptor */ 
  52:Generated_Source\PSoC4/ble_custom.c ****                 }, 
  53:Generated_Source\PSoC4/ble_custom.c ****             },
  54:Generated_Source\PSoC4/ble_custom.c ****         }, 
  55:Generated_Source\PSoC4/ble_custom.c ****     },
  56:Generated_Source\PSoC4/ble_custom.c **** };
  57:Generated_Source\PSoC4/ble_custom.c **** 
  58:Generated_Source\PSoC4/ble_custom.c **** 
  59:Generated_Source\PSoC4/ble_custom.c **** #endif /* (CYBLE_CUSTOM_SERVER) */
  60:Generated_Source\PSoC4/ble_custom.c **** 
  61:Generated_Source\PSoC4/ble_custom.c **** #ifdef CYBLE_CUSTOM_CLIENT
  62:Generated_Source\PSoC4/ble_custom.c ****     
  63:Generated_Source\PSoC4/ble_custom.c **** 
  64:Generated_Source\PSoC4/ble_custom.c **** static uint16 cyBle_customDisServIndex;
  65:Generated_Source\PSoC4/ble_custom.c **** static uint16 cyBle_customDisCharIndex;
  66:Generated_Source\PSoC4/ble_custom.c **** 
  67:Generated_Source\PSoC4/ble_custom.c **** #endif /* (CYBLE_CUSTOM_CLIENT) */
  68:Generated_Source\PSoC4/ble_custom.c **** 
  69:Generated_Source\PSoC4/ble_custom.c **** 
  70:Generated_Source\PSoC4/ble_custom.c **** /****************************************************************************** 
  71:Generated_Source\PSoC4/ble_custom.c **** * Function Name: CyBle_CustomInit
  72:Generated_Source\PSoC4/ble_custom.c **** ***************************************************************************//**
  73:Generated_Source\PSoC4/ble_custom.c **** * 
  74:Generated_Source\PSoC4/ble_custom.c **** *  This function initializes Custom Service.
  75:Generated_Source\PSoC4/ble_custom.c **** * 
  76:Generated_Source\PSoC4/ble_custom.c **** * \return
  77:Generated_Source\PSoC4/ble_custom.c **** *  None
  78:Generated_Source\PSoC4/ble_custom.c **** * 
  79:Generated_Source\PSoC4/ble_custom.c **** ******************************************************************************/
  80:Generated_Source\PSoC4/ble_custom.c **** void CyBle_CustomInit(void)
  81:Generated_Source\PSoC4/ble_custom.c **** {
  28              		.loc 1 81 0
  29              		.cfi_startproc
  30              		@ args = 0, pretend = 0, frame = 0
  31              		@ frame_needed = 0, uses_anonymous_args = 0
  32              		@ link register save eliminated.
  82:Generated_Source\PSoC4/ble_custom.c ****     
ARM GAS  C:\Users\Art\AppData\Local\Temp\cco1aBsa.s 			page 3


  83:Generated_Source\PSoC4/ble_custom.c **** #ifdef CYBLE_CUSTOM_CLIENT
  84:Generated_Source\PSoC4/ble_custom.c **** 
  85:Generated_Source\PSoC4/ble_custom.c ****     uint16 locServIndex;
  86:Generated_Source\PSoC4/ble_custom.c ****     uint16 locCharIndex;
  87:Generated_Source\PSoC4/ble_custom.c ****     uint16 locDescIndex;
  88:Generated_Source\PSoC4/ble_custom.c ****     
  89:Generated_Source\PSoC4/ble_custom.c ****     for(locServIndex = 0u; locServIndex < CYBLE_CUSTOMC_SERVICE_COUNT; locServIndex++)
  90:Generated_Source\PSoC4/ble_custom.c ****     {
  91:Generated_Source\PSoC4/ble_custom.c ****         if(cyBle_serverInfo[CYBLE_SRVI_CUSTOMS + locServIndex].range.startHandle == CYBLE_GATT_INVA
  92:Generated_Source\PSoC4/ble_custom.c ****         {
  93:Generated_Source\PSoC4/ble_custom.c ****             for(locCharIndex = 0u; locCharIndex < cyBle_customCServ[locServIndex].charCount; locCha
  94:Generated_Source\PSoC4/ble_custom.c ****             {
  95:Generated_Source\PSoC4/ble_custom.c ****                 cyBle_customCServ[locServIndex].customServChar[locCharIndex].
  96:Generated_Source\PSoC4/ble_custom.c ****                     customServCharHandle = 0u;
  97:Generated_Source\PSoC4/ble_custom.c ****                 
  98:Generated_Source\PSoC4/ble_custom.c ****                 for(locDescIndex = 0u; locDescIndex < 
  99:Generated_Source\PSoC4/ble_custom.c ****                     cyBle_customCServ[locServIndex].customServChar[locCharIndex].descCount; 
 100:Generated_Source\PSoC4/ble_custom.c ****                         locDescIndex++)
 101:Generated_Source\PSoC4/ble_custom.c ****                 {
 102:Generated_Source\PSoC4/ble_custom.c ****                     cyBle_customCServ[locServIndex].customServChar[locCharIndex].
 103:Generated_Source\PSoC4/ble_custom.c ****                         customServCharDesc[locDescIndex].descHandle = 0u;
 104:Generated_Source\PSoC4/ble_custom.c ****                 }
 105:Generated_Source\PSoC4/ble_custom.c ****             }
 106:Generated_Source\PSoC4/ble_custom.c ****         }
 107:Generated_Source\PSoC4/ble_custom.c ****     }
 108:Generated_Source\PSoC4/ble_custom.c **** 
 109:Generated_Source\PSoC4/ble_custom.c **** #endif /* (CYBLE_CUSTOM_CLIENT) */
 110:Generated_Source\PSoC4/ble_custom.c **** }
  33              		.loc 1 110 0
  34              		@ sp needed
  35 0000 7047     		bx	lr
  36              		.cfi_endproc
  37              	.LFE2:
  38              		.size	CyBle_CustomInit, .-CyBle_CustomInit
  39              		.global	cyBle_customs
  40 0002 C046     		.section	.rodata
  41              		.align	2
  42              		.type	cyBle_customs, %object
  43              		.size	cyBle_customs, 14
  44              	cyBle_customs:
  45 0000 0C00     		.short	12
  46 0002 0E00     		.short	14
  47 0004 0F00     		.short	15
  48 0006 0000     		.short	0
  49 0008 1100     		.short	17
  50 000a 1200     		.short	18
  51 000c 1300     		.short	19
  52              		.text
  53              	.Letext0:
  54              		.file 2 "Generated_Source\\PSoC4\\cytypes.h"
  55              		.file 3 "Generated_Source\\PSoC4\\ble_StackGatt.h"
  56              		.file 4 "Generated_Source\\PSoC4\\ble_custom.h"
  57              		.file 5 "Generated_Source\\PSoC4\\ble_Stack.h"
  58              		.section	.debug_info,"",%progbits
  59              	.Ldebug_info0:
  60 0000 15030000 		.4byte	0x315
  61 0004 0400     		.2byte	0x4
ARM GAS  C:\Users\Art\AppData\Local\Temp\cco1aBsa.s 			page 4


  62 0006 00000000 		.4byte	.Ldebug_abbrev0
  63 000a 04       		.byte	0x4
  64 000b 01       		.uleb128 0x1
  65 000c 28020000 		.4byte	.LASF94
  66 0010 0C       		.byte	0xc
  67 0011 D9070000 		.4byte	.LASF95
  68 0015 3E000000 		.4byte	.LASF96
  69 0019 00000000 		.4byte	.Ldebug_ranges0+0
  70 001d 00000000 		.4byte	0
  71 0021 00000000 		.4byte	.Ldebug_line0
  72 0025 02       		.uleb128 0x2
  73 0026 01       		.byte	0x1
  74 0027 06       		.byte	0x6
  75 0028 E6050000 		.4byte	.LASF0
  76 002c 02       		.uleb128 0x2
  77 002d 01       		.byte	0x1
  78 002e 08       		.byte	0x8
  79 002f 6D050000 		.4byte	.LASF1
  80 0033 02       		.uleb128 0x2
  81 0034 02       		.byte	0x2
  82 0035 05       		.byte	0x5
  83 0036 11010000 		.4byte	.LASF2
  84 003a 02       		.uleb128 0x2
  85 003b 02       		.byte	0x2
  86 003c 07       		.byte	0x7
  87 003d C6070000 		.4byte	.LASF3
  88 0041 02       		.uleb128 0x2
  89 0042 04       		.byte	0x4
  90 0043 05       		.byte	0x5
  91 0044 15040000 		.4byte	.LASF4
  92 0048 02       		.uleb128 0x2
  93 0049 04       		.byte	0x4
  94 004a 07       		.byte	0x7
  95 004b 77060000 		.4byte	.LASF5
  96 004f 02       		.uleb128 0x2
  97 0050 08       		.byte	0x8
  98 0051 05       		.byte	0x5
  99 0052 7D010000 		.4byte	.LASF6
 100 0056 02       		.uleb128 0x2
 101 0057 08       		.byte	0x8
 102 0058 07       		.byte	0x7
 103 0059 C8030000 		.4byte	.LASF7
 104 005d 03       		.uleb128 0x3
 105 005e 04       		.byte	0x4
 106 005f 05       		.byte	0x5
 107 0060 696E7400 		.ascii	"int\000"
 108 0064 02       		.uleb128 0x2
 109 0065 04       		.byte	0x4
 110 0066 07       		.byte	0x7
 111 0067 4F060000 		.4byte	.LASF8
 112 006b 04       		.uleb128 0x4
 113 006c FD070000 		.4byte	.LASF86
 114 0070 02       		.byte	0x2
 115 0071 D301     		.2byte	0x1d3
 116 0073 3A000000 		.4byte	0x3a
 117 0077 02       		.uleb128 0x2
 118 0078 04       		.byte	0x4
ARM GAS  C:\Users\Art\AppData\Local\Temp\cco1aBsa.s 			page 5


 119 0079 04       		.byte	0x4
 120 007a 5F030000 		.4byte	.LASF9
 121 007e 02       		.uleb128 0x2
 122 007f 08       		.byte	0x8
 123 0080 04       		.byte	0x4
 124 0081 A1080000 		.4byte	.LASF10
 125 0085 02       		.uleb128 0x2
 126 0086 01       		.byte	0x1
 127 0087 08       		.byte	0x8
 128 0088 A5070000 		.4byte	.LASF11
 129 008c 02       		.uleb128 0x2
 130 008d 08       		.byte	0x8
 131 008e 04       		.byte	0x4
 132 008f 3B050000 		.4byte	.LASF12
 133 0093 02       		.uleb128 0x2
 134 0094 04       		.byte	0x4
 135 0095 07       		.byte	0x7
 136 0096 53010000 		.4byte	.LASF13
 137 009a 05       		.uleb128 0x5
 138 009b 01       		.byte	0x1
 139 009c 2C000000 		.4byte	0x2c
 140 00a0 05       		.byte	0x5
 141 00a1 4D01     		.2byte	0x14d
 142 00a3 58020000 		.4byte	0x258
 143 00a7 06       		.uleb128 0x6
 144 00a8 09030000 		.4byte	.LASF14
 145 00ac 00       		.byte	0
 146 00ad 06       		.uleb128 0x6
 147 00ae C2010000 		.4byte	.LASF15
 148 00b2 01       		.byte	0x1
 149 00b3 06       		.uleb128 0x6
 150 00b4 270A0000 		.4byte	.LASF16
 151 00b8 02       		.byte	0x2
 152 00b9 06       		.uleb128 0x6
 153 00ba FD080000 		.4byte	.LASF17
 154 00be 03       		.byte	0x3
 155 00bf 06       		.uleb128 0x6
 156 00c0 9C010000 		.4byte	.LASF18
 157 00c4 04       		.byte	0x4
 158 00c5 06       		.uleb128 0x6
 159 00c6 A7040000 		.4byte	.LASF19
 160 00ca 05       		.byte	0x5
 161 00cb 06       		.uleb128 0x6
 162 00cc 98000000 		.4byte	.LASF20
 163 00d0 06       		.byte	0x6
 164 00d1 06       		.uleb128 0x6
 165 00d2 5B090000 		.4byte	.LASF21
 166 00d6 20       		.byte	0x20
 167 00d7 06       		.uleb128 0x6
 168 00d8 89060000 		.4byte	.LASF22
 169 00dc 21       		.byte	0x21
 170 00dd 06       		.uleb128 0x6
 171 00de 00000000 		.4byte	.LASF23
 172 00e2 22       		.byte	0x22
 173 00e3 06       		.uleb128 0x6
 174 00e4 C3040000 		.4byte	.LASF24
 175 00e8 23       		.byte	0x23
ARM GAS  C:\Users\Art\AppData\Local\Temp\cco1aBsa.s 			page 6


 176 00e9 06       		.uleb128 0x6
 177 00ea 33060000 		.4byte	.LASF25
 178 00ee 24       		.byte	0x24
 179 00ef 06       		.uleb128 0x6
 180 00f0 1B010000 		.4byte	.LASF26
 181 00f4 25       		.byte	0x25
 182 00f5 06       		.uleb128 0x6
 183 00f6 5E040000 		.4byte	.LASF27
 184 00fa 26       		.byte	0x26
 185 00fb 06       		.uleb128 0x6
 186 00fc 3F040000 		.4byte	.LASF28
 187 0100 27       		.byte	0x27
 188 0101 06       		.uleb128 0x6
 189 0102 CB000000 		.4byte	.LASF29
 190 0106 28       		.byte	0x28
 191 0107 06       		.uleb128 0x6
 192 0108 C1060000 		.4byte	.LASF30
 193 010c 29       		.byte	0x29
 194 010d 06       		.uleb128 0x6
 195 010e 55070000 		.4byte	.LASF31
 196 0112 2A       		.byte	0x2a
 197 0113 06       		.uleb128 0x6
 198 0114 41080000 		.4byte	.LASF32
 199 0118 2B       		.byte	0x2b
 200 0119 06       		.uleb128 0x6
 201 011a 19070000 		.4byte	.LASF33
 202 011e 2C       		.byte	0x2c
 203 011f 06       		.uleb128 0x6
 204 0120 7E030000 		.4byte	.LASF34
 205 0124 2D       		.byte	0x2d
 206 0125 06       		.uleb128 0x6
 207 0126 ED000000 		.4byte	.LASF35
 208 012a 2E       		.byte	0x2e
 209 012b 06       		.uleb128 0x6
 210 012c 110B0000 		.4byte	.LASF36
 211 0130 2F       		.byte	0x2f
 212 0131 06       		.uleb128 0x6
 213 0132 5C010000 		.4byte	.LASF37
 214 0136 30       		.byte	0x30
 215 0137 06       		.uleb128 0x6
 216 0138 17050000 		.4byte	.LASF38
 217 013c 31       		.byte	0x31
 218 013d 06       		.uleb128 0x6
 219 013e A7030000 		.4byte	.LASF39
 220 0142 32       		.byte	0x32
 221 0143 06       		.uleb128 0x6
 222 0144 7E070000 		.4byte	.LASF40
 223 0148 33       		.byte	0x33
 224 0149 06       		.uleb128 0x6
 225 014a DE060000 		.4byte	.LASF41
 226 014e 34       		.byte	0x34
 227 014f 06       		.uleb128 0x6
 228 0150 E0080000 		.4byte	.LASF42
 229 0154 35       		.byte	0x35
 230 0155 06       		.uleb128 0x6
 231 0156 F4030000 		.4byte	.LASF43
 232 015a 36       		.byte	0x36
ARM GAS  C:\Users\Art\AppData\Local\Temp\cco1aBsa.s 			page 7


 233 015b 06       		.uleb128 0x6
 234 015c D5010000 		.4byte	.LASF44
 235 0160 37       		.byte	0x37
 236 0161 06       		.uleb128 0x6
 237 0162 B1000000 		.4byte	.LASF45
 238 0166 40       		.byte	0x40
 239 0167 06       		.uleb128 0x6
 240 0168 5C060000 		.4byte	.LASF46
 241 016c 41       		.byte	0x41
 242 016d 06       		.uleb128 0x6
 243 016e 35010000 		.4byte	.LASF47
 244 0172 42       		.byte	0x42
 245 0173 06       		.uleb128 0x6
 246 0174 0A020000 		.4byte	.LASF48
 247 0178 43       		.byte	0x43
 248 0179 06       		.uleb128 0x6
 249 017a E5090000 		.4byte	.LASF49
 250 017e 44       		.byte	0x44
 251 017f 06       		.uleb128 0x6
 252 0180 7F090000 		.4byte	.LASF50
 253 0184 45       		.byte	0x45
 254 0185 06       		.uleb128 0x6
 255 0186 C4090000 		.4byte	.LASF51
 256 018a 46       		.byte	0x46
 257 018b 06       		.uleb128 0x6
 258 018c C8050000 		.4byte	.LASF52
 259 0190 47       		.byte	0x47
 260 0191 06       		.uleb128 0x6
 261 0192 0C060000 		.4byte	.LASF53
 262 0196 48       		.byte	0x48
 263 0197 06       		.uleb128 0x6
 264 0198 65030000 		.4byte	.LASF54
 265 019c 49       		.byte	0x49
 266 019d 06       		.uleb128 0x6
 267 019e 04080000 		.4byte	.LASF55
 268 01a2 4A       		.byte	0x4a
 269 01a3 06       		.uleb128 0x6
 270 01a4 C9020000 		.4byte	.LASF56
 271 01a8 4B       		.byte	0x4b
 272 01a9 06       		.uleb128 0x6
 273 01aa F2050000 		.4byte	.LASF57
 274 01ae 4C       		.byte	0x4c
 275 01af 06       		.uleb128 0x6
 276 01b0 24000000 		.4byte	.LASF58
 277 01b4 4D       		.byte	0x4d
 278 01b5 06       		.uleb128 0x6
 279 01b6 A6090000 		.4byte	.LASF59
 280 01ba 4E       		.byte	0x4e
 281 01bb 06       		.uleb128 0x6
 282 01bc 8A050000 		.4byte	.LASF60
 283 01c0 4F       		.byte	0x4f
 284 01c1 06       		.uleb128 0x6
 285 01c2 920A0000 		.4byte	.LASF61
 286 01c6 50       		.byte	0x50
 287 01c7 06       		.uleb128 0x6
 288 01c8 22080000 		.4byte	.LASF62
 289 01cc 51       		.byte	0x51
ARM GAS  C:\Users\Art\AppData\Local\Temp\cco1aBsa.s 			page 8


 290 01cd 06       		.uleb128 0x6
 291 01ce 86040000 		.4byte	.LASF63
 292 01d2 52       		.byte	0x52
 293 01d3 06       		.uleb128 0x6
 294 01d4 1E040000 		.4byte	.LASF64
 295 01d8 53       		.byte	0x53
 296 01d9 06       		.uleb128 0x6
 297 01da E8020000 		.4byte	.LASF65
 298 01de 54       		.byte	0x54
 299 01df 06       		.uleb128 0x6
 300 01e0 DB0A0000 		.4byte	.LASF66
 301 01e4 55       		.byte	0x55
 302 01e5 06       		.uleb128 0x6
 303 01e6 700A0000 		.4byte	.LASF67
 304 01ea 56       		.byte	0x56
 305 01eb 06       		.uleb128 0x6
 306 01ec 470A0000 		.4byte	.LASF68
 307 01f0 57       		.byte	0x57
 308 01f1 06       		.uleb128 0x6
 309 01f2 F6060000 		.4byte	.LASF69
 310 01f6 58       		.byte	0x58
 311 01f7 06       		.uleb128 0x6
 312 01f8 47050000 		.4byte	.LASF70
 313 01fc 70       		.byte	0x70
 314 01fd 06       		.uleb128 0x6
 315 01fe 35090000 		.4byte	.LASF71
 316 0202 71       		.byte	0x71
 317 0203 06       		.uleb128 0x6
 318 0204 AA070000 		.4byte	.LASF72
 319 0208 72       		.byte	0x72
 320 0209 06       		.uleb128 0x6
 321 020a 20030000 		.4byte	.LASF73
 322 020e 73       		.byte	0x73
 323 020f 06       		.uleb128 0x6
 324 0210 F9040000 		.4byte	.LASF74
 325 0214 74       		.byte	0x74
 326 0215 06       		.uleb128 0x6
 327 0216 A0060000 		.4byte	.LASF75
 328 021a 75       		.byte	0x75
 329 021b 06       		.uleb128 0x6
 330 021c 3E030000 		.4byte	.LASF76
 331 0220 76       		.byte	0x76
 332 0221 06       		.uleb128 0x6
 333 0222 16090000 		.4byte	.LASF77
 334 0226 77       		.byte	0x77
 335 0227 06       		.uleb128 0x6
 336 0228 7E080000 		.4byte	.LASF78
 337 022c 78       		.byte	0x78
 338 022d 06       		.uleb128 0x6
 339 022e A8080000 		.4byte	.LASF79
 340 0232 79       		.byte	0x79
 341 0233 06       		.uleb128 0x6
 342 0234 030A0000 		.4byte	.LASF80
 343 0238 7A       		.byte	0x7a
 344 0239 06       		.uleb128 0x6
 345 023a 60080000 		.4byte	.LASF81
 346 023e FA       		.byte	0xfa
ARM GAS  C:\Users\Art\AppData\Local\Temp\cco1aBsa.s 			page 9


 347 023f 06       		.uleb128 0x6
 348 0240 A9050000 		.4byte	.LASF82
 349 0244 FB       		.byte	0xfb
 350 0245 06       		.uleb128 0x6
 351 0246 FF0A0000 		.4byte	.LASF83
 352 024a FC       		.byte	0xfc
 353 024b 06       		.uleb128 0x6
 354 024c 3D070000 		.4byte	.LASF84
 355 0250 FD       		.byte	0xfd
 356 0251 06       		.uleb128 0x6
 357 0252 390A0000 		.4byte	.LASF85
 358 0256 FF       		.byte	0xff
 359 0257 00       		.byte	0
 360 0258 04       		.uleb128 0x4
 361 0259 B10A0000 		.4byte	.LASF87
 362 025d 03       		.byte	0x3
 363 025e 8901     		.2byte	0x189
 364 0260 6B000000 		.4byte	0x6b
 365 0264 07       		.uleb128 0x7
 366 0265 06       		.byte	0x6
 367 0266 04       		.byte	0x4
 368 0267 48       		.byte	0x48
 369 0268 85020000 		.4byte	0x285
 370 026c 08       		.uleb128 0x8
 371 026d CB080000 		.4byte	.LASF88
 372 0271 04       		.byte	0x4
 373 0272 4B       		.byte	0x4b
 374 0273 58020000 		.4byte	0x258
 375 0277 00       		.byte	0
 376 0278 08       		.uleb128 0x8
 377 0279 B6020000 		.4byte	.LASF89
 378 027d 04       		.byte	0x4
 379 027e 4D       		.byte	0x4d
 380 027f 85020000 		.4byte	0x285
 381 0283 02       		.byte	0x2
 382 0284 00       		.byte	0
 383 0285 09       		.uleb128 0x9
 384 0286 58020000 		.4byte	0x258
 385 028a 95020000 		.4byte	0x295
 386 028e 0A       		.uleb128 0xa
 387 028f 93000000 		.4byte	0x93
 388 0293 01       		.byte	0x1
 389 0294 00       		.byte	0
 390 0295 0B       		.uleb128 0xb
 391 0296 DF030000 		.4byte	.LASF90
 392 029a 04       		.byte	0x4
 393 029b 4F       		.byte	0x4f
 394 029c 64020000 		.4byte	0x264
 395 02a0 07       		.uleb128 0x7
 396 02a1 0E       		.byte	0xe
 397 02a2 04       		.byte	0x4
 398 02a3 52       		.byte	0x52
 399 02a4 C1020000 		.4byte	0x2c1
 400 02a8 08       		.uleb128 0x8
 401 02a9 8B010000 		.4byte	.LASF91
 402 02ad 04       		.byte	0x4
 403 02ae 55       		.byte	0x55
ARM GAS  C:\Users\Art\AppData\Local\Temp\cco1aBsa.s 			page 10


 404 02af 58020000 		.4byte	0x258
 405 02b3 00       		.byte	0
 406 02b4 08       		.uleb128 0x8
 407 02b5 7B050000 		.4byte	.LASF92
 408 02b9 04       		.byte	0x4
 409 02ba 58       		.byte	0x58
 410 02bb C1020000 		.4byte	0x2c1
 411 02bf 02       		.byte	0x2
 412 02c0 00       		.byte	0
 413 02c1 09       		.uleb128 0x9
 414 02c2 95020000 		.4byte	0x295
 415 02c6 D1020000 		.4byte	0x2d1
 416 02ca 0A       		.uleb128 0xa
 417 02cb 93000000 		.4byte	0x93
 418 02cf 01       		.byte	0x1
 419 02d0 00       		.byte	0
 420 02d1 0B       		.uleb128 0xb
 421 02d2 E9040000 		.4byte	.LASF93
 422 02d6 04       		.byte	0x4
 423 02d7 5A       		.byte	0x5a
 424 02d8 A0020000 		.4byte	0x2a0
 425 02dc 0C       		.uleb128 0xc
 426 02dd B1010000 		.4byte	.LASF97
 427 02e1 01       		.byte	0x1
 428 02e2 50       		.byte	0x50
 429 02e3 00000000 		.4byte	.LFB2
 430 02e7 02000000 		.4byte	.LFE2-.LFB2
 431 02eb 01       		.uleb128 0x1
 432 02ec 9C       		.byte	0x9c
 433 02ed 09       		.uleb128 0x9
 434 02ee FD020000 		.4byte	0x2fd
 435 02f2 FD020000 		.4byte	0x2fd
 436 02f6 0A       		.uleb128 0xa
 437 02f7 93000000 		.4byte	0x93
 438 02fb 00       		.byte	0
 439 02fc 00       		.byte	0
 440 02fd 0D       		.uleb128 0xd
 441 02fe D1020000 		.4byte	0x2d1
 442 0302 0E       		.uleb128 0xe
 443 0303 CD0A0000 		.4byte	.LASF98
 444 0307 01       		.byte	0x1
 445 0308 1A       		.byte	0x1a
 446 0309 13030000 		.4byte	0x313
 447 030d 05       		.uleb128 0x5
 448 030e 03       		.byte	0x3
 449 030f 00000000 		.4byte	cyBle_customs
 450 0313 0D       		.uleb128 0xd
 451 0314 ED020000 		.4byte	0x2ed
 452 0318 00       		.byte	0
 453              		.section	.debug_abbrev,"",%progbits
 454              	.Ldebug_abbrev0:
 455 0000 01       		.uleb128 0x1
 456 0001 11       		.uleb128 0x11
 457 0002 01       		.byte	0x1
 458 0003 25       		.uleb128 0x25
 459 0004 0E       		.uleb128 0xe
 460 0005 13       		.uleb128 0x13
ARM GAS  C:\Users\Art\AppData\Local\Temp\cco1aBsa.s 			page 11


 461 0006 0B       		.uleb128 0xb
 462 0007 03       		.uleb128 0x3
 463 0008 0E       		.uleb128 0xe
 464 0009 1B       		.uleb128 0x1b
 465 000a 0E       		.uleb128 0xe
 466 000b 55       		.uleb128 0x55
 467 000c 17       		.uleb128 0x17
 468 000d 11       		.uleb128 0x11
 469 000e 01       		.uleb128 0x1
 470 000f 10       		.uleb128 0x10
 471 0010 17       		.uleb128 0x17
 472 0011 00       		.byte	0
 473 0012 00       		.byte	0
 474 0013 02       		.uleb128 0x2
 475 0014 24       		.uleb128 0x24
 476 0015 00       		.byte	0
 477 0016 0B       		.uleb128 0xb
 478 0017 0B       		.uleb128 0xb
 479 0018 3E       		.uleb128 0x3e
 480 0019 0B       		.uleb128 0xb
 481 001a 03       		.uleb128 0x3
 482 001b 0E       		.uleb128 0xe
 483 001c 00       		.byte	0
 484 001d 00       		.byte	0
 485 001e 03       		.uleb128 0x3
 486 001f 24       		.uleb128 0x24
 487 0020 00       		.byte	0
 488 0021 0B       		.uleb128 0xb
 489 0022 0B       		.uleb128 0xb
 490 0023 3E       		.uleb128 0x3e
 491 0024 0B       		.uleb128 0xb
 492 0025 03       		.uleb128 0x3
 493 0026 08       		.uleb128 0x8
 494 0027 00       		.byte	0
 495 0028 00       		.byte	0
 496 0029 04       		.uleb128 0x4
 497 002a 16       		.uleb128 0x16
 498 002b 00       		.byte	0
 499 002c 03       		.uleb128 0x3
 500 002d 0E       		.uleb128 0xe
 501 002e 3A       		.uleb128 0x3a
 502 002f 0B       		.uleb128 0xb
 503 0030 3B       		.uleb128 0x3b
 504 0031 05       		.uleb128 0x5
 505 0032 49       		.uleb128 0x49
 506 0033 13       		.uleb128 0x13
 507 0034 00       		.byte	0
 508 0035 00       		.byte	0
 509 0036 05       		.uleb128 0x5
 510 0037 04       		.uleb128 0x4
 511 0038 01       		.byte	0x1
 512 0039 0B       		.uleb128 0xb
 513 003a 0B       		.uleb128 0xb
 514 003b 49       		.uleb128 0x49
 515 003c 13       		.uleb128 0x13
 516 003d 3A       		.uleb128 0x3a
 517 003e 0B       		.uleb128 0xb
ARM GAS  C:\Users\Art\AppData\Local\Temp\cco1aBsa.s 			page 12


 518 003f 3B       		.uleb128 0x3b
 519 0040 05       		.uleb128 0x5
 520 0041 01       		.uleb128 0x1
 521 0042 13       		.uleb128 0x13
 522 0043 00       		.byte	0
 523 0044 00       		.byte	0
 524 0045 06       		.uleb128 0x6
 525 0046 28       		.uleb128 0x28
 526 0047 00       		.byte	0
 527 0048 03       		.uleb128 0x3
 528 0049 0E       		.uleb128 0xe
 529 004a 1C       		.uleb128 0x1c
 530 004b 0B       		.uleb128 0xb
 531 004c 00       		.byte	0
 532 004d 00       		.byte	0
 533 004e 07       		.uleb128 0x7
 534 004f 13       		.uleb128 0x13
 535 0050 01       		.byte	0x1
 536 0051 0B       		.uleb128 0xb
 537 0052 0B       		.uleb128 0xb
 538 0053 3A       		.uleb128 0x3a
 539 0054 0B       		.uleb128 0xb
 540 0055 3B       		.uleb128 0x3b
 541 0056 0B       		.uleb128 0xb
 542 0057 01       		.uleb128 0x1
 543 0058 13       		.uleb128 0x13
 544 0059 00       		.byte	0
 545 005a 00       		.byte	0
 546 005b 08       		.uleb128 0x8
 547 005c 0D       		.uleb128 0xd
 548 005d 00       		.byte	0
 549 005e 03       		.uleb128 0x3
 550 005f 0E       		.uleb128 0xe
 551 0060 3A       		.uleb128 0x3a
 552 0061 0B       		.uleb128 0xb
 553 0062 3B       		.uleb128 0x3b
 554 0063 0B       		.uleb128 0xb
 555 0064 49       		.uleb128 0x49
 556 0065 13       		.uleb128 0x13
 557 0066 38       		.uleb128 0x38
 558 0067 0B       		.uleb128 0xb
 559 0068 00       		.byte	0
 560 0069 00       		.byte	0
 561 006a 09       		.uleb128 0x9
 562 006b 01       		.uleb128 0x1
 563 006c 01       		.byte	0x1
 564 006d 49       		.uleb128 0x49
 565 006e 13       		.uleb128 0x13
 566 006f 01       		.uleb128 0x1
 567 0070 13       		.uleb128 0x13
 568 0071 00       		.byte	0
 569 0072 00       		.byte	0
 570 0073 0A       		.uleb128 0xa
 571 0074 21       		.uleb128 0x21
 572 0075 00       		.byte	0
 573 0076 49       		.uleb128 0x49
 574 0077 13       		.uleb128 0x13
ARM GAS  C:\Users\Art\AppData\Local\Temp\cco1aBsa.s 			page 13


 575 0078 2F       		.uleb128 0x2f
 576 0079 0B       		.uleb128 0xb
 577 007a 00       		.byte	0
 578 007b 00       		.byte	0
 579 007c 0B       		.uleb128 0xb
 580 007d 16       		.uleb128 0x16
 581 007e 00       		.byte	0
 582 007f 03       		.uleb128 0x3
 583 0080 0E       		.uleb128 0xe
 584 0081 3A       		.uleb128 0x3a
 585 0082 0B       		.uleb128 0xb
 586 0083 3B       		.uleb128 0x3b
 587 0084 0B       		.uleb128 0xb
 588 0085 49       		.uleb128 0x49
 589 0086 13       		.uleb128 0x13
 590 0087 00       		.byte	0
 591 0088 00       		.byte	0
 592 0089 0C       		.uleb128 0xc
 593 008a 2E       		.uleb128 0x2e
 594 008b 00       		.byte	0
 595 008c 3F       		.uleb128 0x3f
 596 008d 19       		.uleb128 0x19
 597 008e 03       		.uleb128 0x3
 598 008f 0E       		.uleb128 0xe
 599 0090 3A       		.uleb128 0x3a
 600 0091 0B       		.uleb128 0xb
 601 0092 3B       		.uleb128 0x3b
 602 0093 0B       		.uleb128 0xb
 603 0094 27       		.uleb128 0x27
 604 0095 19       		.uleb128 0x19
 605 0096 11       		.uleb128 0x11
 606 0097 01       		.uleb128 0x1
 607 0098 12       		.uleb128 0x12
 608 0099 06       		.uleb128 0x6
 609 009a 40       		.uleb128 0x40
 610 009b 18       		.uleb128 0x18
 611 009c 9742     		.uleb128 0x2117
 612 009e 19       		.uleb128 0x19
 613 009f 00       		.byte	0
 614 00a0 00       		.byte	0
 615 00a1 0D       		.uleb128 0xd
 616 00a2 26       		.uleb128 0x26
 617 00a3 00       		.byte	0
 618 00a4 49       		.uleb128 0x49
 619 00a5 13       		.uleb128 0x13
 620 00a6 00       		.byte	0
 621 00a7 00       		.byte	0
 622 00a8 0E       		.uleb128 0xe
 623 00a9 34       		.uleb128 0x34
 624 00aa 00       		.byte	0
 625 00ab 03       		.uleb128 0x3
 626 00ac 0E       		.uleb128 0xe
 627 00ad 3A       		.uleb128 0x3a
 628 00ae 0B       		.uleb128 0xb
 629 00af 3B       		.uleb128 0x3b
 630 00b0 0B       		.uleb128 0xb
 631 00b1 49       		.uleb128 0x49
ARM GAS  C:\Users\Art\AppData\Local\Temp\cco1aBsa.s 			page 14


 632 00b2 13       		.uleb128 0x13
 633 00b3 3F       		.uleb128 0x3f
 634 00b4 19       		.uleb128 0x19
 635 00b5 02       		.uleb128 0x2
 636 00b6 18       		.uleb128 0x18
 637 00b7 00       		.byte	0
 638 00b8 00       		.byte	0
 639 00b9 00       		.byte	0
 640              		.section	.debug_aranges,"",%progbits
 641 0000 1C000000 		.4byte	0x1c
 642 0004 0200     		.2byte	0x2
 643 0006 00000000 		.4byte	.Ldebug_info0
 644 000a 04       		.byte	0x4
 645 000b 00       		.byte	0
 646 000c 0000     		.2byte	0
 647 000e 0000     		.2byte	0
 648 0010 00000000 		.4byte	.LFB2
 649 0014 02000000 		.4byte	.LFE2-.LFB2
 650 0018 00000000 		.4byte	0
 651 001c 00000000 		.4byte	0
 652              		.section	.debug_ranges,"",%progbits
 653              	.Ldebug_ranges0:
 654 0000 00000000 		.4byte	.LFB2
 655 0004 02000000 		.4byte	.LFE2
 656 0008 00000000 		.4byte	0
 657 000c 00000000 		.4byte	0
 658              		.section	.debug_line,"",%progbits
 659              	.Ldebug_line0:
 660 0000 92000000 		.section	.debug_str,"MS",%progbits,1
 660      02007900 
 660      00000201 
 660      FB0E0D00 
 660      01010101 
 661              	.LASF23:
 662 0000 4359424C 		.ascii	"CYBLE_EVT_GAP_PASSKEY_ENTRY_REQUEST\000"
 662      455F4556 
 662      545F4741 
 662      505F5041 
 662      53534B45 
 663              	.LASF58:
 664 0024 4359424C 		.ascii	"CYBLE_EVT_GATTC_WRITE_RSP\000"
 664      455F4556 
 664      545F4741 
 664      5454435F 
 664      57524954 
 665              	.LASF96:
 666 003e 443A5C50 		.ascii	"D:\\ProjektSeminarSoftwareSysteme\\bleapp-master\\P"
 666      726F6A65 
 666      6B745365 
 666      6D696E61 
 666      72536F66 
 667 006e 536F435F 		.ascii	"SoC_Creator\\capsenseled\\capsenseled.cydsn\000"
 667      43726561 
 667      746F725C 
 667      63617073 
 667      656E7365 
 668              	.LASF20:
ARM GAS  C:\Users\Art\AppData\Local\Temp\cco1aBsa.s 			page 15


 669 0098 4359424C 		.ascii	"CYBLE_EVT_MEMORY_REQUEST\000"
 669      455F4556 
 669      545F4D45 
 669      4D4F5259 
 669      5F524551 
 670              	.LASF45:
 671 00b1 4359424C 		.ascii	"CYBLE_EVT_GATTC_ERROR_RSP\000"
 671      455F4556 
 671      545F4741 
 671      5454435F 
 671      4552524F 
 672              	.LASF29:
 673 00cb 4359424C 		.ascii	"CYBLE_EVT_GAP_DEVICE_DISCONNECTED\000"
 673      455F4556 
 673      545F4741 
 673      505F4445 
 673      56494345 
 674              	.LASF35:
 675 00ed 4359424C 		.ascii	"CYBLE_EVT_GAP_KEYPRESS_NOTIFICATION\000"
 675      455F4556 
 675      545F4741 
 675      505F4B45 
 675      59505245 
 676              	.LASF2:
 677 0111 73686F72 		.ascii	"short int\000"
 677      7420696E 
 677      7400
 678              	.LASF26:
 679 011b 4359424C 		.ascii	"CYBLE_EVT_GAP_AUTH_FAILED\000"
 679      455F4556 
 679      545F4741 
 679      505F4155 
 679      54485F46 
 680              	.LASF47:
 681 0135 4359424C 		.ascii	"CYBLE_EVT_GATT_DISCONNECT_IND\000"
 681      455F4556 
 681      545F4741 
 681      54545F44 
 681      4953434F 
 682              	.LASF13:
 683 0153 73697A65 		.ascii	"sizetype\000"
 683      74797065 
 683      00
 684              	.LASF37:
 685 015c 4359424C 		.ascii	"CYBLE_EVT_GAP_DATA_LENGTH_CHANGE\000"
 685      455F4556 
 685      545F4741 
 685      505F4441 
 685      54415F4C 
 686              	.LASF6:
 687 017d 6C6F6E67 		.ascii	"long long int\000"
 687      206C6F6E 
 687      6720696E 
 687      7400
 688              	.LASF91:
 689 018b 63757374 		.ascii	"customServHandle\000"
 689      6F6D5365 
ARM GAS  C:\Users\Art\AppData\Local\Temp\cco1aBsa.s 			page 16


 689      72764861 
 689      6E646C65 
 689      00
 690              	.LASF18:
 691 019c 4359424C 		.ascii	"CYBLE_EVT_HCI_STATUS\000"
 691      455F4556 
 691      545F4843 
 691      495F5354 
 691      41545553 
 692              	.LASF97:
 693 01b1 4379426C 		.ascii	"CyBle_CustomInit\000"
 693      655F4375 
 693      73746F6D 
 693      496E6974 
 693      00
 694              	.LASF15:
 695 01c2 4359424C 		.ascii	"CYBLE_EVT_STACK_ON\000"
 695      455F4556 
 695      545F5354 
 695      41434B5F 
 695      4F4E00
 696              	.LASF44:
 697 01d5 4359424C 		.ascii	"CYBLE_EVT_GAP_SMP_LOC_P256_KEYS_GEN_AND_SET_COMPLET"
 697      455F4556 
 697      545F4741 
 697      505F534D 
 697      505F4C4F 
 698 0208 4500     		.ascii	"E\000"
 699              	.LASF48:
 700 020a 4359424C 		.ascii	"CYBLE_EVT_GATTS_XCNHG_MTU_REQ\000"
 700      455F4556 
 700      545F4741 
 700      5454535F 
 700      58434E48 
 701              	.LASF94:
 702 0228 474E5520 		.ascii	"GNU C11 5.4.1 20160609 (release) [ARM/embedded-5-br"
 702      43313120 
 702      352E342E 
 702      31203230 
 702      31363036 
 703 025b 616E6368 		.ascii	"anch revision 237715] -mcpu=cortex-m0 -mthumb -g -O"
 703      20726576 
 703      6973696F 
 703      6E203233 
 703      37373135 
 704 028e 67202D66 		.ascii	"g -ffunction-sections -ffat-lto-objects\000"
 704      66756E63 
 704      74696F6E 
 704      2D736563 
 704      74696F6E 
 705              	.LASF89:
 706 02b6 63757374 		.ascii	"customServCharDesc\000"
 706      6F6D5365 
 706      72764368 
 706      61724465 
 706      736300
 707              	.LASF56:
ARM GAS  C:\Users\Art\AppData\Local\Temp\cco1aBsa.s 			page 17


 708 02c9 4359424C 		.ascii	"CYBLE_EVT_GATTC_READ_MULTI_RSP\000"
 708      455F4556 
 708      545F4741 
 708      5454435F 
 708      52454144 
 709              	.LASF65:
 710 02e8 4359424C 		.ascii	"CYBLE_EVT_GATTS_HANDLE_VALUE_CNF\000"
 710      455F4556 
 710      545F4741 
 710      5454535F 
 710      48414E44 
 711              	.LASF14:
 712 0309 4359424C 		.ascii	"CYBLE_EVT_HOST_INVALID\000"
 712      455F4556 
 712      545F484F 
 712      53545F49 
 712      4E56414C 
 713              	.LASF73:
 714 0320 4359424C 		.ascii	"CYBLE_EVT_L2CAP_CBFC_CONN_IND\000"
 714      455F4556 
 714      545F4C32 
 714      4341505F 
 714      43424643 
 715              	.LASF76:
 716 033e 4359424C 		.ascii	"CYBLE_EVT_L2CAP_CBFC_DISCONN_CNF\000"
 716      455F4556 
 716      545F4C32 
 716      4341505F 
 716      43424643 
 717              	.LASF9:
 718 035f 666C6F61 		.ascii	"float\000"
 718      7400
 719              	.LASF54:
 720 0365 4359424C 		.ascii	"CYBLE_EVT_GATTC_READ_RSP\000"
 720      455F4556 
 720      545F4741 
 720      5454435F 
 720      52454144 
 721              	.LASF34:
 722 037e 4359424C 		.ascii	"CYBLE_EVT_GAP_NUMERIC_COMPARISON_REQUEST\000"
 722      455F4556 
 722      545F4741 
 722      505F4E55 
 722      4D455249 
 723              	.LASF39:
 724 03a7 4359424C 		.ascii	"CYBLE_EVT_GAPC_DIRECT_ADV_REPORT\000"
 724      455F4556 
 724      545F4741 
 724      50435F44 
 724      49524543 
 725              	.LASF7:
 726 03c8 6C6F6E67 		.ascii	"long long unsigned int\000"
 726      206C6F6E 
 726      6720756E 
 726      7369676E 
 726      65642069 
 727              	.LASF90:
ARM GAS  C:\Users\Art\AppData\Local\Temp\cco1aBsa.s 			page 18


 728 03df 4359424C 		.ascii	"CYBLE_CUSTOMS_INFO_T\000"
 728      455F4355 
 728      53544F4D 
 728      535F494E 
 728      464F5F54 
 729              	.LASF43:
 730 03f4 4359424C 		.ascii	"CYBLE_EVT_GAP_AUTH_REQ_REPLY_ERR\000"
 730      455F4556 
 730      545F4741 
 730      505F4155 
 730      54485F52 
 731              	.LASF4:
 732 0415 6C6F6E67 		.ascii	"long int\000"
 732      20696E74 
 732      00
 733              	.LASF64:
 734 041e 4359424C 		.ascii	"CYBLE_EVT_GATTC_HANDLE_VALUE_IND\000"
 734      455F4556 
 734      545F4741 
 734      5454435F 
 734      48414E44 
 735              	.LASF28:
 736 043f 4359424C 		.ascii	"CYBLE_EVT_GAP_DEVICE_CONNECTED\000"
 736      455F4556 
 736      545F4741 
 736      505F4445 
 736      56494345 
 737              	.LASF27:
 738 045e 4359424C 		.ascii	"CYBLE_EVT_GAPP_ADVERTISEMENT_START_STOP\000"
 738      455F4556 
 738      545F4741 
 738      50505F41 
 738      44564552 
 739              	.LASF63:
 740 0486 4359424C 		.ascii	"CYBLE_EVT_GATTC_HANDLE_VALUE_NTF\000"
 740      455F4556 
 740      545F4741 
 740      5454435F 
 740      48414E44 
 741              	.LASF19:
 742 04a7 4359424C 		.ascii	"CYBLE_EVT_STACK_BUSY_STATUS\000"
 742      455F4556 
 742      545F5354 
 742      41434B5F 
 742      42555359 
 743              	.LASF24:
 744 04c3 4359424C 		.ascii	"CYBLE_EVT_GAP_PASSKEY_DISPLAY_REQUEST\000"
 744      455F4556 
 744      545F4741 
 744      505F5041 
 744      53534B45 
 745              	.LASF93:
 746 04e9 4359424C 		.ascii	"CYBLE_CUSTOMS_T\000"
 746      455F4355 
 746      53544F4D 
 746      535F5400 
 747              	.LASF74:
ARM GAS  C:\Users\Art\AppData\Local\Temp\cco1aBsa.s 			page 19


 748 04f9 4359424C 		.ascii	"CYBLE_EVT_L2CAP_CBFC_CONN_CNF\000"
 748      455F4556 
 748      545F4C32 
 748      4341505F 
 748      43424643 
 749              	.LASF38:
 750 0517 4359424C 		.ascii	"CYBLE_EVT_GAP_ENHANCE_CONN_COMPLETE\000"
 750      455F4556 
 750      545F4741 
 750      505F454E 
 750      48414E43 
 751              	.LASF12:
 752 053b 6C6F6E67 		.ascii	"long double\000"
 752      20646F75 
 752      626C6500 
 753              	.LASF70:
 754 0547 4359424C 		.ascii	"CYBLE_EVT_L2CAP_CONN_PARAM_UPDATE_REQ\000"
 754      455F4556 
 754      545F4C32 
 754      4341505F 
 754      434F4E4E 
 755              	.LASF1:
 756 056d 756E7369 		.ascii	"unsigned char\000"
 756      676E6564 
 756      20636861 
 756      7200
 757              	.LASF92:
 758 057b 63757374 		.ascii	"customServInfo\000"
 758      6F6D5365 
 758      7276496E 
 758      666F00
 759              	.LASF60:
 760 058a 4359424C 		.ascii	"CYBLE_EVT_GATTS_PREP_WRITE_REQ\000"
 760      455F4556 
 760      545F4741 
 760      5454535F 
 760      50524550 
 761              	.LASF82:
 762 05a9 4359424C 		.ascii	"CYBLE_EVT_LE_PING_AUTH_TIMEOUT\000"
 762      455F4556 
 762      545F4C45 
 762      5F50494E 
 762      475F4155 
 763              	.LASF52:
 764 05c8 4359424C 		.ascii	"CYBLE_EVT_GATTC_FIND_INFO_RSP\000"
 764      455F4556 
 764      545F4741 
 764      5454435F 
 764      46494E44 
 765              	.LASF0:
 766 05e6 7369676E 		.ascii	"signed char\000"
 766      65642063 
 766      68617200 
 767              	.LASF57:
 768 05f2 4359424C 		.ascii	"CYBLE_EVT_GATTS_WRITE_REQ\000"
 768      455F4556 
 768      545F4741 
ARM GAS  C:\Users\Art\AppData\Local\Temp\cco1aBsa.s 			page 20


 768      5454535F 
 768      57524954 
 769              	.LASF53:
 770 060c 4359424C 		.ascii	"CYBLE_EVT_GATTC_FIND_BY_TYPE_VALUE_RSP\000"
 770      455F4556 
 770      545F4741 
 770      5454435F 
 770      46494E44 
 771              	.LASF25:
 772 0633 4359424C 		.ascii	"CYBLE_EVT_GAP_AUTH_COMPLETE\000"
 772      455F4556 
 772      545F4741 
 772      505F4155 
 772      54485F43 
 773              	.LASF8:
 774 064f 756E7369 		.ascii	"unsigned int\000"
 774      676E6564 
 774      20696E74 
 774      00
 775              	.LASF46:
 776 065c 4359424C 		.ascii	"CYBLE_EVT_GATT_CONNECT_IND\000"
 776      455F4556 
 776      545F4741 
 776      54545F43 
 776      4F4E4E45 
 777              	.LASF5:
 778 0677 6C6F6E67 		.ascii	"long unsigned int\000"
 778      20756E73 
 778      69676E65 
 778      6420696E 
 778      7400
 779              	.LASF22:
 780 0689 4359424C 		.ascii	"CYBLE_EVT_GAP_AUTH_REQ\000"
 780      455F4556 
 780      545F4741 
 780      505F4155 
 780      54485F52 
 781              	.LASF75:
 782 06a0 4359424C 		.ascii	"CYBLE_EVT_L2CAP_CBFC_DISCONN_IND\000"
 782      455F4556 
 782      545F4C32 
 782      4341505F 
 782      43424643 
 783              	.LASF30:
 784 06c1 4359424C 		.ascii	"CYBLE_EVT_GAP_ENCRYPT_CHANGE\000"
 784      455F4556 
 784      545F4741 
 784      505F454E 
 784      43525950 
 785              	.LASF41:
 786 06de 4359424C 		.ascii	"CYBLE_EVT_GAP_CONN_ESTB\000"
 786      455F4556 
 786      545F4741 
 786      505F434F 
 786      4E4E5F45 
 787              	.LASF69:
 788 06f6 4359424C 		.ascii	"CYBLE_EVT_GATTC_LONG_PROCEDURE_END\000"
ARM GAS  C:\Users\Art\AppData\Local\Temp\cco1aBsa.s 			page 21


 788      455F4556 
 788      545F4741 
 788      5454435F 
 788      4C4F4E47 
 789              	.LASF33:
 790 0719 4359424C 		.ascii	"CYBLE_EVT_GAP_KEYINFO_EXCHNGE_CMPLT\000"
 790      455F4556 
 790      545F4741 
 790      505F4B45 
 790      59494E46 
 791              	.LASF84:
 792 073d 4359424C 		.ascii	"CYBLE_EVT_FLASH_CORRUPT\000"
 792      455F4556 
 792      545F464C 
 792      4153485F 
 792      434F5252 
 793              	.LASF31:
 794 0755 4359424C 		.ascii	"CYBLE_EVT_GAP_CONNECTION_UPDATE_COMPLETE\000"
 794      455F4556 
 794      545F4741 
 794      505F434F 
 794      4E4E4543 
 795              	.LASF40:
 796 077e 4359424C 		.ascii	"CYBLE_EVT_GAP_SMP_NEGOTIATED_AUTH_INFO\000"
 796      455F4556 
 796      545F4741 
 796      505F534D 
 796      505F4E45 
 797              	.LASF11:
 798 07a5 63686172 		.ascii	"char\000"
 798      00
 799              	.LASF72:
 800 07aa 4359424C 		.ascii	"CYBLE_EVT_L2CAP_COMMAND_REJ\000"
 800      455F4556 
 800      545F4C32 
 800      4341505F 
 800      434F4D4D 
 801              	.LASF3:
 802 07c6 73686F72 		.ascii	"short unsigned int\000"
 802      7420756E 
 802      7369676E 
 802      65642069 
 802      6E7400
 803              	.LASF95:
 804 07d9 47656E65 		.ascii	"Generated_Source\\PSoC4\\ble_custom.c\000"
 804      72617465 
 804      645F536F 
 804      75726365 
 804      5C50536F 
 805              	.LASF86:
 806 07fd 75696E74 		.ascii	"uint16\000"
 806      313600
 807              	.LASF55:
 808 0804 4359424C 		.ascii	"CYBLE_EVT_GATTC_READ_BLOB_RSP\000"
 808      455F4556 
 808      545F4741 
 808      5454435F 
ARM GAS  C:\Users\Art\AppData\Local\Temp\cco1aBsa.s 			page 22


 808      52454144 
 809              	.LASF62:
 810 0822 4359424C 		.ascii	"CYBLE_EVT_GATTC_EXEC_WRITE_RSP\000"
 810      455F4556 
 810      545F4741 
 810      5454435F 
 810      45584543 
 811              	.LASF32:
 812 0841 4359424C 		.ascii	"CYBLE_EVT_GAPC_SCAN_START_STOP\000"
 812      455F4556 
 812      545F4741 
 812      50435F53 
 812      43414E5F 
 813              	.LASF81:
 814 0860 4359424C 		.ascii	"CYBLE_EVT_PENDING_FLASH_WRITE\000"
 814      455F4556 
 814      545F5045 
 814      4E44494E 
 814      475F464C 
 815              	.LASF78:
 816 087e 4359424C 		.ascii	"CYBLE_EVT_L2CAP_CBFC_RX_CREDIT_IND\000"
 816      455F4556 
 816      545F4C32 
 816      4341505F 
 816      43424643 
 817              	.LASF10:
 818 08a1 646F7562 		.ascii	"double\000"
 818      6C6500
 819              	.LASF79:
 820 08a8 4359424C 		.ascii	"CYBLE_EVT_L2CAP_CBFC_TX_CREDIT_IND\000"
 820      455F4556 
 820      545F4C32 
 820      4341505F 
 820      43424643 
 821              	.LASF88:
 822 08cb 63757374 		.ascii	"customServCharHandle\000"
 822      6F6D5365 
 822      72764368 
 822      61724861 
 822      6E646C65 
 823              	.LASF42:
 824 08e0 4359424C 		.ascii	"CYBLE_EVT_GAP_SCAN_REQ_RECVD\000"
 824      455F4556 
 824      545F4741 
 824      505F5343 
 824      414E5F52 
 825              	.LASF17:
 826 08fd 4359424C 		.ascii	"CYBLE_EVT_HARDWARE_ERROR\000"
 826      455F4556 
 826      545F4841 
 826      52445741 
 826      52455F45 
 827              	.LASF77:
 828 0916 4359424C 		.ascii	"CYBLE_EVT_L2CAP_CBFC_DATA_READ\000"
 828      455F4556 
 828      545F4C32 
 828      4341505F 
ARM GAS  C:\Users\Art\AppData\Local\Temp\cco1aBsa.s 			page 23


 828      43424643 
 829              	.LASF71:
 830 0935 4359424C 		.ascii	"CYBLE_EVT_L2CAP_CONN_PARAM_UPDATE_RSP\000"
 830      455F4556 
 830      545F4C32 
 830      4341505F 
 830      434F4E4E 
 831              	.LASF21:
 832 095b 4359424C 		.ascii	"CYBLE_EVT_GAPC_SCAN_PROGRESS_RESULT\000"
 832      455F4556 
 832      545F4741 
 832      50435F53 
 832      43414E5F 
 833              	.LASF50:
 834 097f 4359424C 		.ascii	"CYBLE_EVT_GATTC_READ_BY_GROUP_TYPE_RSP\000"
 834      455F4556 
 834      545F4741 
 834      5454435F 
 834      52454144 
 835              	.LASF59:
 836 09a6 4359424C 		.ascii	"CYBLE_EVT_GATTS_WRITE_CMD_REQ\000"
 836      455F4556 
 836      545F4741 
 836      5454535F 
 836      57524954 
 837              	.LASF51:
 838 09c4 4359424C 		.ascii	"CYBLE_EVT_GATTC_READ_BY_TYPE_RSP\000"
 838      455F4556 
 838      545F4741 
 838      5454435F 
 838      52454144 
 839              	.LASF49:
 840 09e5 4359424C 		.ascii	"CYBLE_EVT_GATTC_XCHNG_MTU_RSP\000"
 840      455F4556 
 840      545F4741 
 840      5454435F 
 840      5843484E 
 841              	.LASF80:
 842 0a03 4359424C 		.ascii	"CYBLE_EVT_L2CAP_CBFC_DATA_WRITE_IND\000"
 842      455F4556 
 842      545F4C32 
 842      4341505F 
 842      43424643 
 843              	.LASF16:
 844 0a27 4359424C 		.ascii	"CYBLE_EVT_TIMEOUT\000"
 844      455F4556 
 844      545F5449 
 844      4D454F55 
 844      5400
 845              	.LASF85:
 846 0a39 4359424C 		.ascii	"CYBLE_EVT_MAX\000"
 846      455F4556 
 846      545F4D41 
 846      5800
 847              	.LASF68:
 848 0a47 4359424C 		.ascii	"CYBLE_EVT_GATTS_READ_CHAR_VAL_ACCESS_REQ\000"
 848      455F4556 
ARM GAS  C:\Users\Art\AppData\Local\Temp\cco1aBsa.s 			page 24


 848      545F4741 
 848      5454535F 
 848      52454144 
 849              	.LASF67:
 850 0a70 4359424C 		.ascii	"CYBLE_EVT_GATTC_STOP_CMD_COMPLETE\000"
 850      455F4556 
 850      545F4741 
 850      5454435F 
 850      53544F50 
 851              	.LASF61:
 852 0a92 4359424C 		.ascii	"CYBLE_EVT_GATTS_EXEC_WRITE_REQ\000"
 852      455F4556 
 852      545F4741 
 852      5454535F 
 852      45584543 
 853              	.LASF87:
 854 0ab1 4359424C 		.ascii	"CYBLE_GATT_DB_ATTR_HANDLE_T\000"
 854      455F4741 
 854      54545F44 
 854      425F4154 
 854      54525F48 
 855              	.LASF98:
 856 0acd 6379426C 		.ascii	"cyBle_customs\000"
 856      655F6375 
 856      73746F6D 
 856      7300
 857              	.LASF66:
 858 0adb 4359424C 		.ascii	"CYBLE_EVT_GATTS_DATA_SIGNED_CMD_REQ\000"
 858      455F4556 
 858      545F4741 
 858      5454535F 
 858      44415441 
 859              	.LASF83:
 860 0aff 4359424C 		.ascii	"CYBLE_EVT_HCI_PKT\000"
 860      455F4556 
 860      545F4843 
 860      495F504B 
 860      5400
 861              	.LASF36:
 862 0b11 4359424C 		.ascii	"CYBLE_EVT_GAP_OOB_GENERATED_NOTIFICATION\000"
 862      455F4556 
 862      545F4741 
 862      505F4F4F 
 862      425F4745 
 863              		.ident	"GCC: (GNU Tools for ARM Embedded Processors) 5.4.1 20160609 (release) [ARM/embedded-5-bran
